




<!DOCTYPE html>
<html>
<head>
	<meta charset='UTF-8' /> 
	<meta name='description' content='' />
	<meta name='robots' content='noodp, noydir' />
	<meta name='viewport' content='width=device-width, initial-scale=1' />
	<meta id="timeStampFormat" name="timeStampFormat" content='MMM d, yyyy hh:mm:ss a'/>
	
        <link href='http://fonts.googleapis.com/css?family=Source+Sans+Pro:400,600' rel='stylesheet' type='text/css' />
        <link href="http://fonts.googleapis.com/icon?family=Material+Icons" rel="stylesheet" />
        <link href='http://cdn.jsdelivr.net/gh/extent-framework/extent-github-cdn@ff53917fbbdb5ef820abbbe4d199a6942dc771ff/v3html/css/extent.css' type='text/css' rel='stylesheet' />
	
	<title></title>

	<style type='text/css'>
		/* json-tree */
		.jstBracket,.jstComma,.jstValue{white-space:pre-wrap}.jstValue{font-size:10px;font-weight:400;font-family:"Lucida Console",Monaco,monospace}.jstProperty{color:#666;word-wrap:break-word}.jstBool{color:#2525CC}.jstNum{color:#D036D0}.jstNull{color:gray}.jstStr{color:#2DB669}.jstFold:after{content:' -';cursor:pointer}.jstExpand{white-space:normal}.jstExpand:after{content:' +';cursor:pointer}.jstFolded{white-space:normal!important}.jstHiddenBlock{display:none}
			
	</style>
	
	<script type="text/javascript">
		/*! json-tree - v0.2.2 - 2017-09-25, MIT LICENSE */
		var JSONTree=function(){var n={"&":"&amp;","<":"&lt;",">":"&gt;",'"':"&quot;","'":"&#x27;","/":"&#x2F;"},t=0,r=0;this.create=function(n,t){return r+=1,N(u(n,0,!1),{class:"jstValue"})};var e=function(t){return t.replace(/[&<>'"]/g,function(t){return n[t]})},s=function(){return r+"_"+t++},u=function(n,t,r){if(null===n)return f(r?t:0);switch(typeof n){case"boolean":return l(n,r?t:0);case"number":return i(n,r?t:0);case"string":return o(n,r?t:0);default:return n instanceof Array?a(n,t,r):c(n,t,r)}},c=function(n,t,r){var e=s(),u=Object.keys(n).map(function(r){return j(r,n[r],t+1,!0)}).join(m()),c=[g("{",r?t:0,e),N(u,{id:e}),p("}",t)].join("\n");return N(c,{})},a=function(n,t,r){var e=s(),c=n.map(function(n){return u(n,t+1,!0)}).join(m());return[g("[",r?t:0,e),N(c,{id:e}),p("]",t)].join("\n")},o=function(n,t){var r=e(JSON.stringify(n));return N(v(r,t),{class:"jstStr"})},i=function(n,t){return N(v(n,t),{class:"jstNum"})},l=function(n,t){return N(v(n,t),{class:"jstBool"})},f=function(n){return N(v("null",n),{class:"jstNull"})},j=function(n,t,r){var s=v(e(JSON.stringify(n))+": ",r),c=N(u(t,r,!1),{});return N(s+c,{class:"jstProperty"})},m=function(){return N(",\n",{class:"jstComma"})},N=function(n,t){return d("span",t,n)},d=function(n,t,r){return"<"+n+Object.keys(t).map(function(n){return" "+n+'="'+t[n]+'"'}).join("")+">"+r+"</"+n+">"},g=function(n,t,r){return N(v(n,t),{class:"jstBracket"})+N("",{class:"jstFold",onclick:"JSONTree.toggle('"+r+"')"})};this.toggle=function(n){var t=document.getElementById(n),r=t.parentNode,e=t.previousElementSibling;""===t.className?(t.className="jstHiddenBlock",r.className="jstFolded",e.className="jstExpand"):(t.className="",r.className="",e.className="jstFold")};var p=function(n,t){return N(v(n,t),{})},v=function(n,t){return Array(2*t+1).join(" ")+n};return this}();
	</script>
</head>
	<body class='extent standard default hide-overflow bdd-report'>
		<div id='theme-selector' alt='Click to toggle theme. To enable by default, use theme configuration.' title='Click to toggle theme. To enable by default, use theme configuration.'>
			<span><i class='material-icons'>desktop_windows</i></span>
		</div>
<nav>
	<div class="nav-wrapper">
        <a href="#!" class="brand-logo black"><img src="http://cdn.jsdelivr.net/gh/extent-framework/extent-github-cdn@ff53917fbbdb5ef820abbbe4d199a6942dc771ff/commons/img/logo.png"></a>
		<!-- slideout menu -->
		<ul id='slide-out' class='side-nav fixed hide-on-med-and-down'>
			<li class='waves-effect active'><a href='#!' view='test-view' onclick="configureView(0);chartsView('test');"><i class='material-icons'>dashboard</i></a></li>
			<li class='waves-effect'><a href='#!' view='category-view' onclick="configureView(1)"><i class='material-icons'>label_outline</i></a></li>
			<li class='waves-effect'><a href='#!' view='exception-view' onclick="configureView(2)"><i class='material-icons'>bug_report</i></a></li>
			<li class='waves-effect'><a href='#!' onclick="configureView(-1);chartsView('dashboard');" view='dashboard-view'><i class='material-icons'>track_changes</i></a></li>
		</ul>
		<!-- report name -->
		<span class='report-name'></span>
		<!-- report headline -->
		<span class='report-headline'></span>
		<!-- nav-right -->
		<ul id='nav-mobile' class='right hide-on-med-and-down nav-right'>
			<a href='#!'>
			<span class='label blue darken-3 suite-start-time'>Mar 11, 2024 06:24:39 pm</span>
			</a>
		</ul>
	</div>
</nav>		<!-- container -->
		<div class='container'>
<div id='test-view' class='view'>
	<section id='controls'>
		<div class='controls grey lighten-4'>
			<!-- test toggle -->
			<div class='chip transparent'>
				<a class='dropdown-button tests-toggle' data-activates='tests-toggle' data-constrainwidth='true' data-beloworigin='true' data-hover='true' href='#'>
				<i class='material-icons'>warning</i> Status
				</a>
				<ul id='tests-toggle' class='dropdown-content'>
										<li status='pass'><a href='#!'>Pass <i class='material-icons green-text'>check_circle</i></a></li>
					<li status='fail'><a href='#!'>Fail <i class='material-icons red-text'>cancel</i></a></li>
					<li class='divider'></li>
					<li status='clear' clear='true'><a href='#!'>Clear Filters <i class='material-icons'>clear</i></a></li>
				</ul>
			</div>
			<!-- test toggle -->
			<!-- category toggle -->
			<div class='chip transparent'>
				<a class='dropdown-button category-toggle' data-activates='category-toggle' data-constrainwidth='false' data-beloworigin='true' data-hover='true' href='#'>
				<i class='material-icons'>local_offer</i> Category
				</a>
				<ul id='category-toggle' class='dropdown-content'>
					<li><a href='#'>@Contactusverify</a></li>
					<li><a href='#'>@HomePageMenu</a></li>
					<li><a href='#'>@snacks</a></li>
					<li><a href='#'>@split[flat-white:off]</a></li>
					<li><a href='#'>@Contactus</a></li>
					<li><a href='#'>@pract</a></li>
					<li><a href='#'>@HomePage</a></li>
					<li><a href='#'>@wild</a></li>
					<li><a href='#'>@split[flat-white:on]</a></li>
					<li><a href='#'>@animal</a></li>
					<li class='divider'></li>
					<li class='clear'><a href='#!' clear='true'>Clear Filters</a></li>
				</ul>
			</div>
			<!-- category toggle -->
			<!-- clear filters -->
			<div class='chip transparent hide'>
				<a class='' id='clear-filters' alt='Clear Filters' title='Clear Filters'>
				<i class='material-icons'>close</i> Clear
				</a>
			</div>
			<!-- clear filters -->
			<!-- enable dashboard -->
			<div id='toggle-test-view-charts' class='chip transparent'>
				<a class='pink-text' id='enable-dashboard' alt='Enable Dashboard' title='Enable Dashboard'>
				<i class='material-icons'>track_changes</i> Dashboard
				</a>
			</div>
			<!-- enable dashboard -->
			<!-- search -->
			<div class='chip transparent' alt='Search Tests' title='Search Tests'>
				<a href="#" class='search-div'>
				<i class='material-icons'>search</i> Search
				</a>
				<div class='input-field left hide'>
					<input id='search-tests' type='text' class='validate browser-default' placeholder='Search Tests...'>
				</div>
			</div>
			<!-- search -->
		</div>
	</section>

<div id='test-view-charts' class='subview-full'>
    <div id='charts-row' class='row nm-v nm-h'>
        <div class='col s12 m4 l4 np-h'>
            <div class='card-panel nm-v'>
                <div class='left panel-name'>Features</div>
                <div class='chart-box' style="max-height:94px;">
                    <canvas id='parent-analysis' width='90' height='70'></canvas>
                </div>
                <div class='block text-small'>
                    <span class='tooltipped' data-position='top' data-tooltip='$25%'>
                    <span class='strong'>1</span> features passed</span>
                </div>
                <div class='block text-small'>
                    <span class='strong tooltipped' data-position='top' data-tooltip='75%'>
                    3</span> features failed, 
                    <span class='strong tooltipped' data-position='top' data-tooltip='0%'>
                    0</span> skipped
                </div>
            </div>
        </div>
        <div class='col s12 m4 l4 np-h'>
            <div class='card-panel nm-v'>
                <div class='left panel-name'>Scenarios</div>
                <div class='chart-box' style="max-height:94px;">
                    <canvas id='child-analysis' width='90' height='70'></canvas>
                </div>
                <div class='block text-small'>
                    <span class='tooltipped' data-position='top' data-tooltip='58%'>
                    <span class='strong'>7</span> scenarios passed</span>
                </div>
                <div class='block text-small'>
                    <span class='strong tooltipped' data-position='top' data-tooltip='41%'>
                    5</span> scenarios failed, 
                    <span class='strong tooltipped' data-position='top' data-tooltip='0%'>
                    0</span> skipped, 
                    <span class='strong tooltipped' data-position='top' data-tooltip='0%'>
                    0</span> others
                </div>
            </div>
        </div>
        <div class='col s12 m4 l4 np-h'>
            <div class='card-panel nm-v'>
                <div class='left panel-name'>Steps</div>
                <div class='chart-box' style="max-height:94px;">
                    <canvas id='grandchild-analysis' width='90' height='70'></canvas>
                </div>
                <div class='block text-small'>
                    <span class='tooltipped' data-position='top' data-tooltip='78%'>
                    <span class='strong'>84</span> steps passed</span>
                </div>
                <div class='block text-small'>
                    <span class='strong tooltipped' data-position='top' data-tooltip='6%'>
                    7</span> steps failed, 
                    <span class='strong tooltipped' data-position='top' data-tooltip='14%'>
                    16</span> skipped, 
                    <span class='strong tooltipped' data-position='top' data-tooltip='0%'>
                    0</span> others
                </div>
            </div>
        </div>
    </div>
    <div id="timeline-chart" class="row nm-v nm-h">
        <div class="col s12 m12 l12 np-h">
            <div class="card-panel">
                <div class='left panel-name'>Timeline (seconds)</div>
                <div class="chart-box" style="width:98%;max-height:145px;">
                    <canvas id="timeline" height="120"></canvas>
                </div>
            </div>
        </div>
    </div>
</div>	
	<div class='subview-left left'>
		<div class='view-summary'>
			<ul id='test-collection' class='test-collection'>
				<li class='test displayed active has-leaf fail' status='fail' bdd='true' test-id='1'>
					<div class='test-heading'>
						<span class='test-name'>Contact us feature verification</span>
						<span class='test-time'>Mar 11, 2024 06:24:39 pm</span>
						<span class='test-status right fail'>Fail</span>
					</div>
					<div class='test-content hide'>
<div class="sr-filters bdd-filters">
	<a class="btn-floating waves-effect waves-light pass green" title="pass"><i class='material-icons'>check_circle</i></a>
	<a class="btn-floating waves-effect waves-light fail red" title="fail"><i class='material-icons'>cancel</i></a>
	<a class="btn-floating waves-effect waves-light skip blue" title="skip"><i class='material-icons'>redo</i></a>
	<a class="btn-floating waves-effect waves-light clear grey" title="clear"><i class='material-icons'>clear</i></a>
</div>

<div class='scenario outline node' test-id='2' status='fail'>

	<span class='duration right label'>00 04 16.529</span>
	<div class="bdd-test">
		<div class="scenario-name"><span class='status fail' title='Fail'><i class='material-icons'>cancel</i></span> Scenario Outline: Contact us</div>
	</div>
	
		<div class='node-desc'><br><br><table class='markup-table table '><tr><td>fullname</td><td></td><td>organization</td><td></td><td>phonenumber</td><td></td><td>email</td><td></td><td>message</td><td></td><td>error</td></tr><tr><td>John</td><td></td><td>Gmail</td><td></td><td>9198789678</td><td></td><td>john@gmail.com</td><td></td><td>1234-A, Mumbai</td><td></td><td>Form has been submitted successfully!</td></tr><tr><td>Jenny</td><td></td><td>Yahoo</td><td></td><td>4556789234</td><td></td><td>jenny@yahoo.com</td><td></td><td></td><td></td><td>Sorry, there was an error submitting the form. Please try again.</td></tr><tr><td>Jenny</td><td></td><td>Yahoo</td><td></td><td>4556789234</td><td></td><td></td><td></td><td></td><td></td><td>Sorry, there was an error submitting the form. Please try again.</td></tr><tr><td>Jenny</td><td></td><td>Yahoo</td><td></td><td></td><td></td><td></td><td></td><td></td><td></td><td>Sorry, there was an error submitting the form. Please try again.</td></tr><tr><td>Jenny</td><td></td><td></td><td></td><td></td><td></td><td></td><td></td><td></td><td></td><td>Sorry, there was an error submitting the form. Please try again.</td></tr><tr><td></td><td></td><td></td><td></td><td></td><td></td><td></td><td></td><td></td><td></td><td>Sorry, there was an error submitting the form. Please try again.</td></tr><tr><td>John</td><td></td><td>Gmail</td><td></td><td>9198789678</td><td></td><td>john@gmail.com</td><td></td><td>1234-A, Mumbai</td><td></td><td>No data found</td></tr></table></div>
	
	
	<ul class='steps'>
		<li test-id='3' class='node scenario Fail' status='Fail'>
			<div class="step-name" title="()"><span class='status fail' title='Fail'><i class='material-icons'>cancel</i></span>Contact us</div>

				<div class='category-list'>
						<span class='category label'>@Contactusverify</span>
						<span class='category label'>@Contactus</span>
				</div>

			<ul class='gc steps'>
				<li test-id='14' class='gc given Fail' status='Fail'>
					<h6 class="step-name" title="steps.HomePageSteps.userAccessTheWebsiteAndVerifyHomePage()"><span class='status fail' title='Fail'><i class='material-icons'>cancel</i></span>Given user access the website and verify home page</h6>

							<textarea disabled class="code-block">org.openqa.selenium.TimeoutException: java.util.concurrent.TimeoutException
Build info: version: '4.17.0', revision: 'e52b1be057*'
System info: os.name: 'Windows 11', os.arch: 'amd64', os.version: '10.0', java.version: '17.0.9'
Driver info: org.openqa.selenium.chrome.ChromeDriver
Command: [ff961e96920a235c53b5e188cf070d06, isElementDisplayed {id=f.88B9606473C0B0E6EDDEDE7146CBDC79.d.674B52A32897597171B837F38E96D1E8.e.87}]
Capabilities {acceptInsecureCerts: false, browserName: chrome, browserVersion: 122.0.6261.112, chrome: {chromedriverVersion: 122.0.6261.111 (9d4c1072da6..., userDataDir: C:\Users\shahn\AppData\Loca...}, fedcm:accounts: true, goog:chromeOptions: {debuggerAddress: localhost:50478}, networkConnectionEnabled: false, pageLoadStrategy: normal, platformName: windows, proxy: Proxy(), se:cdp: ws://localhost:50478/devtoo..., se:cdpVersion: 122.0.6261.112, setWindowRect: true, strictFileInteractability: false, timeouts: {implicit: 0, pageLoad: 300000, script: 30000}, unhandledPromptBehavior: dismiss and notify, webauthn:extension:credBlob: true, webauthn:extension:largeBlob: true, webauthn:extension:minPinLength: true, webauthn:extension:prf: true, webauthn:virtualAuthenticators: true}
Element: [[ChromeDriver: chrome on windows (ff961e96920a235c53b5e188cf070d06)] -> css selector: a[class='logo']]
	at org.openqa.selenium.remote.http.jdk.JdkHttpClient.execute0(JdkHttpClient.java:402)
	at org.openqa.selenium.remote.http.AddSeleniumUserAgent.lambda$apply$0(AddSeleniumUserAgent.java:42)
	at org.openqa.selenium.remote.http.Filter.lambda$andFinally$1(Filter.java:55)
	at org.openqa.selenium.remote.http.jdk.JdkHttpClient.execute(JdkHttpClient.java:358)
	at org.openqa.selenium.remote.HttpCommandExecutor.execute(HttpCommandExecutor.java:187)
	at org.openqa.selenium.remote.service.DriverCommandExecutor.invokeExecute(DriverCommandExecutor.java:216)
	at org.openqa.selenium.remote.service.DriverCommandExecutor.execute(DriverCommandExecutor.java:174)
	at org.openqa.selenium.remote.RemoteWebDriver.execute(RemoteWebDriver.java:519)
	at org.openqa.selenium.remote.RemoteWebElement.execute(RemoteWebElement.java:223)
	at org.openqa.selenium.remote.RemoteWebElement.isDisplayed(RemoteWebElement.java:282)
	at java.base/jdk.internal.reflect.NativeMethodAccessorImpl.invoke0(Native Method)
	at java.base/jdk.internal.reflect.NativeMethodAccessorImpl.invoke(NativeMethodAccessorImpl.java:77)
	at java.base/jdk.internal.reflect.DelegatingMethodAccessorImpl.invoke(DelegatingMethodAccessorImpl.java:43)
	at java.base/java.lang.reflect.Method.invoke(Method.java:568)
	at org.openqa.selenium.support.pagefactory.internal.LocatingElementHandler.invoke(LocatingElementHandler.java:51)
	at jdk.proxy2/jdk.proxy2.$Proxy24.isDisplayed(Unknown Source)
	at org.openqa.selenium.support.ui.ExpectedConditions.elementIfVisible(ExpectedConditions.java:304)
	at org.openqa.selenium.support.ui.ExpectedConditions$10.apply(ExpectedConditions.java:290)
	at org.openqa.selenium.support.ui.ExpectedConditions$10.apply(ExpectedConditions.java:287)
	at org.openqa.selenium.support.ui.ExpectedConditions$50.apply(ExpectedConditions.java:1438)
	at org.openqa.selenium.support.ui.ExpectedConditions$50.apply(ExpectedConditions.java:1434)
	at org.openqa.selenium.support.ui.FluentWait.until(FluentWait.java:203)
	at utils.SeleniumCommonFunction.WaitElement(SeleniumCommonFunction.java:19)
	at pages.HomePage.verifyHomeMenu(HomePage.java:72)
	at steps.HomePageSteps.userAccessTheWebsiteAndVerifyHomePage(HomePageSteps.java:11)
	at ?.user access the website and verify home page(file:///C:/tendable-com/src/test/resources/features/contactus.feature:5)
Caused by: java.util.concurrent.TimeoutException
	at java.base/java.util.concurrent.CompletableFuture.timedGet(CompletableFuture.java:1960)
	at java.base/java.util.concurrent.CompletableFuture.get(CompletableFuture.java:2095)
	at org.openqa.selenium.remote.http.jdk.JdkHttpClient.execute0(JdkHttpClient.java:385)
	at org.openqa.selenium.remote.http.AddSeleniumUserAgent.lambda$apply$0(AddSeleniumUserAgent.java:42)
	at org.openqa.selenium.remote.http.Filter.lambda$andFinally$1(Filter.java:55)
	at org.openqa.selenium.remote.http.jdk.JdkHttpClient.execute(JdkHttpClient.java:358)
	at org.openqa.selenium.remote.HttpCommandExecutor.execute(HttpCommandExecutor.java:187)
	at org.openqa.selenium.remote.service.DriverCommandExecutor.invokeExecute(DriverCommandExecutor.java:216)
	at org.openqa.selenium.remote.service.DriverCommandExecutor.execute(DriverCommandExecutor.java:174)
	at org.openqa.selenium.remote.RemoteWebDriver.execute(RemoteWebDriver.java:519)
	at org.openqa.selenium.remote.RemoteWebElement.execute(RemoteWebElement.java:223)
	at org.openqa.selenium.remote.RemoteWebElement.isDisplayed(RemoteWebElement.java:282)
	at java.base/jdk.internal.reflect.NativeMethodAccessorImpl.invoke0(Native Method)
	at java.base/jdk.internal.reflect.NativeMethodAccessorImpl.invoke(NativeMethodAccessorImpl.java:77)
	at java.base/jdk.internal.reflect.DelegatingMethodAccessorImpl.invoke(DelegatingMethodAccessorImpl.java:43)
	at java.base/java.lang.reflect.Method.invoke(Method.java:568)
	at org.openqa.selenium.support.pagefactory.internal.LocatingElementHandler.invoke(LocatingElementHandler.java:51)
	at jdk.proxy2/jdk.proxy2.$Proxy24.isDisplayed(Unknown Source)
	at org.openqa.selenium.support.ui.ExpectedConditions.elementIfVisible(ExpectedConditions.java:304)
	at org.openqa.selenium.support.ui.ExpectedConditions$10.apply(ExpectedConditions.java:290)
	at org.openqa.selenium.support.ui.ExpectedConditions$10.apply(ExpectedConditions.java:287)
	at org.openqa.selenium.support.ui.ExpectedConditions$50.apply(ExpectedConditions.java:1438)
	at org.openqa.selenium.support.ui.ExpectedConditions$50.apply(ExpectedConditions.java:1434)
	at org.openqa.selenium.support.ui.FluentWait.until(FluentWait.java:203)
	at utils.SeleniumCommonFunction.WaitElement(SeleniumCommonFunction.java:19)
	at pages.HomePage.verifyHomeMenu(HomePage.java:72)
	at steps.HomePageSteps.userAccessTheWebsiteAndVerifyHomePage(HomePageSteps.java:11)
	at java.base/jdk.internal.reflect.NativeMethodAccessorImpl.invoke0(Native Method)
	at java.base/jdk.internal.reflect.NativeMethodAccessorImpl.invoke(NativeMethodAccessorImpl.java:77)
	at java.base/jdk.internal.reflect.DelegatingMethodAccessorImpl.invoke(DelegatingMethodAccessorImpl.java:43)
	at java.base/java.lang.reflect.Method.invoke(Method.java:568)
	at io.cucumber.java.Invoker.doInvoke(Invoker.java:66)
	at io.cucumber.java.Invoker.invoke(Invoker.java:24)
	at io.cucumber.java.AbstractGlueDefinition.invokeMethod(AbstractGlueDefinition.java:47)
	at io.cucumber.java.JavaStepDefinition.execute(JavaStepDefinition.java:29)
	at io.cucumber.core.runner.CoreStepDefinition.execute(CoreStepDefinition.java:66)
	at io.cucumber.core.runner.PickleStepDefinitionMatch.runStep(PickleStepDefinitionMatch.java:63)
	at io.cucumber.core.runner.ExecutionMode$1.execute(ExecutionMode.java:10)
	at io.cucumber.core.runner.TestStep.executeStep(TestStep.java:84)
	at io.cucumber.core.runner.TestStep.run(TestStep.java:56)
	at io.cucumber.core.runner.PickleStepTestStep.run(PickleStepTestStep.java:51)
	at io.cucumber.core.runner.TestCase.run(TestCase.java:84)
	at io.cucumber.core.runner.Runner.runPickle(Runner.java:75)
	at io.cucumber.junit.PickleRunners$NoStepDescriptions.lambda$run$0(PickleRunners.java:151)
	at io.cucumber.core.runtime.CucumberExecutionContext.lambda$runTestCase$5(CucumberExecutionContext.java:137)
	at io.cucumber.core.runtime.RethrowingThrowableCollector.executeAndThrow(RethrowingThrowableCollector.java:23)
	at io.cucumber.core.runtime.CucumberExecutionContext.runTestCase(CucumberExecutionContext.java:137)
	at io.cucumber.junit.PickleRunners$NoStepDescriptions.run(PickleRunners.java:148)
	at io.cucumber.junit.FeatureRunner.runChild(FeatureRunner.java:144)
	at io.cucumber.junit.FeatureRunner.runChild(FeatureRunner.java:28)
	at org.junit.runners.ParentRunner$4.run(ParentRunner.java:331)
	at org.junit.runners.ParentRunner$1.schedule(ParentRunner.java:79)
	at org.junit.runners.ParentRunner.runChildren(ParentRunner.java:329)
	at org.junit.runners.ParentRunner.access$100(ParentRunner.java:66)
	at org.junit.runners.ParentRunner$2.evaluate(ParentRunner.java:293)
	at org.junit.runners.ParentRunner$3.evaluate(ParentRunner.java:306)
	at org.junit.runners.ParentRunner.run(ParentRunner.java:413)
	at io.cucumber.junit.FeatureRunner.run(FeatureRunner.java:137)
	at io.cucumber.junit.Cucumber.runChild(Cucumber.java:196)
	at io.cucumber.junit.Cucumber.runChild(Cucumber.java:89)
	at org.junit.runners.ParentRunner$4.run(ParentRunner.java:331)
	at org.apache.maven.surefire.junitcore.pc.Scheduler$1.run(Scheduler.java:345)
	at java.base/java.util.concurrent.Executors$RunnableAdapter.call(Executors.java:539)
	at java.base/java.util.concurrent.FutureTask.run(FutureTask.java:264)
	at java.base/java.util.concurrent.ThreadPoolExecutor.runWorker(ThreadPoolExecutor.java:1136)
	at java.base/java.util.concurrent.ThreadPoolExecutor$Worker.run(ThreadPoolExecutor.java:635)
	at java.base/java.lang.Thread.run(Thread.java:840)
</textarea>
				</li>
				<li test-id='30' class='gc when Skip' status='Skip'>
					<h6 class="step-name" title="steps.ContactusPageSteps.userClickOnContact()"><span class='status skip' title='Skip'><i class='material-icons'>redo</i></span>When user click on contact</h6>

							<div class="node-step">Step skipped</div>
				</li>
				<li test-id='31' class='gc and Skip' status='Skip'>
					<h6 class="step-name" title="steps.ContactusPageSteps.userClickOnMarketingOption()"><span class='status skip' title='Skip'><i class='material-icons'>redo</i></span>And user click on marketing option</h6>

							<div class="node-step">Step skipped</div>
				</li>
				<li test-id='32' class='gc then Skip' status='Skip'>
					<h6 class="step-name" title="steps.ContactusPageSteps.userVerifyFormFeedDisplayed()"><span class='status skip' title='Skip'><i class='material-icons'>redo</i></span>Then user verify form feed displayed</h6>

							<div class="node-step">Step skipped</div>
				</li>
				<li test-id='33' class='gc when Skip' status='Skip'>
					<h6 class="step-name" title="steps.ContactusPageSteps.userEnterFullnameInFullnameTextBox(java.lang.String)"><span class='status skip' title='Skip'><i class='material-icons'>redo</i></span>When user enter 'John' in fullname text box</h6>

							<div class="node-step">Step skipped</div>
				</li>
				<li test-id='34' class='gc and Skip' status='Skip'>
					<h6 class="step-name" title="steps.ContactusPageSteps.userEnterOrganizationInOrganizationTextBox(java.lang.String)"><span class='status skip' title='Skip'><i class='material-icons'>redo</i></span>And user enter 'Gmail' in organization text box</h6>

							<div class="node-step">Step skipped</div>
				</li>
				<li test-id='35' class='gc and Skip' status='Skip'>
					<h6 class="step-name" title="steps.ContactusPageSteps.userEnterPhonenumberInPhoneTextBox(java.lang.String)"><span class='status skip' title='Skip'><i class='material-icons'>redo</i></span>And user enter '9198789678' in phone text box</h6>

							<div class="node-step">Step skipped</div>
				</li>
				<li test-id='36' class='gc and Skip' status='Skip'>
					<h6 class="step-name" title="steps.ContactusPageSteps.userEnterEmailInEmailTextBox(java.lang.String)"><span class='status skip' title='Skip'><i class='material-icons'>redo</i></span>And user enter 'john@gmail.com' in email text box</h6>

							<div class="node-step">Step skipped</div>
				</li>
				<li test-id='37' class='gc and Skip' status='Skip'>
					<h6 class="step-name" title="steps.ContactusPageSteps.userEnterJobRole()"><span class='status skip' title='Skip'><i class='material-icons'>redo</i></span>And user enter job role</h6>

							<div class="node-step">Step skipped</div>
				</li>
				<li test-id='38' class='gc and Skip' status='Skip'>
					<h6 class="step-name" title="steps.ContactusPageSteps.userEnterMessageInTextArea(java.lang.String)"><span class='status skip' title='Skip'><i class='material-icons'>redo</i></span>And user enter '1234-A, Mumbai' in text area</h6>

							<div class="node-step">Step skipped</div>
				</li>
				<li test-id='39' class='gc and Skip' status='Skip'>
					<h6 class="step-name" title="steps.ContactusPageSteps.selectTheAgreementRadio()"><span class='status skip' title='Skip'><i class='material-icons'>redo</i></span>And Select the agreement radio</h6>

							<div class="node-step">Step skipped</div>
				</li>
				<li test-id='40' class='gc when Skip' status='Skip'>
					<h6 class="step-name" title="steps.ContactusPageSteps.clickOnSubmitButton()"><span class='status skip' title='Skip'><i class='material-icons'>redo</i></span>When click on submit button</h6>

							<div class="node-step">Step skipped</div>
				</li>
				<li test-id='41' class='gc then Skip' status='Skip'>
					<h6 class="step-name" title="steps.ContactusPageSteps.verifyTheMessageInErrorMessageArea(java.lang.String)"><span class='status skip' title='Skip'><i class='material-icons'>redo</i></span>Then verify the 'Form has been submitted successfully!' in error message area</h6>

							<div class="node-step">Step skipped</div>
				</li>
				<li test-id='42' class='gc * Fail' status='Fail'>
					<h6 class="step-name" title="AFTER"><span class='status fail' title='Fail'><i class='material-icons'>cancel</i></span>steps.MyHooks.clearSetup(io.cucumber.java.Scenario)</h6>

							<textarea disabled class="code-block">org.openqa.selenium.NoSuchSessionException: Session ID is null. Using WebDriver after calling quit()?
Build info: version: '4.17.0', revision: 'e52b1be057*'
System info: os.name: 'Windows 11', os.arch: 'amd64', os.version: '10.0', java.version: '17.0.9'
Driver info: org.openqa.selenium.chrome.ChromeDriver
Command: [null, screenshot {}]
Capabilities {acceptInsecureCerts: false, browserName: chrome, browserVersion: 122.0.6261.112, chrome: {chromedriverVersion: 122.0.6261.111 (9d4c1072da6..., userDataDir: C:\Users\shahn\AppData\Loca...}, fedcm:accounts: true, goog:chromeOptions: {debuggerAddress: localhost:50557}, networkConnectionEnabled: false, pageLoadStrategy: normal, platformName: windows, proxy: Proxy(), se:cdp: ws://localhost:50557/devtoo..., se:cdpVersion: 122.0.6261.112, setWindowRect: true, strictFileInteractability: false, timeouts: {implicit: 0, pageLoad: 300000, script: 30000}, unhandledPromptBehavior: dismiss and notify, webauthn:extension:credBlob: true, webauthn:extension:largeBlob: true, webauthn:extension:minPinLength: true, webauthn:extension:prf: true, webauthn:virtualAuthenticators: true}
	at org.openqa.selenium.remote.HttpCommandExecutor.execute(HttpCommandExecutor.java:151)
	at org.openqa.selenium.remote.service.DriverCommandExecutor.invokeExecute(DriverCommandExecutor.java:216)
	at org.openqa.selenium.remote.service.DriverCommandExecutor.execute(DriverCommandExecutor.java:174)
	at org.openqa.selenium.remote.RemoteWebDriver.execute(RemoteWebDriver.java:519)
	at org.openqa.selenium.remote.RemoteWebDriver.execute(RemoteWebDriver.java:592)
	at org.openqa.selenium.remote.RemoteWebDriver.execute(RemoteWebDriver.java:596)
	at org.openqa.selenium.remote.RemoteWebDriver.getScreenshotAs(RemoteWebDriver.java:322)
	at steps.MyHooks.clearSetup(MyHooks.java:27)
</textarea>
				</li>
			</ul>
		</li>
		<li test-id='48' class='node scenario Pass' status='Pass'>
			<div class="step-name" title="()"><span class='status pass' title='Pass'><i class='material-icons'>check_circle</i></span>Contact us</div>

				<div class='category-list'>
						<span class='category label'>@Contactusverify</span>
						<span class='category label'>@Contactus</span>
				</div>

			<ul class='gc steps'>
				<li test-id='50' class='gc given Pass' status='Pass'>
					<h6 class="step-name" title="steps.HomePageSteps.userAccessTheWebsiteAndVerifyHomePage()"><span class='status pass' title='Pass'><i class='material-icons'>check_circle</i></span>Given user access the website and verify home page</h6>

				</li>
				<li test-id='51' class='gc when Pass' status='Pass'>
					<h6 class="step-name" title="steps.ContactusPageSteps.userClickOnContact()"><span class='status pass' title='Pass'><i class='material-icons'>check_circle</i></span>When user click on contact</h6>

				</li>
				<li test-id='52' class='gc and Pass' status='Pass'>
					<h6 class="step-name" title="steps.ContactusPageSteps.userClickOnMarketingOption()"><span class='status pass' title='Pass'><i class='material-icons'>check_circle</i></span>And user click on marketing option</h6>

				</li>
				<li test-id='53' class='gc then Pass' status='Pass'>
					<h6 class="step-name" title="steps.ContactusPageSteps.userVerifyFormFeedDisplayed()"><span class='status pass' title='Pass'><i class='material-icons'>check_circle</i></span>Then user verify form feed displayed</h6>

				</li>
				<li test-id='54' class='gc when Pass' status='Pass'>
					<h6 class="step-name" title="steps.ContactusPageSteps.userEnterFullnameInFullnameTextBox(java.lang.String)"><span class='status pass' title='Pass'><i class='material-icons'>check_circle</i></span>When user enter 'Jenny' in fullname text box</h6>

				</li>
				<li test-id='55' class='gc and Pass' status='Pass'>
					<h6 class="step-name" title="steps.ContactusPageSteps.userEnterOrganizationInOrganizationTextBox(java.lang.String)"><span class='status pass' title='Pass'><i class='material-icons'>check_circle</i></span>And user enter 'Yahoo' in organization text box</h6>

				</li>
				<li test-id='56' class='gc and Pass' status='Pass'>
					<h6 class="step-name" title="steps.ContactusPageSteps.userEnterPhonenumberInPhoneTextBox(java.lang.String)"><span class='status pass' title='Pass'><i class='material-icons'>check_circle</i></span>And user enter '4556789234' in phone text box</h6>

				</li>
				<li test-id='57' class='gc and Pass' status='Pass'>
					<h6 class="step-name" title="steps.ContactusPageSteps.userEnterEmailInEmailTextBox(java.lang.String)"><span class='status pass' title='Pass'><i class='material-icons'>check_circle</i></span>And user enter 'jenny@yahoo.com' in email text box</h6>

				</li>
				<li test-id='58' class='gc and Pass' status='Pass'>
					<h6 class="step-name" title="steps.ContactusPageSteps.userEnterJobRole()"><span class='status pass' title='Pass'><i class='material-icons'>check_circle</i></span>And user enter job role</h6>

				</li>
				<li test-id='59' class='gc and Pass' status='Pass'>
					<h6 class="step-name" title="steps.ContactusPageSteps.userEnterMessageInTextArea(java.lang.String)"><span class='status pass' title='Pass'><i class='material-icons'>check_circle</i></span>And user enter '' in text area</h6>

				</li>
				<li test-id='60' class='gc and Pass' status='Pass'>
					<h6 class="step-name" title="steps.ContactusPageSteps.selectTheAgreementRadio()"><span class='status pass' title='Pass'><i class='material-icons'>check_circle</i></span>And Select the agreement radio</h6>

				</li>
				<li test-id='61' class='gc when Pass' status='Pass'>
					<h6 class="step-name" title="steps.ContactusPageSteps.clickOnSubmitButton()"><span class='status pass' title='Pass'><i class='material-icons'>check_circle</i></span>When click on submit button</h6>

				</li>
				<li test-id='62' class='gc then Pass' status='Pass'>
					<h6 class="step-name" title="steps.ContactusPageSteps.verifyTheMessageInErrorMessageArea(java.lang.String)"><span class='status pass' title='Pass'><i class='material-icons'>check_circle</i></span>Then verify the 'Sorry, there was an error submitting the form. Please try again.' in error message area</h6>

				</li>
			</ul>
		</li>
		<li test-id='64' class='node scenario Pass' status='Pass'>
			<div class="step-name" title="()"><span class='status pass' title='Pass'><i class='material-icons'>check_circle</i></span>Contact us</div>

				<div class='category-list'>
						<span class='category label'>@Contactusverify</span>
						<span class='category label'>@Contactus</span>
				</div>

			<ul class='gc steps'>
				<li test-id='66' class='gc given Pass' status='Pass'>
					<h6 class="step-name" title="steps.HomePageSteps.userAccessTheWebsiteAndVerifyHomePage()"><span class='status pass' title='Pass'><i class='material-icons'>check_circle</i></span>Given user access the website and verify home page</h6>

				</li>
				<li test-id='67' class='gc when Pass' status='Pass'>
					<h6 class="step-name" title="steps.ContactusPageSteps.userClickOnContact()"><span class='status pass' title='Pass'><i class='material-icons'>check_circle</i></span>When user click on contact</h6>

				</li>
				<li test-id='68' class='gc and Pass' status='Pass'>
					<h6 class="step-name" title="steps.ContactusPageSteps.userClickOnMarketingOption()"><span class='status pass' title='Pass'><i class='material-icons'>check_circle</i></span>And user click on marketing option</h6>

				</li>
				<li test-id='69' class='gc then Pass' status='Pass'>
					<h6 class="step-name" title="steps.ContactusPageSteps.userVerifyFormFeedDisplayed()"><span class='status pass' title='Pass'><i class='material-icons'>check_circle</i></span>Then user verify form feed displayed</h6>

				</li>
				<li test-id='70' class='gc when Pass' status='Pass'>
					<h6 class="step-name" title="steps.ContactusPageSteps.userEnterFullnameInFullnameTextBox(java.lang.String)"><span class='status pass' title='Pass'><i class='material-icons'>check_circle</i></span>When user enter 'Jenny' in fullname text box</h6>

				</li>
				<li test-id='71' class='gc and Pass' status='Pass'>
					<h6 class="step-name" title="steps.ContactusPageSteps.userEnterOrganizationInOrganizationTextBox(java.lang.String)"><span class='status pass' title='Pass'><i class='material-icons'>check_circle</i></span>And user enter 'Yahoo' in organization text box</h6>

				</li>
				<li test-id='72' class='gc and Pass' status='Pass'>
					<h6 class="step-name" title="steps.ContactusPageSteps.userEnterPhonenumberInPhoneTextBox(java.lang.String)"><span class='status pass' title='Pass'><i class='material-icons'>check_circle</i></span>And user enter '4556789234' in phone text box</h6>

				</li>
				<li test-id='73' class='gc and Pass' status='Pass'>
					<h6 class="step-name" title="steps.ContactusPageSteps.userEnterEmailInEmailTextBox(java.lang.String)"><span class='status pass' title='Pass'><i class='material-icons'>check_circle</i></span>And user enter '' in email text box</h6>

				</li>
				<li test-id='74' class='gc and Pass' status='Pass'>
					<h6 class="step-name" title="steps.ContactusPageSteps.userEnterJobRole()"><span class='status pass' title='Pass'><i class='material-icons'>check_circle</i></span>And user enter job role</h6>

				</li>
				<li test-id='75' class='gc and Pass' status='Pass'>
					<h6 class="step-name" title="steps.ContactusPageSteps.userEnterMessageInTextArea(java.lang.String)"><span class='status pass' title='Pass'><i class='material-icons'>check_circle</i></span>And user enter '' in text area</h6>

				</li>
				<li test-id='76' class='gc and Pass' status='Pass'>
					<h6 class="step-name" title="steps.ContactusPageSteps.selectTheAgreementRadio()"><span class='status pass' title='Pass'><i class='material-icons'>check_circle</i></span>And Select the agreement radio</h6>

				</li>
				<li test-id='77' class='gc when Pass' status='Pass'>
					<h6 class="step-name" title="steps.ContactusPageSteps.clickOnSubmitButton()"><span class='status pass' title='Pass'><i class='material-icons'>check_circle</i></span>When click on submit button</h6>

				</li>
				<li test-id='78' class='gc then Pass' status='Pass'>
					<h6 class="step-name" title="steps.ContactusPageSteps.verifyTheMessageInErrorMessageArea(java.lang.String)"><span class='status pass' title='Pass'><i class='material-icons'>check_circle</i></span>Then verify the 'Sorry, there was an error submitting the form. Please try again.' in error message area</h6>

				</li>
			</ul>
		</li>
		<li test-id='80' class='node scenario Pass' status='Pass'>
			<div class="step-name" title="()"><span class='status pass' title='Pass'><i class='material-icons'>check_circle</i></span>Contact us</div>

				<div class='category-list'>
						<span class='category label'>@Contactusverify</span>
						<span class='category label'>@Contactus</span>
				</div>

			<ul class='gc steps'>
				<li test-id='82' class='gc given Pass' status='Pass'>
					<h6 class="step-name" title="steps.HomePageSteps.userAccessTheWebsiteAndVerifyHomePage()"><span class='status pass' title='Pass'><i class='material-icons'>check_circle</i></span>Given user access the website and verify home page</h6>

				</li>
				<li test-id='83' class='gc when Pass' status='Pass'>
					<h6 class="step-name" title="steps.ContactusPageSteps.userClickOnContact()"><span class='status pass' title='Pass'><i class='material-icons'>check_circle</i></span>When user click on contact</h6>

				</li>
				<li test-id='84' class='gc and Pass' status='Pass'>
					<h6 class="step-name" title="steps.ContactusPageSteps.userClickOnMarketingOption()"><span class='status pass' title='Pass'><i class='material-icons'>check_circle</i></span>And user click on marketing option</h6>

				</li>
				<li test-id='85' class='gc then Pass' status='Pass'>
					<h6 class="step-name" title="steps.ContactusPageSteps.userVerifyFormFeedDisplayed()"><span class='status pass' title='Pass'><i class='material-icons'>check_circle</i></span>Then user verify form feed displayed</h6>

				</li>
				<li test-id='86' class='gc when Pass' status='Pass'>
					<h6 class="step-name" title="steps.ContactusPageSteps.userEnterFullnameInFullnameTextBox(java.lang.String)"><span class='status pass' title='Pass'><i class='material-icons'>check_circle</i></span>When user enter 'Jenny' in fullname text box</h6>

				</li>
				<li test-id='87' class='gc and Pass' status='Pass'>
					<h6 class="step-name" title="steps.ContactusPageSteps.userEnterOrganizationInOrganizationTextBox(java.lang.String)"><span class='status pass' title='Pass'><i class='material-icons'>check_circle</i></span>And user enter 'Yahoo' in organization text box</h6>

				</li>
				<li test-id='88' class='gc and Pass' status='Pass'>
					<h6 class="step-name" title="steps.ContactusPageSteps.userEnterPhonenumberInPhoneTextBox(java.lang.String)"><span class='status pass' title='Pass'><i class='material-icons'>check_circle</i></span>And user enter '' in phone text box</h6>

				</li>
				<li test-id='89' class='gc and Pass' status='Pass'>
					<h6 class="step-name" title="steps.ContactusPageSteps.userEnterEmailInEmailTextBox(java.lang.String)"><span class='status pass' title='Pass'><i class='material-icons'>check_circle</i></span>And user enter '' in email text box</h6>

				</li>
				<li test-id='90' class='gc and Pass' status='Pass'>
					<h6 class="step-name" title="steps.ContactusPageSteps.userEnterJobRole()"><span class='status pass' title='Pass'><i class='material-icons'>check_circle</i></span>And user enter job role</h6>

				</li>
				<li test-id='91' class='gc and Pass' status='Pass'>
					<h6 class="step-name" title="steps.ContactusPageSteps.userEnterMessageInTextArea(java.lang.String)"><span class='status pass' title='Pass'><i class='material-icons'>check_circle</i></span>And user enter '' in text area</h6>

				</li>
				<li test-id='92' class='gc and Pass' status='Pass'>
					<h6 class="step-name" title="steps.ContactusPageSteps.selectTheAgreementRadio()"><span class='status pass' title='Pass'><i class='material-icons'>check_circle</i></span>And Select the agreement radio</h6>

				</li>
				<li test-id='93' class='gc when Pass' status='Pass'>
					<h6 class="step-name" title="steps.ContactusPageSteps.clickOnSubmitButton()"><span class='status pass' title='Pass'><i class='material-icons'>check_circle</i></span>When click on submit button</h6>

				</li>
				<li test-id='94' class='gc then Pass' status='Pass'>
					<h6 class="step-name" title="steps.ContactusPageSteps.verifyTheMessageInErrorMessageArea(java.lang.String)"><span class='status pass' title='Pass'><i class='material-icons'>check_circle</i></span>Then verify the 'Sorry, there was an error submitting the form. Please try again.' in error message area</h6>

				</li>
			</ul>
		</li>
		<li test-id='96' class='node scenario Pass' status='Pass'>
			<div class="step-name" title="()"><span class='status pass' title='Pass'><i class='material-icons'>check_circle</i></span>Contact us</div>

				<div class='category-list'>
						<span class='category label'>@Contactusverify</span>
						<span class='category label'>@Contactus</span>
				</div>

			<ul class='gc steps'>
				<li test-id='98' class='gc given Pass' status='Pass'>
					<h6 class="step-name" title="steps.HomePageSteps.userAccessTheWebsiteAndVerifyHomePage()"><span class='status pass' title='Pass'><i class='material-icons'>check_circle</i></span>Given user access the website and verify home page</h6>

				</li>
				<li test-id='99' class='gc when Pass' status='Pass'>
					<h6 class="step-name" title="steps.ContactusPageSteps.userClickOnContact()"><span class='status pass' title='Pass'><i class='material-icons'>check_circle</i></span>When user click on contact</h6>

				</li>
				<li test-id='100' class='gc and Pass' status='Pass'>
					<h6 class="step-name" title="steps.ContactusPageSteps.userClickOnMarketingOption()"><span class='status pass' title='Pass'><i class='material-icons'>check_circle</i></span>And user click on marketing option</h6>

				</li>
				<li test-id='101' class='gc then Pass' status='Pass'>
					<h6 class="step-name" title="steps.ContactusPageSteps.userVerifyFormFeedDisplayed()"><span class='status pass' title='Pass'><i class='material-icons'>check_circle</i></span>Then user verify form feed displayed</h6>

				</li>
				<li test-id='102' class='gc when Pass' status='Pass'>
					<h6 class="step-name" title="steps.ContactusPageSteps.userEnterFullnameInFullnameTextBox(java.lang.String)"><span class='status pass' title='Pass'><i class='material-icons'>check_circle</i></span>When user enter 'Jenny' in fullname text box</h6>

				</li>
				<li test-id='103' class='gc and Pass' status='Pass'>
					<h6 class="step-name" title="steps.ContactusPageSteps.userEnterOrganizationInOrganizationTextBox(java.lang.String)"><span class='status pass' title='Pass'><i class='material-icons'>check_circle</i></span>And user enter '' in organization text box</h6>

				</li>
				<li test-id='104' class='gc and Pass' status='Pass'>
					<h6 class="step-name" title="steps.ContactusPageSteps.userEnterPhonenumberInPhoneTextBox(java.lang.String)"><span class='status pass' title='Pass'><i class='material-icons'>check_circle</i></span>And user enter '' in phone text box</h6>

				</li>
				<li test-id='105' class='gc and Pass' status='Pass'>
					<h6 class="step-name" title="steps.ContactusPageSteps.userEnterEmailInEmailTextBox(java.lang.String)"><span class='status pass' title='Pass'><i class='material-icons'>check_circle</i></span>And user enter '' in email text box</h6>

				</li>
				<li test-id='106' class='gc and Pass' status='Pass'>
					<h6 class="step-name" title="steps.ContactusPageSteps.userEnterJobRole()"><span class='status pass' title='Pass'><i class='material-icons'>check_circle</i></span>And user enter job role</h6>

				</li>
				<li test-id='107' class='gc and Pass' status='Pass'>
					<h6 class="step-name" title="steps.ContactusPageSteps.userEnterMessageInTextArea(java.lang.String)"><span class='status pass' title='Pass'><i class='material-icons'>check_circle</i></span>And user enter '' in text area</h6>

				</li>
				<li test-id='108' class='gc and Pass' status='Pass'>
					<h6 class="step-name" title="steps.ContactusPageSteps.selectTheAgreementRadio()"><span class='status pass' title='Pass'><i class='material-icons'>check_circle</i></span>And Select the agreement radio</h6>

				</li>
				<li test-id='109' class='gc when Pass' status='Pass'>
					<h6 class="step-name" title="steps.ContactusPageSteps.clickOnSubmitButton()"><span class='status pass' title='Pass'><i class='material-icons'>check_circle</i></span>When click on submit button</h6>

				</li>
				<li test-id='110' class='gc then Pass' status='Pass'>
					<h6 class="step-name" title="steps.ContactusPageSteps.verifyTheMessageInErrorMessageArea(java.lang.String)"><span class='status pass' title='Pass'><i class='material-icons'>check_circle</i></span>Then verify the 'Sorry, there was an error submitting the form. Please try again.' in error message area</h6>

				</li>
			</ul>
		</li>
		<li test-id='112' class='node scenario Pass' status='Pass'>
			<div class="step-name" title="()"><span class='status pass' title='Pass'><i class='material-icons'>check_circle</i></span>Contact us</div>

				<div class='category-list'>
						<span class='category label'>@Contactusverify</span>
						<span class='category label'>@Contactus</span>
				</div>

			<ul class='gc steps'>
				<li test-id='114' class='gc given Pass' status='Pass'>
					<h6 class="step-name" title="steps.HomePageSteps.userAccessTheWebsiteAndVerifyHomePage()"><span class='status pass' title='Pass'><i class='material-icons'>check_circle</i></span>Given user access the website and verify home page</h6>

				</li>
				<li test-id='115' class='gc when Pass' status='Pass'>
					<h6 class="step-name" title="steps.ContactusPageSteps.userClickOnContact()"><span class='status pass' title='Pass'><i class='material-icons'>check_circle</i></span>When user click on contact</h6>

				</li>
				<li test-id='116' class='gc and Pass' status='Pass'>
					<h6 class="step-name" title="steps.ContactusPageSteps.userClickOnMarketingOption()"><span class='status pass' title='Pass'><i class='material-icons'>check_circle</i></span>And user click on marketing option</h6>

				</li>
				<li test-id='117' class='gc then Pass' status='Pass'>
					<h6 class="step-name" title="steps.ContactusPageSteps.userVerifyFormFeedDisplayed()"><span class='status pass' title='Pass'><i class='material-icons'>check_circle</i></span>Then user verify form feed displayed</h6>

				</li>
				<li test-id='118' class='gc when Pass' status='Pass'>
					<h6 class="step-name" title="steps.ContactusPageSteps.userEnterFullnameInFullnameTextBox(java.lang.String)"><span class='status pass' title='Pass'><i class='material-icons'>check_circle</i></span>When user enter '' in fullname text box</h6>

				</li>
				<li test-id='119' class='gc and Pass' status='Pass'>
					<h6 class="step-name" title="steps.ContactusPageSteps.userEnterOrganizationInOrganizationTextBox(java.lang.String)"><span class='status pass' title='Pass'><i class='material-icons'>check_circle</i></span>And user enter '' in organization text box</h6>

				</li>
				<li test-id='120' class='gc and Pass' status='Pass'>
					<h6 class="step-name" title="steps.ContactusPageSteps.userEnterPhonenumberInPhoneTextBox(java.lang.String)"><span class='status pass' title='Pass'><i class='material-icons'>check_circle</i></span>And user enter '' in phone text box</h6>

				</li>
				<li test-id='121' class='gc and Pass' status='Pass'>
					<h6 class="step-name" title="steps.ContactusPageSteps.userEnterEmailInEmailTextBox(java.lang.String)"><span class='status pass' title='Pass'><i class='material-icons'>check_circle</i></span>And user enter '' in email text box</h6>

				</li>
				<li test-id='122' class='gc and Pass' status='Pass'>
					<h6 class="step-name" title="steps.ContactusPageSteps.userEnterJobRole()"><span class='status pass' title='Pass'><i class='material-icons'>check_circle</i></span>And user enter job role</h6>

				</li>
				<li test-id='123' class='gc and Pass' status='Pass'>
					<h6 class="step-name" title="steps.ContactusPageSteps.userEnterMessageInTextArea(java.lang.String)"><span class='status pass' title='Pass'><i class='material-icons'>check_circle</i></span>And user enter '' in text area</h6>

				</li>
				<li test-id='124' class='gc and Pass' status='Pass'>
					<h6 class="step-name" title="steps.ContactusPageSteps.selectTheAgreementRadio()"><span class='status pass' title='Pass'><i class='material-icons'>check_circle</i></span>And Select the agreement radio</h6>

				</li>
				<li test-id='125' class='gc when Pass' status='Pass'>
					<h6 class="step-name" title="steps.ContactusPageSteps.clickOnSubmitButton()"><span class='status pass' title='Pass'><i class='material-icons'>check_circle</i></span>When click on submit button</h6>

				</li>
				<li test-id='126' class='gc then Pass' status='Pass'>
					<h6 class="step-name" title="steps.ContactusPageSteps.verifyTheMessageInErrorMessageArea(java.lang.String)"><span class='status pass' title='Pass'><i class='material-icons'>check_circle</i></span>Then verify the 'Sorry, there was an error submitting the form. Please try again.' in error message area</h6>

				</li>
			</ul>
		</li>
		<li test-id='128' class='node scenario Fail' status='Fail'>
			<div class="step-name" title="()"><span class='status fail' title='Fail'><i class='material-icons'>cancel</i></span>Contact us</div>

				<div class='category-list'>
						<span class='category label'>@Contactusverify</span>
						<span class='category label'>@Contactus</span>
				</div>

			<ul class='gc steps'>
				<li test-id='130' class='gc given Pass' status='Pass'>
					<h6 class="step-name" title="steps.HomePageSteps.userAccessTheWebsiteAndVerifyHomePage()"><span class='status pass' title='Pass'><i class='material-icons'>check_circle</i></span>Given user access the website and verify home page</h6>

				</li>
				<li test-id='131' class='gc when Pass' status='Pass'>
					<h6 class="step-name" title="steps.ContactusPageSteps.userClickOnContact()"><span class='status pass' title='Pass'><i class='material-icons'>check_circle</i></span>When user click on contact</h6>

				</li>
				<li test-id='132' class='gc and Pass' status='Pass'>
					<h6 class="step-name" title="steps.ContactusPageSteps.userClickOnMarketingOption()"><span class='status pass' title='Pass'><i class='material-icons'>check_circle</i></span>And user click on marketing option</h6>

				</li>
				<li test-id='133' class='gc then Pass' status='Pass'>
					<h6 class="step-name" title="steps.ContactusPageSteps.userVerifyFormFeedDisplayed()"><span class='status pass' title='Pass'><i class='material-icons'>check_circle</i></span>Then user verify form feed displayed</h6>

				</li>
				<li test-id='134' class='gc when Pass' status='Pass'>
					<h6 class="step-name" title="steps.ContactusPageSteps.userEnterFullnameInFullnameTextBox(java.lang.String)"><span class='status pass' title='Pass'><i class='material-icons'>check_circle</i></span>When user enter 'John' in fullname text box</h6>

				</li>
				<li test-id='135' class='gc and Pass' status='Pass'>
					<h6 class="step-name" title="steps.ContactusPageSteps.userEnterOrganizationInOrganizationTextBox(java.lang.String)"><span class='status pass' title='Pass'><i class='material-icons'>check_circle</i></span>And user enter 'Gmail' in organization text box</h6>

				</li>
				<li test-id='136' class='gc and Pass' status='Pass'>
					<h6 class="step-name" title="steps.ContactusPageSteps.userEnterPhonenumberInPhoneTextBox(java.lang.String)"><span class='status pass' title='Pass'><i class='material-icons'>check_circle</i></span>And user enter '9198789678' in phone text box</h6>

				</li>
				<li test-id='137' class='gc and Pass' status='Pass'>
					<h6 class="step-name" title="steps.ContactusPageSteps.userEnterEmailInEmailTextBox(java.lang.String)"><span class='status pass' title='Pass'><i class='material-icons'>check_circle</i></span>And user enter 'john@gmail.com' in email text box</h6>

				</li>
				<li test-id='138' class='gc and Pass' status='Pass'>
					<h6 class="step-name" title="steps.ContactusPageSteps.userEnterJobRole()"><span class='status pass' title='Pass'><i class='material-icons'>check_circle</i></span>And user enter job role</h6>

				</li>
				<li test-id='139' class='gc and Pass' status='Pass'>
					<h6 class="step-name" title="steps.ContactusPageSteps.userEnterMessageInTextArea(java.lang.String)"><span class='status pass' title='Pass'><i class='material-icons'>check_circle</i></span>And user enter '1234-A, Mumbai' in text area</h6>

				</li>
				<li test-id='140' class='gc and Pass' status='Pass'>
					<h6 class="step-name" title="steps.ContactusPageSteps.selectTheAgreementRadio()"><span class='status pass' title='Pass'><i class='material-icons'>check_circle</i></span>And Select the agreement radio</h6>

				</li>
				<li test-id='141' class='gc when Pass' status='Pass'>
					<h6 class="step-name" title="steps.ContactusPageSteps.clickOnSubmitButton()"><span class='status pass' title='Pass'><i class='material-icons'>check_circle</i></span>When click on submit button</h6>

				</li>
				<li test-id='142' class='gc then Fail' status='Fail'>
					<h6 class="step-name" title="steps.ContactusPageSteps.verifyTheMessageInErrorMessageArea(java.lang.String)"><span class='status fail' title='Fail'><i class='material-icons'>cancel</i></span>Then verify the 'No data found' in error message area</h6>

							<textarea disabled class="code-block">org.junit.ComparisonFailure: expected:<[No data found]> but was:<[Sorry, there was an error submitting the form. Please try again.]>
	at org.junit.Assert.assertEquals(Assert.java:117)
	at org.junit.Assert.assertEquals(Assert.java:146)
	at pages.ContactusPage.verifyErrorMessage(ContactusPage.java:123)
	at steps.ContactusPageSteps.verifyTheMessageInErrorMessageArea(ContactusPageSteps.java:67)
	at ?.verify the 'No data found' in error message area(file:///C:/tendable-com/src/test/resources/features/contactus.feature:17)
</textarea>
				</li>
				<li test-id='143' class='gc * Pass' status='Pass'>
					<h6 class="step-name" title="AFTER"><span class='status pass' title='Pass'><i class='material-icons'>check_circle</i></span>steps.MyHooks.clearSetup(io.cucumber.java.Scenario)</h6>

							<div class="node-step">Contact us</div>
							<div class='screenshots'>
								<img width='80' height='40' onerror='this.style.display="none"' data-featherlight='../test-output/Screenshots/embedded1.png' src='../test-output/Screenshots/embedded1.png'>
							</div>
				</li>
			</ul>
		</li>
	</ul>
</div>
					</div>
				</li>
				<li class='test displayed active has-leaf pass' status='pass' bdd='true' test-id='4'>
					<div class='test-heading'>
						<span class='test-name'>Practice</span>
						<span class='test-time'>Mar 11, 2024 06:24:39 pm</span>
						<span class='test-status right pass'>Pass</span>
					</div>
					<div class='test-content hide'>
<div class="sr-filters bdd-filters">
	<a class="btn-floating waves-effect waves-light pass green" title="pass"><i class='material-icons'>check_circle</i></a>
	<a class="btn-floating waves-effect waves-light fail red" title="fail"><i class='material-icons'>cancel</i></a>
	<a class="btn-floating waves-effect waves-light skip blue" title="skip"><i class='material-icons'>redo</i></a>
	<a class="btn-floating waves-effect waves-light clear grey" title="clear"><i class='material-icons'>clear</i></a>
</div>

<div class='scenario node' test-id='5' status='pass'>

	<span class='duration right label'>00 00 11.319</span>
	<div class="bdd-test">
		<div class="scenario-name"><span class='status pass' title='Pass'><i class='material-icons'>check_circle</i></span> Scenario: Animals</div>
	</div>
	
	
		<div class='category-list'>
				<span class='category label'>@animal</span>
				<span class='category label'>@pract</span>
		</div>
	
	<ul class='steps'>
		<li test-id='16' class='node given Pass' status='Pass'>
			<div class="step-name" title="(steps.PracStepdefs.theFollowingAnimal(java.util.List<java.lang.String>))"><span class='status pass' title='Pass'><i class='material-icons'>check_circle</i></span>Given the following animal:</div>


					<div class="node-step"><table class='markup-table table '><tr><td>Cow</td></tr><tr><td>Horse</td></tr><tr><td>Dog</td></tr><tr><td>Elephant</td></tr></table></div>
		</li>
	</ul>
</div>
<div class='scenario node' test-id='21' status='pass'>

	<span class='duration right label'>00 00 06.468</span>
	<div class="bdd-test">
		<div class="scenario-name"><span class='status pass' title='Pass'><i class='material-icons'>check_circle</i></span> Scenario: Animals</div>
	</div>
	
	
		<div class='category-list'>
				<span class='category label'>@wild</span>
				<span class='category label'>@pract</span>
		</div>
	
	<ul class='steps'>
		<li test-id='25' class='node given Pass' status='Pass'>
			<div class="step-name" title="(steps.PracStepdefs.theFollowingWildAnimal(java.util.Map<java.lang.String, java.lang.String>))"><span class='status pass' title='Pass'><i class='material-icons'>check_circle</i></span>Given the following wild animal:</div>


					<div class="node-step"><table class='markup-table table '><tr><td>tiger</td><td>jungle</td></tr><tr><td>deer</td><td>den</td></tr><tr><td>bear</td><td>jungle</td></tr><tr><td>snake</td><td>den</td></tr></table></div>
		</li>
	</ul>
</div>
					</div>
				</li>
				<li class='test displayed active has-leaf fail' status='fail' bdd='true' test-id='6'>
					<div class='test-heading'>
						<span class='test-name'>Drinks Rate</span>
						<span class='test-time'>Mar 11, 2024 06:24:39 pm</span>
						<span class='test-status right fail'>Fail</span>
					</div>
					<div class='test-content hide'>
<div class="sr-filters bdd-filters">
	<a class="btn-floating waves-effect waves-light pass green" title="pass"><i class='material-icons'>check_circle</i></a>
	<a class="btn-floating waves-effect waves-light fail red" title="fail"><i class='material-icons'>cancel</i></a>
	<a class="btn-floating waves-effect waves-light skip blue" title="skip"><i class='material-icons'>redo</i></a>
	<a class="btn-floating waves-effect waves-light clear grey" title="clear"><i class='material-icons'>clear</i></a>
</div>

<div class='scenario node' test-id='7' status='fail'>

	<span class='duration right label'>00 00 11.317</span>
	<div class="bdd-test">
		<div class="scenario-name"><span class='status fail' title='Fail'><i class='material-icons'>cancel</i></span> Scenario: Display available drinks</div>
	</div>
	
	
		<div class='category-list'>
				<span class='category label'>@split[flat-white:off]</span>
				<span class='category label'>@snacks</span>
		</div>
	
	<ul class='steps'>
		<li test-id='18' class='node given Pass' status='Pass'>
			<div class="step-name" title="(steps.DrinksStepdefs.theMachineIsNotEmpty())"><span class='status pass' title='Pass'><i class='material-icons'>check_circle</i></span>Given the machine is not empty</div>


		</li>
		<li test-id='19' class='node then Pass' status='Pass'>
			<div class="step-name" title="(steps.DrinksStepdefs.theFollowingDrinksShouldBeAvailable(java.util.Map<java.lang.String, java.lang.String>))"><span class='status pass' title='Pass'><i class='material-icons'>check_circle</i></span>Then the following drinks should be available:</div>


					<div class="node-step"><table class='markup-table table '><tr><td>name</td><td>price</td></tr><tr><td>espresso</td><td>1.90</td></tr><tr><td>caffe latte</td><td>2.30</td></tr></table></div>
		</li>
		<li test-id='20' class='node * Fail' status='Fail'>
			<div class="step-name" title="(AFTER)"><span class='status fail' title='Fail'><i class='material-icons'>cancel</i></span>steps.MyHooks.clearSetup(io.cucumber.java.Scenario)</div>


					<textarea disabled class="code-block">org.openqa.selenium.WebDriverException: Timed out waiting for driver server to stop.
Build info: version: '4.17.0', revision: 'e52b1be057*'
System info: os.name: 'Windows 11', os.arch: 'amd64', os.version: '10.0', java.version: '17.0.9'
Driver info: org.openqa.selenium.chrome.ChromeDriver
Command: [ff961e96920a235c53b5e188cf070d06, quit {}]
Capabilities {acceptInsecureCerts: false, browserName: chrome, browserVersion: 122.0.6261.112, chrome: {chromedriverVersion: 122.0.6261.111 (9d4c1072da6..., userDataDir: C:\Users\shahn\AppData\Loca...}, fedcm:accounts: true, goog:chromeOptions: {debuggerAddress: localhost:50478}, networkConnectionEnabled: false, pageLoadStrategy: normal, platformName: windows, proxy: Proxy(), se:cdp: ws://localhost:50478/devtoo..., se:cdpVersion: 122.0.6261.112, setWindowRect: true, strictFileInteractability: false, timeouts: {implicit: 0, pageLoad: 300000, script: 30000}, unhandledPromptBehavior: dismiss and notify, webauthn:extension:credBlob: true, webauthn:extension:largeBlob: true, webauthn:extension:minPinLength: true, webauthn:extension:prf: true, webauthn:virtualAuthenticators: true}
Session ID: ff961e96920a235c53b5e188cf070d06
	at org.openqa.selenium.remote.service.DriverCommandExecutor.execute(DriverCommandExecutor.java:164)
	at org.openqa.selenium.remote.RemoteWebDriver.execute(RemoteWebDriver.java:519)
	at org.openqa.selenium.remote.RemoteWebDriver.execute(RemoteWebDriver.java:592)
	at org.openqa.selenium.remote.RemoteWebDriver.execute(RemoteWebDriver.java:596)
	at org.openqa.selenium.remote.RemoteWebDriver.quit(RemoteWebDriver.java:434)
	at org.openqa.selenium.chromium.ChromiumDriver.quit(ChromiumDriver.java:432)
	at steps.MyHooks.clearSetup(MyHooks.java:30)
Caused by: java.util.concurrent.ExecutionException: java.lang.NullPointerException: Cannot invoke "java.net.http.HttpClient.sendAsync(java.net.http.HttpRequest, java.net.http.HttpResponse$BodyHandler)" because "this.client" is null
	at java.base/java.util.concurrent.CompletableFuture.reportGet(CompletableFuture.java:396)
	at java.base/java.util.concurrent.CompletableFuture.get(CompletableFuture.java:2096)
	at org.openqa.selenium.remote.service.DriverCommandExecutor.execute(DriverCommandExecutor.java:160)
	at org.openqa.selenium.remote.RemoteWebDriver.execute(RemoteWebDriver.java:519)
	at org.openqa.selenium.remote.RemoteWebDriver.execute(RemoteWebDriver.java:592)
	at org.openqa.selenium.remote.RemoteWebDriver.execute(RemoteWebDriver.java:596)
	at org.openqa.selenium.remote.RemoteWebDriver.quit(RemoteWebDriver.java:434)
	at org.openqa.selenium.chromium.ChromiumDriver.quit(ChromiumDriver.java:432)
	at steps.MyHooks.clearSetup(MyHooks.java:30)
	at java.base/jdk.internal.reflect.NativeMethodAccessorImpl.invoke0(Native Method)
	at java.base/jdk.internal.reflect.NativeMethodAccessorImpl.invoke(NativeMethodAccessorImpl.java:77)
	at java.base/jdk.internal.reflect.DelegatingMethodAccessorImpl.invoke(DelegatingMethodAccessorImpl.java:43)
	at java.base/java.lang.reflect.Method.invoke(Method.java:568)
	at io.cucumber.java.Invoker.doInvoke(Invoker.java:66)
	at io.cucumber.java.Invoker.invoke(Invoker.java:24)
	at io.cucumber.java.AbstractGlueDefinition.invokeMethod(AbstractGlueDefinition.java:47)
	at io.cucumber.java.JavaHookDefinition.execute(JavaHookDefinition.java:64)
	at io.cucumber.core.runner.CoreHookDefinition.execute(CoreHookDefinition.java:46)
	at io.cucumber.core.runner.HookDefinitionMatch.runStep(HookDefinitionMatch.java:21)
	at io.cucumber.core.runner.ExecutionMode$1.execute(ExecutionMode.java:10)
	at io.cucumber.core.runner.TestStep.executeStep(TestStep.java:84)
	at io.cucumber.core.runner.TestStep.run(TestStep.java:56)
	at io.cucumber.core.runner.TestCase.run(TestCase.java:90)
	at io.cucumber.core.runner.Runner.runPickle(Runner.java:75)
	at io.cucumber.junit.PickleRunners$NoStepDescriptions.lambda$run$0(PickleRunners.java:151)
	at io.cucumber.core.runtime.CucumberExecutionContext.lambda$runTestCase$5(CucumberExecutionContext.java:137)
	at io.cucumber.core.runtime.RethrowingThrowableCollector.executeAndThrow(RethrowingThrowableCollector.java:23)
	at io.cucumber.core.runtime.CucumberExecutionContext.runTestCase(CucumberExecutionContext.java:137)
	at io.cucumber.junit.PickleRunners$NoStepDescriptions.run(PickleRunners.java:148)
	at io.cucumber.junit.FeatureRunner.runChild(FeatureRunner.java:144)
	at io.cucumber.junit.FeatureRunner.runChild(FeatureRunner.java:28)
	at org.junit.runners.ParentRunner$4.run(ParentRunner.java:331)
	at org.junit.runners.ParentRunner$1.schedule(ParentRunner.java:79)
	at org.junit.runners.ParentRunner.runChildren(ParentRunner.java:329)
	at org.junit.runners.ParentRunner.access$100(ParentRunner.java:66)
	at org.junit.runners.ParentRunner$2.evaluate(ParentRunner.java:293)
	at org.junit.runners.ParentRunner$3.evaluate(ParentRunner.java:306)
	at org.junit.runners.ParentRunner.run(ParentRunner.java:413)
	at io.cucumber.junit.FeatureRunner.run(FeatureRunner.java:137)
	at io.cucumber.junit.Cucumber.runChild(Cucumber.java:196)
	at io.cucumber.junit.Cucumber.runChild(Cucumber.java:89)
	at org.junit.runners.ParentRunner$4.run(ParentRunner.java:331)
	at org.apache.maven.surefire.junitcore.pc.Scheduler$1.run(Scheduler.java:345)
	at java.base/java.util.concurrent.Executors$RunnableAdapter.call(Executors.java:539)
	at java.base/java.util.concurrent.FutureTask.run(FutureTask.java:264)
	at java.base/java.util.concurrent.ThreadPoolExecutor.runWorker(ThreadPoolExecutor.java:1136)
	at java.base/java.util.concurrent.ThreadPoolExecutor$Worker.run(ThreadPoolExecutor.java:635)
	at java.base/java.lang.Thread.run(Thread.java:840)
Caused by: java.lang.NullPointerException: Cannot invoke "java.net.http.HttpClient.sendAsync(java.net.http.HttpRequest, java.net.http.HttpResponse$BodyHandler)" because "this.client" is null
	at org.openqa.selenium.remote.http.jdk.JdkHttpClient.execute0(JdkHttpClient.java:382)
	at org.openqa.selenium.remote.http.AddSeleniumUserAgent.lambda$apply$0(AddSeleniumUserAgent.java:42)
	at org.openqa.selenium.remote.http.Filter.lambda$andFinally$1(Filter.java:55)
	at org.openqa.selenium.remote.http.jdk.JdkHttpClient.execute(JdkHttpClient.java:358)
	at org.openqa.selenium.remote.HttpCommandExecutor.execute(HttpCommandExecutor.java:187)
	at org.openqa.selenium.remote.service.DriverCommandExecutor.invokeExecute(DriverCommandExecutor.java:216)
	at org.openqa.selenium.remote.service.DriverCommandExecutor.lambda$execute$1(DriverCommandExecutor.java:126)
	at java.base/java.util.concurrent.CompletableFuture$AsyncSupply.run(CompletableFuture.java:1768)
	... 3 more
</textarea>
		</li>
	</ul>
</div>
<div class='scenario node' test-id='23' status='fail'>

	<span class='duration right label'>00 00 06.423</span>
	<div class="bdd-test">
		<div class="scenario-name"><span class='status fail' title='Fail'><i class='material-icons'>cancel</i></span> Scenario: Display available drinks (including the new experimental flat white)</div>
	</div>
	
	
		<div class='category-list'>
				<span class='category label'>@snacks</span>
				<span class='category label'>@split[flat-white:on]</span>
		</div>
	
	<ul class='steps'>
		<li test-id='27' class='node given Pass' status='Pass'>
			<div class="step-name" title="(steps.DrinksStepdefs.theMachineIsNotEmpty())"><span class='status pass' title='Pass'><i class='material-icons'>check_circle</i></span>Given the machine is not empty</div>


		</li>
		<li test-id='28' class='node then Pass' status='Pass'>
			<div class="step-name" title="(steps.DrinksStepdefs.theFollowingDrinksShouldBeAvailable(java.util.Map<java.lang.String, java.lang.String>))"><span class='status pass' title='Pass'><i class='material-icons'>check_circle</i></span>Then the following drinks should be available:</div>


					<div class="node-step"><table class='markup-table table '><tr><td>name</td><td>price</td></tr><tr><td>espresso</td><td>1.90</td></tr><tr><td>flat white</td><td>2.10</td></tr><tr><td>caffe latte</td><td>2.30</td></tr></table></div>
		</li>
		<li test-id='29' class='node * Fail' status='Fail'>
			<div class="step-name" title="(AFTER)"><span class='status fail' title='Fail'><i class='material-icons'>cancel</i></span>steps.MyHooks.clearSetup(io.cucumber.java.Scenario)</div>


					<textarea disabled class="code-block">org.openqa.selenium.WebDriverException: Timed out waiting for driver server to stop.
Build info: version: '4.17.0', revision: 'e52b1be057*'
System info: os.name: 'Windows 11', os.arch: 'amd64', os.version: '10.0', java.version: '17.0.9'
Driver info: org.openqa.selenium.chrome.ChromeDriver
Command: [0bd0205a89b12ae8be3a808b2889e0d4, quit {}]
Capabilities {acceptInsecureCerts: false, browserName: chrome, browserVersion: 122.0.6261.112, chrome: {chromedriverVersion: 122.0.6261.111 (9d4c1072da6..., userDataDir: C:\Users\shahn\AppData\Loca...}, fedcm:accounts: true, goog:chromeOptions: {debuggerAddress: localhost:50557}, networkConnectionEnabled: false, pageLoadStrategy: normal, platformName: windows, proxy: Proxy(), se:cdp: ws://localhost:50557/devtoo..., se:cdpVersion: 122.0.6261.112, setWindowRect: true, strictFileInteractability: false, timeouts: {implicit: 0, pageLoad: 300000, script: 30000}, unhandledPromptBehavior: dismiss and notify, webauthn:extension:credBlob: true, webauthn:extension:largeBlob: true, webauthn:extension:minPinLength: true, webauthn:extension:prf: true, webauthn:virtualAuthenticators: true}
Session ID: 0bd0205a89b12ae8be3a808b2889e0d4
	at org.openqa.selenium.remote.service.DriverCommandExecutor.execute(DriverCommandExecutor.java:164)
	at org.openqa.selenium.remote.RemoteWebDriver.execute(RemoteWebDriver.java:519)
	at org.openqa.selenium.remote.RemoteWebDriver.execute(RemoteWebDriver.java:592)
	at org.openqa.selenium.remote.RemoteWebDriver.execute(RemoteWebDriver.java:596)
	at org.openqa.selenium.remote.RemoteWebDriver.quit(RemoteWebDriver.java:434)
	at org.openqa.selenium.chromium.ChromiumDriver.quit(ChromiumDriver.java:432)
	at steps.MyHooks.clearSetup(MyHooks.java:30)
Caused by: java.util.concurrent.ExecutionException: java.lang.NullPointerException: Cannot invoke "java.net.http.HttpClient.sendAsync(java.net.http.HttpRequest, java.net.http.HttpResponse$BodyHandler)" because "this.client" is null
	at java.base/java.util.concurrent.CompletableFuture.reportGet(CompletableFuture.java:396)
	at java.base/java.util.concurrent.CompletableFuture.get(CompletableFuture.java:2096)
	at org.openqa.selenium.remote.service.DriverCommandExecutor.execute(DriverCommandExecutor.java:160)
	at org.openqa.selenium.remote.RemoteWebDriver.execute(RemoteWebDriver.java:519)
	at org.openqa.selenium.remote.RemoteWebDriver.execute(RemoteWebDriver.java:592)
	at org.openqa.selenium.remote.RemoteWebDriver.execute(RemoteWebDriver.java:596)
	at org.openqa.selenium.remote.RemoteWebDriver.quit(RemoteWebDriver.java:434)
	at org.openqa.selenium.chromium.ChromiumDriver.quit(ChromiumDriver.java:432)
	at steps.MyHooks.clearSetup(MyHooks.java:30)
	at java.base/jdk.internal.reflect.NativeMethodAccessorImpl.invoke0(Native Method)
	at java.base/jdk.internal.reflect.NativeMethodAccessorImpl.invoke(NativeMethodAccessorImpl.java:77)
	at java.base/jdk.internal.reflect.DelegatingMethodAccessorImpl.invoke(DelegatingMethodAccessorImpl.java:43)
	at java.base/java.lang.reflect.Method.invoke(Method.java:568)
	at io.cucumber.java.Invoker.doInvoke(Invoker.java:66)
	at io.cucumber.java.Invoker.invoke(Invoker.java:24)
	at io.cucumber.java.AbstractGlueDefinition.invokeMethod(AbstractGlueDefinition.java:47)
	at io.cucumber.java.JavaHookDefinition.execute(JavaHookDefinition.java:64)
	at io.cucumber.core.runner.CoreHookDefinition.execute(CoreHookDefinition.java:46)
	at io.cucumber.core.runner.HookDefinitionMatch.runStep(HookDefinitionMatch.java:21)
	at io.cucumber.core.runner.ExecutionMode$1.execute(ExecutionMode.java:10)
	at io.cucumber.core.runner.TestStep.executeStep(TestStep.java:84)
	at io.cucumber.core.runner.TestStep.run(TestStep.java:56)
	at io.cucumber.core.runner.TestCase.run(TestCase.java:90)
	at io.cucumber.core.runner.Runner.runPickle(Runner.java:75)
	at io.cucumber.junit.PickleRunners$NoStepDescriptions.lambda$run$0(PickleRunners.java:151)
	at io.cucumber.core.runtime.CucumberExecutionContext.lambda$runTestCase$5(CucumberExecutionContext.java:137)
	at io.cucumber.core.runtime.RethrowingThrowableCollector.executeAndThrow(RethrowingThrowableCollector.java:23)
	at io.cucumber.core.runtime.CucumberExecutionContext.runTestCase(CucumberExecutionContext.java:137)
	at io.cucumber.junit.PickleRunners$NoStepDescriptions.run(PickleRunners.java:148)
	at io.cucumber.junit.FeatureRunner.runChild(FeatureRunner.java:144)
	at io.cucumber.junit.FeatureRunner.runChild(FeatureRunner.java:28)
	at org.junit.runners.ParentRunner$4.run(ParentRunner.java:331)
	at org.junit.runners.ParentRunner$1.schedule(ParentRunner.java:79)
	at org.junit.runners.ParentRunner.runChildren(ParentRunner.java:329)
	at org.junit.runners.ParentRunner.access$100(ParentRunner.java:66)
	at org.junit.runners.ParentRunner$2.evaluate(ParentRunner.java:293)
	at org.junit.runners.ParentRunner$3.evaluate(ParentRunner.java:306)
	at org.junit.runners.ParentRunner.run(ParentRunner.java:413)
	at io.cucumber.junit.FeatureRunner.run(FeatureRunner.java:137)
	at io.cucumber.junit.Cucumber.runChild(Cucumber.java:196)
	at io.cucumber.junit.Cucumber.runChild(Cucumber.java:89)
	at org.junit.runners.ParentRunner$4.run(ParentRunner.java:331)
	at org.apache.maven.surefire.junitcore.pc.Scheduler$1.run(Scheduler.java:345)
	at java.base/java.util.concurrent.Executors$RunnableAdapter.call(Executors.java:539)
	at java.base/java.util.concurrent.FutureTask.run(FutureTask.java:264)
	at java.base/java.util.concurrent.ThreadPoolExecutor.runWorker(ThreadPoolExecutor.java:1136)
	at java.base/java.util.concurrent.ThreadPoolExecutor$Worker.run(ThreadPoolExecutor.java:635)
	at java.base/java.lang.Thread.run(Thread.java:840)
Caused by: java.lang.NullPointerException: Cannot invoke "java.net.http.HttpClient.sendAsync(java.net.http.HttpRequest, java.net.http.HttpResponse$BodyHandler)" because "this.client" is null
	at org.openqa.selenium.remote.http.jdk.JdkHttpClient.execute0(JdkHttpClient.java:382)
	at org.openqa.selenium.remote.http.AddSeleniumUserAgent.lambda$apply$0(AddSeleniumUserAgent.java:42)
	at org.openqa.selenium.remote.http.Filter.lambda$andFinally$1(Filter.java:55)
	at org.openqa.selenium.remote.http.jdk.JdkHttpClient.execute(JdkHttpClient.java:358)
	at org.openqa.selenium.remote.HttpCommandExecutor.execute(HttpCommandExecutor.java:187)
	at org.openqa.selenium.remote.service.DriverCommandExecutor.invokeExecute(DriverCommandExecutor.java:216)
	at org.openqa.selenium.remote.service.DriverCommandExecutor.lambda$execute$1(DriverCommandExecutor.java:126)
	at java.base/java.util.concurrent.CompletableFuture$AsyncSupply.run(CompletableFuture.java:1768)
	... 3 more
</textarea>
		</li>
	</ul>
</div>
					</div>
				</li>
				<li class='test displayed active has-leaf fail' status='fail' bdd='true' test-id='9'>
					<div class='test-heading'>
						<span class='test-name'>Home Page Menu Verification</span>
						<span class='test-time'>Mar 11, 2024 06:24:39 pm</span>
						<span class='test-status right fail'>Fail</span>
					</div>
					<div class='test-content hide'>
<div class="sr-filters bdd-filters">
	<a class="btn-floating waves-effect waves-light pass green" title="pass"><i class='material-icons'>check_circle</i></a>
	<a class="btn-floating waves-effect waves-light fail red" title="fail"><i class='material-icons'>cancel</i></a>
	<a class="btn-floating waves-effect waves-light skip blue" title="skip"><i class='material-icons'>redo</i></a>
	<a class="btn-floating waves-effect waves-light clear grey" title="clear"><i class='material-icons'>clear</i></a>
</div>

<div class='scenario node' test-id='10' status='fail'>

	<span class='duration right label'>00 03 11.218</span>
	<div class="bdd-test">
		<div class="scenario-name"><span class='status fail' title='Fail'><i class='material-icons'>cancel</i></span> Scenario: Home Page Menu Verification</div>
	</div>
	
	
		<div class='category-list'>
				<span class='category label'>@HomePage</span>
				<span class='category label'>@HomePageMenu</span>
		</div>
	
	<ul class='steps'>
		<li test-id='15' class='node given Fail' status='Fail'>
			<div class="step-name" title="(steps.HomePageSteps.userAccessTheWebsiteAndVerifyHomePage())"><span class='status fail' title='Fail'><i class='material-icons'>cancel</i></span>Given user access the website and verify home page</div>


					<textarea disabled class="code-block">org.openqa.selenium.TimeoutException: java.util.concurrent.TimeoutException
Build info: version: '4.17.0', revision: 'e52b1be057*'
System info: os.name: 'Windows 11', os.arch: 'amd64', os.version: '10.0', java.version: '17.0.9'
Driver info: org.openqa.selenium.chrome.ChromeDriver
Command: [ff961e96920a235c53b5e188cf070d06, isElementDisplayed {id=f.88B9606473C0B0E6EDDEDE7146CBDC79.d.674B52A32897597171B837F38E96D1E8.e.87}]
Capabilities {acceptInsecureCerts: false, browserName: chrome, browserVersion: 122.0.6261.112, chrome: {chromedriverVersion: 122.0.6261.111 (9d4c1072da6..., userDataDir: C:\Users\shahn\AppData\Loca...}, fedcm:accounts: true, goog:chromeOptions: {debuggerAddress: localhost:50478}, networkConnectionEnabled: false, pageLoadStrategy: normal, platformName: windows, proxy: Proxy(), se:cdp: ws://localhost:50478/devtoo..., se:cdpVersion: 122.0.6261.112, setWindowRect: true, strictFileInteractability: false, timeouts: {implicit: 0, pageLoad: 300000, script: 30000}, unhandledPromptBehavior: dismiss and notify, webauthn:extension:credBlob: true, webauthn:extension:largeBlob: true, webauthn:extension:minPinLength: true, webauthn:extension:prf: true, webauthn:virtualAuthenticators: true}
Element: [[ChromeDriver: chrome on windows (ff961e96920a235c53b5e188cf070d06)] -> css selector: a[class='logo']]
	at org.openqa.selenium.remote.http.jdk.JdkHttpClient.execute0(JdkHttpClient.java:402)
	at org.openqa.selenium.remote.http.AddSeleniumUserAgent.lambda$apply$0(AddSeleniumUserAgent.java:42)
	at org.openqa.selenium.remote.http.Filter.lambda$andFinally$1(Filter.java:55)
	at org.openqa.selenium.remote.http.jdk.JdkHttpClient.execute(JdkHttpClient.java:358)
	at org.openqa.selenium.remote.HttpCommandExecutor.execute(HttpCommandExecutor.java:187)
	at org.openqa.selenium.remote.service.DriverCommandExecutor.invokeExecute(DriverCommandExecutor.java:216)
	at org.openqa.selenium.remote.service.DriverCommandExecutor.execute(DriverCommandExecutor.java:174)
	at org.openqa.selenium.remote.RemoteWebDriver.execute(RemoteWebDriver.java:519)
	at org.openqa.selenium.remote.RemoteWebElement.execute(RemoteWebElement.java:223)
	at org.openqa.selenium.remote.RemoteWebElement.isDisplayed(RemoteWebElement.java:282)
	at java.base/jdk.internal.reflect.NativeMethodAccessorImpl.invoke0(Native Method)
	at java.base/jdk.internal.reflect.NativeMethodAccessorImpl.invoke(NativeMethodAccessorImpl.java:77)
	at java.base/jdk.internal.reflect.DelegatingMethodAccessorImpl.invoke(DelegatingMethodAccessorImpl.java:43)
	at java.base/java.lang.reflect.Method.invoke(Method.java:568)
	at org.openqa.selenium.support.pagefactory.internal.LocatingElementHandler.invoke(LocatingElementHandler.java:51)
	at jdk.proxy2/jdk.proxy2.$Proxy24.isDisplayed(Unknown Source)
	at org.openqa.selenium.support.ui.ExpectedConditions.elementIfVisible(ExpectedConditions.java:304)
	at org.openqa.selenium.support.ui.ExpectedConditions$10.apply(ExpectedConditions.java:290)
	at org.openqa.selenium.support.ui.ExpectedConditions$10.apply(ExpectedConditions.java:287)
	at org.openqa.selenium.support.ui.ExpectedConditions$50.apply(ExpectedConditions.java:1438)
	at org.openqa.selenium.support.ui.ExpectedConditions$50.apply(ExpectedConditions.java:1434)
	at org.openqa.selenium.support.ui.FluentWait.until(FluentWait.java:203)
	at utils.SeleniumCommonFunction.WaitElement(SeleniumCommonFunction.java:19)
	at pages.HomePage.verifyHomeMenu(HomePage.java:72)
	at steps.HomePageSteps.userAccessTheWebsiteAndVerifyHomePage(HomePageSteps.java:11)
	at ?.user access the website and verify home page(file:///C:/tendable-com/src/test/resources/features/home.feature:5)
Caused by: java.util.concurrent.TimeoutException
	at java.base/java.util.concurrent.CompletableFuture.timedGet(CompletableFuture.java:1960)
	at java.base/java.util.concurrent.CompletableFuture.get(CompletableFuture.java:2095)
	at org.openqa.selenium.remote.http.jdk.JdkHttpClient.execute0(JdkHttpClient.java:385)
	at org.openqa.selenium.remote.http.AddSeleniumUserAgent.lambda$apply$0(AddSeleniumUserAgent.java:42)
	at org.openqa.selenium.remote.http.Filter.lambda$andFinally$1(Filter.java:55)
	at org.openqa.selenium.remote.http.jdk.JdkHttpClient.execute(JdkHttpClient.java:358)
	at org.openqa.selenium.remote.HttpCommandExecutor.execute(HttpCommandExecutor.java:187)
	at org.openqa.selenium.remote.service.DriverCommandExecutor.invokeExecute(DriverCommandExecutor.java:216)
	at org.openqa.selenium.remote.service.DriverCommandExecutor.execute(DriverCommandExecutor.java:174)
	at org.openqa.selenium.remote.RemoteWebDriver.execute(RemoteWebDriver.java:519)
	at org.openqa.selenium.remote.RemoteWebElement.execute(RemoteWebElement.java:223)
	at org.openqa.selenium.remote.RemoteWebElement.isDisplayed(RemoteWebElement.java:282)
	at java.base/jdk.internal.reflect.NativeMethodAccessorImpl.invoke0(Native Method)
	at java.base/jdk.internal.reflect.NativeMethodAccessorImpl.invoke(NativeMethodAccessorImpl.java:77)
	at java.base/jdk.internal.reflect.DelegatingMethodAccessorImpl.invoke(DelegatingMethodAccessorImpl.java:43)
	at java.base/java.lang.reflect.Method.invoke(Method.java:568)
	at org.openqa.selenium.support.pagefactory.internal.LocatingElementHandler.invoke(LocatingElementHandler.java:51)
	at jdk.proxy2/jdk.proxy2.$Proxy24.isDisplayed(Unknown Source)
	at org.openqa.selenium.support.ui.ExpectedConditions.elementIfVisible(ExpectedConditions.java:304)
	at org.openqa.selenium.support.ui.ExpectedConditions$10.apply(ExpectedConditions.java:290)
	at org.openqa.selenium.support.ui.ExpectedConditions$10.apply(ExpectedConditions.java:287)
	at org.openqa.selenium.support.ui.ExpectedConditions$50.apply(ExpectedConditions.java:1438)
	at org.openqa.selenium.support.ui.ExpectedConditions$50.apply(ExpectedConditions.java:1434)
	at org.openqa.selenium.support.ui.FluentWait.until(FluentWait.java:203)
	at utils.SeleniumCommonFunction.WaitElement(SeleniumCommonFunction.java:19)
	at pages.HomePage.verifyHomeMenu(HomePage.java:72)
	at steps.HomePageSteps.userAccessTheWebsiteAndVerifyHomePage(HomePageSteps.java:11)
	at java.base/jdk.internal.reflect.NativeMethodAccessorImpl.invoke0(Native Method)
	at java.base/jdk.internal.reflect.NativeMethodAccessorImpl.invoke(NativeMethodAccessorImpl.java:77)
	at java.base/jdk.internal.reflect.DelegatingMethodAccessorImpl.invoke(DelegatingMethodAccessorImpl.java:43)
	at java.base/java.lang.reflect.Method.invoke(Method.java:568)
	at io.cucumber.java.Invoker.doInvoke(Invoker.java:66)
	at io.cucumber.java.Invoker.invoke(Invoker.java:24)
	at io.cucumber.java.AbstractGlueDefinition.invokeMethod(AbstractGlueDefinition.java:47)
	at io.cucumber.java.JavaStepDefinition.execute(JavaStepDefinition.java:29)
	at io.cucumber.core.runner.CoreStepDefinition.execute(CoreStepDefinition.java:66)
	at io.cucumber.core.runner.PickleStepDefinitionMatch.runStep(PickleStepDefinitionMatch.java:63)
	at io.cucumber.core.runner.ExecutionMode$1.execute(ExecutionMode.java:10)
	at io.cucumber.core.runner.TestStep.executeStep(TestStep.java:84)
	at io.cucumber.core.runner.TestStep.run(TestStep.java:56)
	at io.cucumber.core.runner.PickleStepTestStep.run(PickleStepTestStep.java:51)
	at io.cucumber.core.runner.TestCase.run(TestCase.java:84)
	at io.cucumber.core.runner.Runner.runPickle(Runner.java:75)
	at io.cucumber.junit.PickleRunners$NoStepDescriptions.lambda$run$0(PickleRunners.java:151)
	at io.cucumber.core.runtime.CucumberExecutionContext.lambda$runTestCase$5(CucumberExecutionContext.java:137)
	at io.cucumber.core.runtime.RethrowingThrowableCollector.executeAndThrow(RethrowingThrowableCollector.java:23)
	at io.cucumber.core.runtime.CucumberExecutionContext.runTestCase(CucumberExecutionContext.java:137)
	at io.cucumber.junit.PickleRunners$NoStepDescriptions.run(PickleRunners.java:148)
	at io.cucumber.junit.FeatureRunner.runChild(FeatureRunner.java:144)
	at io.cucumber.junit.FeatureRunner.runChild(FeatureRunner.java:28)
	at org.junit.runners.ParentRunner$4.run(ParentRunner.java:331)
	at org.junit.runners.ParentRunner$1.schedule(ParentRunner.java:79)
	at org.junit.runners.ParentRunner.runChildren(ParentRunner.java:329)
	at org.junit.runners.ParentRunner.access$100(ParentRunner.java:66)
	at org.junit.runners.ParentRunner$2.evaluate(ParentRunner.java:293)
	at org.junit.runners.ParentRunner$3.evaluate(ParentRunner.java:306)
	at org.junit.runners.ParentRunner.run(ParentRunner.java:413)
	at io.cucumber.junit.FeatureRunner.run(FeatureRunner.java:137)
	at io.cucumber.junit.Cucumber.runChild(Cucumber.java:196)
	at io.cucumber.junit.Cucumber.runChild(Cucumber.java:89)
	at org.junit.runners.ParentRunner$4.run(ParentRunner.java:331)
	at org.apache.maven.surefire.junitcore.pc.Scheduler$1.run(Scheduler.java:345)
	at java.base/java.util.concurrent.Executors$RunnableAdapter.call(Executors.java:539)
	at java.base/java.util.concurrent.FutureTask.run(FutureTask.java:264)
	at java.base/java.util.concurrent.ThreadPoolExecutor.runWorker(ThreadPoolExecutor.java:1136)
	at java.base/java.util.concurrent.ThreadPoolExecutor$Worker.run(ThreadPoolExecutor.java:635)
	at java.base/java.lang.Thread.run(Thread.java:840)
</textarea>
		</li>
		<li test-id='43' class='node and Skip' status='Skip'>
			<div class="step-name" title="(steps.HomePageSteps.userVerifyOurStoryMenu())"><span class='status skip' title='Skip'><i class='material-icons'>redo</i></span>And user verify our story menu</div>


					<div class="node-step">Step skipped</div>
		</li>
		<li test-id='44' class='node and Skip' status='Skip'>
			<div class="step-name" title="(steps.HomePageSteps.userVerifyOurSolutionMenu())"><span class='status skip' title='Skip'><i class='material-icons'>redo</i></span>And user verify our solution menu</div>


					<div class="node-step">Step skipped</div>
		</li>
		<li test-id='45' class='node and Skip' status='Skip'>
			<div class="step-name" title="(steps.HomePageSteps.userVerifyWhyTendableMenu())"><span class='status skip' title='Skip'><i class='material-icons'>redo</i></span>And user verify why tendable menu</div>


					<div class="node-step">Step skipped</div>
		</li>
		<li test-id='46' class='node and Skip' status='Skip'>
			<div class="step-name" title="(steps.HomePageSteps.userVerifyAboutUsMenu())"><span class='status skip' title='Skip'><i class='material-icons'>redo</i></span>And user verify about us menu</div>


					<div class="node-step">Step skipped</div>
		</li>
		<li test-id='47' class='node * Fail' status='Fail'>
			<div class="step-name" title="(AFTER)"><span class='status fail' title='Fail'><i class='material-icons'>cancel</i></span>steps.MyHooks.clearSetup(io.cucumber.java.Scenario)</div>


					<textarea disabled class="code-block">org.openqa.selenium.NoSuchSessionException: Session ID is null. Using WebDriver after calling quit()?
Build info: version: '4.17.0', revision: 'e52b1be057*'
System info: os.name: 'Windows 11', os.arch: 'amd64', os.version: '10.0', java.version: '17.0.9'
Driver info: org.openqa.selenium.chrome.ChromeDriver
Command: [null, screenshot {}]
Capabilities {acceptInsecureCerts: false, browserName: chrome, browserVersion: 122.0.6261.112, chrome: {chromedriverVersion: 122.0.6261.111 (9d4c1072da6..., userDataDir: C:\Users\shahn\AppData\Loca...}, fedcm:accounts: true, goog:chromeOptions: {debuggerAddress: localhost:50557}, networkConnectionEnabled: false, pageLoadStrategy: normal, platformName: windows, proxy: Proxy(), se:cdp: ws://localhost:50557/devtoo..., se:cdpVersion: 122.0.6261.112, setWindowRect: true, strictFileInteractability: false, timeouts: {implicit: 0, pageLoad: 300000, script: 30000}, unhandledPromptBehavior: dismiss and notify, webauthn:extension:credBlob: true, webauthn:extension:largeBlob: true, webauthn:extension:minPinLength: true, webauthn:extension:prf: true, webauthn:virtualAuthenticators: true}
	at org.openqa.selenium.remote.HttpCommandExecutor.execute(HttpCommandExecutor.java:151)
	at org.openqa.selenium.remote.service.DriverCommandExecutor.invokeExecute(DriverCommandExecutor.java:216)
	at org.openqa.selenium.remote.service.DriverCommandExecutor.execute(DriverCommandExecutor.java:174)
	at org.openqa.selenium.remote.RemoteWebDriver.execute(RemoteWebDriver.java:519)
	at org.openqa.selenium.remote.RemoteWebDriver.execute(RemoteWebDriver.java:592)
	at org.openqa.selenium.remote.RemoteWebDriver.execute(RemoteWebDriver.java:596)
	at org.openqa.selenium.remote.RemoteWebDriver.getScreenshotAs(RemoteWebDriver.java:322)
	at steps.MyHooks.clearSetup(MyHooks.java:27)
</textarea>
		</li>
	</ul>
</div>
					</div>
				</li>
			</ul>
		</div>
	</div>
	
	
	<!-- subview left -->
	<div class='subview-right left'>
		<div class='view-summary'>
			<div id='step-filters' class="right sr-filters">
				<a class="btn-floating waves-effect waves-light green" status="pass" alt="pass" title="pass"><i class="material-icons">check_circle</i></a>
				<a class="btn-floating waves-effect waves-light red" status="fail" alt="fail" title="fail"><i class="material-icons">cancel</i></a>
				<a class="btn-floating waves-effect waves-light red darken-4" status="fatal" alt="fatal" title="fatal"><i class="material-icons">cancel</i></a>
				<a class="btn-floating waves-effect waves-light pink text-lighten-1" status="error" alt="error" title="error"><i class="material-icons">error</i></a>
				<a class="btn-floating waves-effect waves-light orange" alt="warning" status="warning" title="warning"><i class="material-icons">warning</i></a>
				<a class="btn-floating waves-effect waves-light teal" status="skip" alt="skip" title="skip"><i class="material-icons">redo</i></a>
				<a class="btn-floating waves-effect waves-light grey" status="clear" alt="Clear filters" title="Clear filters"><i class="material-icons">clear</i></a>
			</div>
			<h5 class='test-name'></h5>
		</div>
	</div>
	<!-- subview right -->
</div>
<!-- test view --><div id='category-view' class='view hide'>
	<section id='controls'>
		<div class='controls grey lighten-4'>
			<!-- search -->
			<div class='chip transparent' alt='Search Tests' title='Search Tests'>
				<a href="#" class='search-div'>
				<i class='material-icons'>search</i> Search
				</a>
				<div class='input-field left hide'>
					<input id='search-tests' type='text' class='validate browser-default' placeholder='Search Tests...'>
				</div>
			</div>
			<!-- search -->
		</div>
	</section>
	<div class='subview-left left'>
		<div class='view-summary'>
			<ul id='category-collection' class='category-collection'>
				<li class='category displayed active'>
					<div class='category-heading'>
						<span class='category-name'>@Contactusverify</span>
						<span class='category-status right'>
						<span class='label pass'>5</span>
						<span class='label fail'>2</span>
						</span>
					</div>
					<div class='category-content hide'>
						<div class='category-status-counts'>
							<span status="pass" class='label green accent-4 white-text'>Passed: 5</span>
							<span status="fail" class='label red lighten-1 white-text'>Failed: 2</span>
							
						</div>
						<div class='category-tests'>
							<table class='bordered table-results'>
								<thead>
									<tr>
										<th>Timestamp</th>
										<th>TestName</th>
										<th>Status</th>
									</tr>
								</thead>
								<tbody>
									<tr>
										<td>Mar 11, 2024 06:24:39 pm</td>
										<td class='linked' test-id='3'>Contact us</td>
										<td><span class='test-status Fail'>Fail</span></td>
									</tr>
									<tr>
										<td>Mar 11, 2024 06:27:51 pm</td>
										<td class='linked' test-id='48'>Contact us</td>
										<td><span class='test-status Pass'>Pass</span></td>
									</tr>
									<tr>
										<td>Mar 11, 2024 06:28:02 pm</td>
										<td class='linked' test-id='64'>Contact us</td>
										<td><span class='test-status Pass'>Pass</span></td>
									</tr>
									<tr>
										<td>Mar 11, 2024 06:28:13 pm</td>
										<td class='linked' test-id='80'>Contact us</td>
										<td><span class='test-status Pass'>Pass</span></td>
									</tr>
									<tr>
										<td>Mar 11, 2024 06:28:23 pm</td>
										<td class='linked' test-id='96'>Contact us</td>
										<td><span class='test-status Pass'>Pass</span></td>
									</tr>
									<tr>
										<td>Mar 11, 2024 06:28:34 pm</td>
										<td class='linked' test-id='112'>Contact us</td>
										<td><span class='test-status Pass'>Pass</span></td>
									</tr>
									<tr>
										<td>Mar 11, 2024 06:28:45 pm</td>
										<td class='linked' test-id='128'>Contact us</td>
										<td><span class='test-status Fail'>Fail</span></td>
									</tr>
								</tbody>
							</table>
						</div>
					</div>
				</li>
				<li class='category displayed active'>
					<div class='category-heading'>
						<span class='category-name'>@HomePageMenu</span>
						<span class='category-status right'>
						<span class='label fail'>1</span>
						</span>
					</div>
					<div class='category-content hide'>
						<div class='category-status-counts'>
							
							<span status="fail" class='label red lighten-1 white-text'>Failed: 1</span>
							
						</div>
						<div class='category-tests'>
							<table class='bordered table-results'>
								<thead>
									<tr>
										<th>Timestamp</th>
										<th>TestName</th>
										<th>Status</th>
									</tr>
								</thead>
								<tbody>
									<tr>
										<td>Mar 11, 2024 06:24:39 pm</td>
										<td class='linked' test-id='10'>Home Page Menu Verification</td>
										<td><span class='test-status Fail'>Fail</span></td>
									</tr>
								</tbody>
							</table>
						</div>
					</div>
				</li>
				<li class='category displayed active'>
					<div class='category-heading'>
						<span class='category-name'>@snacks</span>
						<span class='category-status right'>
						<span class='label fail'>2</span>
						</span>
					</div>
					<div class='category-content hide'>
						<div class='category-status-counts'>
							
							<span status="fail" class='label red lighten-1 white-text'>Failed: 2</span>
							
						</div>
						<div class='category-tests'>
							<table class='bordered table-results'>
								<thead>
									<tr>
										<th>Timestamp</th>
										<th>TestName</th>
										<th>Status</th>
									</tr>
								</thead>
								<tbody>
									<tr>
										<td>Mar 11, 2024 06:24:39 pm</td>
										<td class='linked' test-id='7'>Display available drinks</td>
										<td><span class='test-status Fail'>Fail</span></td>
									</tr>
									<tr>
										<td>Mar 11, 2024 06:24:51 pm</td>
										<td class='linked' test-id='23'>Display available drinks (including the new experimental flat white)</td>
										<td><span class='test-status Fail'>Fail</span></td>
									</tr>
								</tbody>
							</table>
						</div>
					</div>
				</li>
				<li class='category displayed active'>
					<div class='category-heading'>
						<span class='category-name'>@split[flat-white:off]</span>
						<span class='category-status right'>
						<span class='label fail'>1</span>
						</span>
					</div>
					<div class='category-content hide'>
						<div class='category-status-counts'>
							
							<span status="fail" class='label red lighten-1 white-text'>Failed: 1</span>
							
						</div>
						<div class='category-tests'>
							<table class='bordered table-results'>
								<thead>
									<tr>
										<th>Timestamp</th>
										<th>TestName</th>
										<th>Status</th>
									</tr>
								</thead>
								<tbody>
									<tr>
										<td>Mar 11, 2024 06:24:39 pm</td>
										<td class='linked' test-id='7'>Display available drinks</td>
										<td><span class='test-status Fail'>Fail</span></td>
									</tr>
								</tbody>
							</table>
						</div>
					</div>
				</li>
				<li class='category displayed active'>
					<div class='category-heading'>
						<span class='category-name'>@Contactus</span>
						<span class='category-status right'>
						<span class='label pass'>5</span>
						<span class='label fail'>2</span>
						</span>
					</div>
					<div class='category-content hide'>
						<div class='category-status-counts'>
							<span status="pass" class='label green accent-4 white-text'>Passed: 5</span>
							<span status="fail" class='label red lighten-1 white-text'>Failed: 2</span>
							
						</div>
						<div class='category-tests'>
							<table class='bordered table-results'>
								<thead>
									<tr>
										<th>Timestamp</th>
										<th>TestName</th>
										<th>Status</th>
									</tr>
								</thead>
								<tbody>
									<tr>
										<td>Mar 11, 2024 06:24:39 pm</td>
										<td class='linked' test-id='3'>Contact us</td>
										<td><span class='test-status Fail'>Fail</span></td>
									</tr>
									<tr>
										<td>Mar 11, 2024 06:27:51 pm</td>
										<td class='linked' test-id='48'>Contact us</td>
										<td><span class='test-status Pass'>Pass</span></td>
									</tr>
									<tr>
										<td>Mar 11, 2024 06:28:02 pm</td>
										<td class='linked' test-id='64'>Contact us</td>
										<td><span class='test-status Pass'>Pass</span></td>
									</tr>
									<tr>
										<td>Mar 11, 2024 06:28:13 pm</td>
										<td class='linked' test-id='80'>Contact us</td>
										<td><span class='test-status Pass'>Pass</span></td>
									</tr>
									<tr>
										<td>Mar 11, 2024 06:28:23 pm</td>
										<td class='linked' test-id='96'>Contact us</td>
										<td><span class='test-status Pass'>Pass</span></td>
									</tr>
									<tr>
										<td>Mar 11, 2024 06:28:34 pm</td>
										<td class='linked' test-id='112'>Contact us</td>
										<td><span class='test-status Pass'>Pass</span></td>
									</tr>
									<tr>
										<td>Mar 11, 2024 06:28:45 pm</td>
										<td class='linked' test-id='128'>Contact us</td>
										<td><span class='test-status Fail'>Fail</span></td>
									</tr>
								</tbody>
							</table>
						</div>
					</div>
				</li>
				<li class='category displayed active'>
					<div class='category-heading'>
						<span class='category-name'>@pract</span>
						<span class='category-status right'>
						<span class='label pass'>2</span>
						</span>
					</div>
					<div class='category-content hide'>
						<div class='category-status-counts'>
							<span status="pass" class='label green accent-4 white-text'>Passed: 2</span>
							
							
						</div>
						<div class='category-tests'>
							<table class='bordered table-results'>
								<thead>
									<tr>
										<th>Timestamp</th>
										<th>TestName</th>
										<th>Status</th>
									</tr>
								</thead>
								<tbody>
									<tr>
										<td>Mar 11, 2024 06:24:39 pm</td>
										<td class='linked' test-id='5'>Animals</td>
										<td><span class='test-status Pass'>Pass</span></td>
									</tr>
									<tr>
										<td>Mar 11, 2024 06:24:51 pm</td>
										<td class='linked' test-id='21'>Animals</td>
										<td><span class='test-status Pass'>Pass</span></td>
									</tr>
								</tbody>
							</table>
						</div>
					</div>
				</li>
				<li class='category displayed active'>
					<div class='category-heading'>
						<span class='category-name'>@HomePage</span>
						<span class='category-status right'>
						<span class='label fail'>1</span>
						</span>
					</div>
					<div class='category-content hide'>
						<div class='category-status-counts'>
							
							<span status="fail" class='label red lighten-1 white-text'>Failed: 1</span>
							
						</div>
						<div class='category-tests'>
							<table class='bordered table-results'>
								<thead>
									<tr>
										<th>Timestamp</th>
										<th>TestName</th>
										<th>Status</th>
									</tr>
								</thead>
								<tbody>
									<tr>
										<td>Mar 11, 2024 06:24:39 pm</td>
										<td class='linked' test-id='10'>Home Page Menu Verification</td>
										<td><span class='test-status Fail'>Fail</span></td>
									</tr>
								</tbody>
							</table>
						</div>
					</div>
				</li>
				<li class='category displayed active'>
					<div class='category-heading'>
						<span class='category-name'>@wild</span>
						<span class='category-status right'>
						<span class='label pass'>1</span>
						</span>
					</div>
					<div class='category-content hide'>
						<div class='category-status-counts'>
							<span status="pass" class='label green accent-4 white-text'>Passed: 1</span>
							
							
						</div>
						<div class='category-tests'>
							<table class='bordered table-results'>
								<thead>
									<tr>
										<th>Timestamp</th>
										<th>TestName</th>
										<th>Status</th>
									</tr>
								</thead>
								<tbody>
									<tr>
										<td>Mar 11, 2024 06:24:51 pm</td>
										<td class='linked' test-id='21'>Animals</td>
										<td><span class='test-status Pass'>Pass</span></td>
									</tr>
								</tbody>
							</table>
						</div>
					</div>
				</li>
				<li class='category displayed active'>
					<div class='category-heading'>
						<span class='category-name'>@split[flat-white:on]</span>
						<span class='category-status right'>
						<span class='label fail'>1</span>
						</span>
					</div>
					<div class='category-content hide'>
						<div class='category-status-counts'>
							
							<span status="fail" class='label red lighten-1 white-text'>Failed: 1</span>
							
						</div>
						<div class='category-tests'>
							<table class='bordered table-results'>
								<thead>
									<tr>
										<th>Timestamp</th>
										<th>TestName</th>
										<th>Status</th>
									</tr>
								</thead>
								<tbody>
									<tr>
										<td>Mar 11, 2024 06:24:51 pm</td>
										<td class='linked' test-id='23'>Display available drinks (including the new experimental flat white)</td>
										<td><span class='test-status Fail'>Fail</span></td>
									</tr>
								</tbody>
							</table>
						</div>
					</div>
				</li>
				<li class='category displayed active'>
					<div class='category-heading'>
						<span class='category-name'>@animal</span>
						<span class='category-status right'>
						<span class='label pass'>1</span>
						</span>
					</div>
					<div class='category-content hide'>
						<div class='category-status-counts'>
							<span status="pass" class='label green accent-4 white-text'>Passed: 1</span>
							
							
						</div>
						<div class='category-tests'>
							<table class='bordered table-results'>
								<thead>
									<tr>
										<th>Timestamp</th>
										<th>TestName</th>
										<th>Status</th>
									</tr>
								</thead>
								<tbody>
									<tr>
										<td>Mar 11, 2024 06:24:39 pm</td>
										<td class='linked' test-id='5'>Animals</td>
										<td><span class='test-status Pass'>Pass</span></td>
									</tr>
								</tbody>
							</table>
						</div>
					</div>
				</li>
			</ul>
		</div>
	</div>
	<div class='subview-right left'>
		<div class='view-summary'>
			<h5 class='category-name'></h5>
		</div>
	</div>
</div>
<!-- category view --><div id='exception-view' class='view hide'>
	<section id='controls'>
		<div class='controls grey lighten-4'>
			<!-- search -->
			<div class='chip transparent' alt='Search Tests' title='Search Tests'>
				<a href="#" class='search-div'>
				<i class='material-icons'>search</i> Search
				</a>
				<div class='input-field left hide'>
					<input id='search-tests' type='text' class='validate browser-default' placeholder='Search Tests...'>
				</div>
			</div>
			<!-- search -->
		</div>
	</section>
	<div class='subview-left left'>
		<div class='view-summary'>
			<ul id='exception-collection' class='exception-collection'>
				<li class='exception displayed active'>
					<div class='exception-heading'>
						<span class='exception-name'>org.openqa.selenium.NoSuchSessionException</span>
						<span class='exception-count right'><span class='label red lighten-1 white-text'>2</span></span>
					</div>
					<div class='exception-content hide'>
						<div class='exception-tests'>
							<table class='bordered table-results'>
								<thead>
									<tr>
										<th>Timestamp</th>
										<th>TestName</th>
										<th>StackTrace</th>
									</tr>
								</thead>
								<tbody>
									<tr>
										<td>Mar 11, 2024 06:27:51 pm</td>
										<td class='linked' test-id='42'>steps.MyHooks.clearSetup(io.cucumber.java.Scenario)</td>
										<td>
											<textarea disabled class="code-block">org.openqa.selenium.NoSuchSessionException: Session ID is null. Using WebDriver after calling quit()?
Build info: version: '4.17.0', revision: 'e52b1be057*'
System info: os.name: 'Windows 11', os.arch: 'amd64', os.version: '10.0', java.version: '17.0.9'
Driver info: org.openqa.selenium.chrome.ChromeDriver
Command: [null, screenshot {}]
Capabilities {acceptInsecureCerts: false, browserName: chrome, browserVersion: 122.0.6261.112, chrome: {chromedriverVersion: 122.0.6261.111 (9d4c1072da6..., userDataDir: C:\Users\shahn\AppData\Loca...}, fedcm:accounts: true, goog:chromeOptions: {debuggerAddress: localhost:50557}, networkConnectionEnabled: false, pageLoadStrategy: normal, platformName: windows, proxy: Proxy(), se:cdp: ws://localhost:50557/devtoo..., se:cdpVersion: 122.0.6261.112, setWindowRect: true, strictFileInteractability: false, timeouts: {implicit: 0, pageLoad: 300000, script: 30000}, unhandledPromptBehavior: dismiss and notify, webauthn:extension:credBlob: true, webauthn:extension:largeBlob: true, webauthn:extension:minPinLength: true, webauthn:extension:prf: true, webauthn:virtualAuthenticators: true}
	at org.openqa.selenium.remote.HttpCommandExecutor.execute(HttpCommandExecutor.java:151)
	at org.openqa.selenium.remote.service.DriverCommandExecutor.invokeExecute(DriverCommandExecutor.java:216)
	at org.openqa.selenium.remote.service.DriverCommandExecutor.execute(DriverCommandExecutor.java:174)
	at org.openqa.selenium.remote.RemoteWebDriver.execute(RemoteWebDriver.java:519)
	at org.openqa.selenium.remote.RemoteWebDriver.execute(RemoteWebDriver.java:592)
	at org.openqa.selenium.remote.RemoteWebDriver.execute(RemoteWebDriver.java:596)
	at org.openqa.selenium.remote.RemoteWebDriver.getScreenshotAs(RemoteWebDriver.java:322)
	at steps.MyHooks.clearSetup(MyHooks.java:27)
</textarea>
										</td>
									</tr>
									<tr>
										<td>Mar 11, 2024 06:27:51 pm</td>
										<td class='linked' test-id='47'>steps.MyHooks.clearSetup(io.cucumber.java.Scenario)</td>
										<td>
											<textarea disabled class="code-block">org.openqa.selenium.NoSuchSessionException: Session ID is null. Using WebDriver after calling quit()?
Build info: version: '4.17.0', revision: 'e52b1be057*'
System info: os.name: 'Windows 11', os.arch: 'amd64', os.version: '10.0', java.version: '17.0.9'
Driver info: org.openqa.selenium.chrome.ChromeDriver
Command: [null, screenshot {}]
Capabilities {acceptInsecureCerts: false, browserName: chrome, browserVersion: 122.0.6261.112, chrome: {chromedriverVersion: 122.0.6261.111 (9d4c1072da6..., userDataDir: C:\Users\shahn\AppData\Loca...}, fedcm:accounts: true, goog:chromeOptions: {debuggerAddress: localhost:50557}, networkConnectionEnabled: false, pageLoadStrategy: normal, platformName: windows, proxy: Proxy(), se:cdp: ws://localhost:50557/devtoo..., se:cdpVersion: 122.0.6261.112, setWindowRect: true, strictFileInteractability: false, timeouts: {implicit: 0, pageLoad: 300000, script: 30000}, unhandledPromptBehavior: dismiss and notify, webauthn:extension:credBlob: true, webauthn:extension:largeBlob: true, webauthn:extension:minPinLength: true, webauthn:extension:prf: true, webauthn:virtualAuthenticators: true}
	at org.openqa.selenium.remote.HttpCommandExecutor.execute(HttpCommandExecutor.java:151)
	at org.openqa.selenium.remote.service.DriverCommandExecutor.invokeExecute(DriverCommandExecutor.java:216)
	at org.openqa.selenium.remote.service.DriverCommandExecutor.execute(DriverCommandExecutor.java:174)
	at org.openqa.selenium.remote.RemoteWebDriver.execute(RemoteWebDriver.java:519)
	at org.openqa.selenium.remote.RemoteWebDriver.execute(RemoteWebDriver.java:592)
	at org.openqa.selenium.remote.RemoteWebDriver.execute(RemoteWebDriver.java:596)
	at org.openqa.selenium.remote.RemoteWebDriver.getScreenshotAs(RemoteWebDriver.java:322)
	at steps.MyHooks.clearSetup(MyHooks.java:27)
</textarea>
										</td>
									</tr>
								</tbody>
							</table>
						</div>
					</div>
				</li>
				<li class='exception displayed active'>
					<div class='exception-heading'>
						<span class='exception-name'>org.openqa.selenium.WebDriverException</span>
						<span class='exception-count right'><span class='label red lighten-1 white-text'>2</span></span>
					</div>
					<div class='exception-content hide'>
						<div class='exception-tests'>
							<table class='bordered table-results'>
								<thead>
									<tr>
										<th>Timestamp</th>
										<th>TestName</th>
										<th>StackTrace</th>
									</tr>
								</thead>
								<tbody>
									<tr>
										<td>Mar 11, 2024 06:24:51 pm</td>
										<td class='linked' test-id='20'>steps.MyHooks.clearSetup(io.cucumber.java.Scenario)</td>
										<td>
											<textarea disabled class="code-block">org.openqa.selenium.WebDriverException: Timed out waiting for driver server to stop.
Build info: version: '4.17.0', revision: 'e52b1be057*'
System info: os.name: 'Windows 11', os.arch: 'amd64', os.version: '10.0', java.version: '17.0.9'
Driver info: org.openqa.selenium.chrome.ChromeDriver
Command: [ff961e96920a235c53b5e188cf070d06, quit {}]
Capabilities {acceptInsecureCerts: false, browserName: chrome, browserVersion: 122.0.6261.112, chrome: {chromedriverVersion: 122.0.6261.111 (9d4c1072da6..., userDataDir: C:\Users\shahn\AppData\Loca...}, fedcm:accounts: true, goog:chromeOptions: {debuggerAddress: localhost:50478}, networkConnectionEnabled: false, pageLoadStrategy: normal, platformName: windows, proxy: Proxy(), se:cdp: ws://localhost:50478/devtoo..., se:cdpVersion: 122.0.6261.112, setWindowRect: true, strictFileInteractability: false, timeouts: {implicit: 0, pageLoad: 300000, script: 30000}, unhandledPromptBehavior: dismiss and notify, webauthn:extension:credBlob: true, webauthn:extension:largeBlob: true, webauthn:extension:minPinLength: true, webauthn:extension:prf: true, webauthn:virtualAuthenticators: true}
Session ID: ff961e96920a235c53b5e188cf070d06
	at org.openqa.selenium.remote.service.DriverCommandExecutor.execute(DriverCommandExecutor.java:164)
	at org.openqa.selenium.remote.RemoteWebDriver.execute(RemoteWebDriver.java:519)
	at org.openqa.selenium.remote.RemoteWebDriver.execute(RemoteWebDriver.java:592)
	at org.openqa.selenium.remote.RemoteWebDriver.execute(RemoteWebDriver.java:596)
	at org.openqa.selenium.remote.RemoteWebDriver.quit(RemoteWebDriver.java:434)
	at org.openqa.selenium.chromium.ChromiumDriver.quit(ChromiumDriver.java:432)
	at steps.MyHooks.clearSetup(MyHooks.java:30)
Caused by: java.util.concurrent.ExecutionException: java.lang.NullPointerException: Cannot invoke "java.net.http.HttpClient.sendAsync(java.net.http.HttpRequest, java.net.http.HttpResponse$BodyHandler)" because "this.client" is null
	at java.base/java.util.concurrent.CompletableFuture.reportGet(CompletableFuture.java:396)
	at java.base/java.util.concurrent.CompletableFuture.get(CompletableFuture.java:2096)
	at org.openqa.selenium.remote.service.DriverCommandExecutor.execute(DriverCommandExecutor.java:160)
	at org.openqa.selenium.remote.RemoteWebDriver.execute(RemoteWebDriver.java:519)
	at org.openqa.selenium.remote.RemoteWebDriver.execute(RemoteWebDriver.java:592)
	at org.openqa.selenium.remote.RemoteWebDriver.execute(RemoteWebDriver.java:596)
	at org.openqa.selenium.remote.RemoteWebDriver.quit(RemoteWebDriver.java:434)
	at org.openqa.selenium.chromium.ChromiumDriver.quit(ChromiumDriver.java:432)
	at steps.MyHooks.clearSetup(MyHooks.java:30)
	at java.base/jdk.internal.reflect.NativeMethodAccessorImpl.invoke0(Native Method)
	at java.base/jdk.internal.reflect.NativeMethodAccessorImpl.invoke(NativeMethodAccessorImpl.java:77)
	at java.base/jdk.internal.reflect.DelegatingMethodAccessorImpl.invoke(DelegatingMethodAccessorImpl.java:43)
	at java.base/java.lang.reflect.Method.invoke(Method.java:568)
	at io.cucumber.java.Invoker.doInvoke(Invoker.java:66)
	at io.cucumber.java.Invoker.invoke(Invoker.java:24)
	at io.cucumber.java.AbstractGlueDefinition.invokeMethod(AbstractGlueDefinition.java:47)
	at io.cucumber.java.JavaHookDefinition.execute(JavaHookDefinition.java:64)
	at io.cucumber.core.runner.CoreHookDefinition.execute(CoreHookDefinition.java:46)
	at io.cucumber.core.runner.HookDefinitionMatch.runStep(HookDefinitionMatch.java:21)
	at io.cucumber.core.runner.ExecutionMode$1.execute(ExecutionMode.java:10)
	at io.cucumber.core.runner.TestStep.executeStep(TestStep.java:84)
	at io.cucumber.core.runner.TestStep.run(TestStep.java:56)
	at io.cucumber.core.runner.TestCase.run(TestCase.java:90)
	at io.cucumber.core.runner.Runner.runPickle(Runner.java:75)
	at io.cucumber.junit.PickleRunners$NoStepDescriptions.lambda$run$0(PickleRunners.java:151)
	at io.cucumber.core.runtime.CucumberExecutionContext.lambda$runTestCase$5(CucumberExecutionContext.java:137)
	at io.cucumber.core.runtime.RethrowingThrowableCollector.executeAndThrow(RethrowingThrowableCollector.java:23)
	at io.cucumber.core.runtime.CucumberExecutionContext.runTestCase(CucumberExecutionContext.java:137)
	at io.cucumber.junit.PickleRunners$NoStepDescriptions.run(PickleRunners.java:148)
	at io.cucumber.junit.FeatureRunner.runChild(FeatureRunner.java:144)
	at io.cucumber.junit.FeatureRunner.runChild(FeatureRunner.java:28)
	at org.junit.runners.ParentRunner$4.run(ParentRunner.java:331)
	at org.junit.runners.ParentRunner$1.schedule(ParentRunner.java:79)
	at org.junit.runners.ParentRunner.runChildren(ParentRunner.java:329)
	at org.junit.runners.ParentRunner.access$100(ParentRunner.java:66)
	at org.junit.runners.ParentRunner$2.evaluate(ParentRunner.java:293)
	at org.junit.runners.ParentRunner$3.evaluate(ParentRunner.java:306)
	at org.junit.runners.ParentRunner.run(ParentRunner.java:413)
	at io.cucumber.junit.FeatureRunner.run(FeatureRunner.java:137)
	at io.cucumber.junit.Cucumber.runChild(Cucumber.java:196)
	at io.cucumber.junit.Cucumber.runChild(Cucumber.java:89)
	at org.junit.runners.ParentRunner$4.run(ParentRunner.java:331)
	at org.apache.maven.surefire.junitcore.pc.Scheduler$1.run(Scheduler.java:345)
	at java.base/java.util.concurrent.Executors$RunnableAdapter.call(Executors.java:539)
	at java.base/java.util.concurrent.FutureTask.run(FutureTask.java:264)
	at java.base/java.util.concurrent.ThreadPoolExecutor.runWorker(ThreadPoolExecutor.java:1136)
	at java.base/java.util.concurrent.ThreadPoolExecutor$Worker.run(ThreadPoolExecutor.java:635)
	at java.base/java.lang.Thread.run(Thread.java:840)
Caused by: java.lang.NullPointerException: Cannot invoke "java.net.http.HttpClient.sendAsync(java.net.http.HttpRequest, java.net.http.HttpResponse$BodyHandler)" because "this.client" is null
	at org.openqa.selenium.remote.http.jdk.JdkHttpClient.execute0(JdkHttpClient.java:382)
	at org.openqa.selenium.remote.http.AddSeleniumUserAgent.lambda$apply$0(AddSeleniumUserAgent.java:42)
	at org.openqa.selenium.remote.http.Filter.lambda$andFinally$1(Filter.java:55)
	at org.openqa.selenium.remote.http.jdk.JdkHttpClient.execute(JdkHttpClient.java:358)
	at org.openqa.selenium.remote.HttpCommandExecutor.execute(HttpCommandExecutor.java:187)
	at org.openqa.selenium.remote.service.DriverCommandExecutor.invokeExecute(DriverCommandExecutor.java:216)
	at org.openqa.selenium.remote.service.DriverCommandExecutor.lambda$execute$1(DriverCommandExecutor.java:126)
	at java.base/java.util.concurrent.CompletableFuture$AsyncSupply.run(CompletableFuture.java:1768)
	... 3 more
</textarea>
										</td>
									</tr>
									<tr>
										<td>Mar 11, 2024 06:24:57 pm</td>
										<td class='linked' test-id='29'>steps.MyHooks.clearSetup(io.cucumber.java.Scenario)</td>
										<td>
											<textarea disabled class="code-block">org.openqa.selenium.WebDriverException: Timed out waiting for driver server to stop.
Build info: version: '4.17.0', revision: 'e52b1be057*'
System info: os.name: 'Windows 11', os.arch: 'amd64', os.version: '10.0', java.version: '17.0.9'
Driver info: org.openqa.selenium.chrome.ChromeDriver
Command: [ff961e96920a235c53b5e188cf070d06, quit {}]
Capabilities {acceptInsecureCerts: false, browserName: chrome, browserVersion: 122.0.6261.112, chrome: {chromedriverVersion: 122.0.6261.111 (9d4c1072da6..., userDataDir: C:\Users\shahn\AppData\Loca...}, fedcm:accounts: true, goog:chromeOptions: {debuggerAddress: localhost:50478}, networkConnectionEnabled: false, pageLoadStrategy: normal, platformName: windows, proxy: Proxy(), se:cdp: ws://localhost:50478/devtoo..., se:cdpVersion: 122.0.6261.112, setWindowRect: true, strictFileInteractability: false, timeouts: {implicit: 0, pageLoad: 300000, script: 30000}, unhandledPromptBehavior: dismiss and notify, webauthn:extension:credBlob: true, webauthn:extension:largeBlob: true, webauthn:extension:minPinLength: true, webauthn:extension:prf: true, webauthn:virtualAuthenticators: true}
Session ID: ff961e96920a235c53b5e188cf070d06
	at org.openqa.selenium.remote.service.DriverCommandExecutor.execute(DriverCommandExecutor.java:164)
	at org.openqa.selenium.remote.RemoteWebDriver.execute(RemoteWebDriver.java:519)
	at org.openqa.selenium.remote.RemoteWebDriver.execute(RemoteWebDriver.java:592)
	at org.openqa.selenium.remote.RemoteWebDriver.execute(RemoteWebDriver.java:596)
	at org.openqa.selenium.remote.RemoteWebDriver.quit(RemoteWebDriver.java:434)
	at org.openqa.selenium.chromium.ChromiumDriver.quit(ChromiumDriver.java:432)
	at steps.MyHooks.clearSetup(MyHooks.java:30)
Caused by: java.util.concurrent.ExecutionException: java.lang.NullPointerException: Cannot invoke "java.net.http.HttpClient.sendAsync(java.net.http.HttpRequest, java.net.http.HttpResponse$BodyHandler)" because "this.client" is null
	at java.base/java.util.concurrent.CompletableFuture.reportGet(CompletableFuture.java:396)
	at java.base/java.util.concurrent.CompletableFuture.get(CompletableFuture.java:2096)
	at org.openqa.selenium.remote.service.DriverCommandExecutor.execute(DriverCommandExecutor.java:160)
	at org.openqa.selenium.remote.RemoteWebDriver.execute(RemoteWebDriver.java:519)
	at org.openqa.selenium.remote.RemoteWebDriver.execute(RemoteWebDriver.java:592)
	at org.openqa.selenium.remote.RemoteWebDriver.execute(RemoteWebDriver.java:596)
	at org.openqa.selenium.remote.RemoteWebDriver.quit(RemoteWebDriver.java:434)
	at org.openqa.selenium.chromium.ChromiumDriver.quit(ChromiumDriver.java:432)
	at steps.MyHooks.clearSetup(MyHooks.java:30)
	at java.base/jdk.internal.reflect.NativeMethodAccessorImpl.invoke0(Native Method)
	at java.base/jdk.internal.reflect.NativeMethodAccessorImpl.invoke(NativeMethodAccessorImpl.java:77)
	at java.base/jdk.internal.reflect.DelegatingMethodAccessorImpl.invoke(DelegatingMethodAccessorImpl.java:43)
	at java.base/java.lang.reflect.Method.invoke(Method.java:568)
	at io.cucumber.java.Invoker.doInvoke(Invoker.java:66)
	at io.cucumber.java.Invoker.invoke(Invoker.java:24)
	at io.cucumber.java.AbstractGlueDefinition.invokeMethod(AbstractGlueDefinition.java:47)
	at io.cucumber.java.JavaHookDefinition.execute(JavaHookDefinition.java:64)
	at io.cucumber.core.runner.CoreHookDefinition.execute(CoreHookDefinition.java:46)
	at io.cucumber.core.runner.HookDefinitionMatch.runStep(HookDefinitionMatch.java:21)
	at io.cucumber.core.runner.ExecutionMode$1.execute(ExecutionMode.java:10)
	at io.cucumber.core.runner.TestStep.executeStep(TestStep.java:84)
	at io.cucumber.core.runner.TestStep.run(TestStep.java:56)
	at io.cucumber.core.runner.TestCase.run(TestCase.java:90)
	at io.cucumber.core.runner.Runner.runPickle(Runner.java:75)
	at io.cucumber.junit.PickleRunners$NoStepDescriptions.lambda$run$0(PickleRunners.java:151)
	at io.cucumber.core.runtime.CucumberExecutionContext.lambda$runTestCase$5(CucumberExecutionContext.java:137)
	at io.cucumber.core.runtime.RethrowingThrowableCollector.executeAndThrow(RethrowingThrowableCollector.java:23)
	at io.cucumber.core.runtime.CucumberExecutionContext.runTestCase(CucumberExecutionContext.java:137)
	at io.cucumber.junit.PickleRunners$NoStepDescriptions.run(PickleRunners.java:148)
	at io.cucumber.junit.FeatureRunner.runChild(FeatureRunner.java:144)
	at io.cucumber.junit.FeatureRunner.runChild(FeatureRunner.java:28)
	at org.junit.runners.ParentRunner$4.run(ParentRunner.java:331)
	at org.junit.runners.ParentRunner$1.schedule(ParentRunner.java:79)
	at org.junit.runners.ParentRunner.runChildren(ParentRunner.java:329)
	at org.junit.runners.ParentRunner.access$100(ParentRunner.java:66)
	at org.junit.runners.ParentRunner$2.evaluate(ParentRunner.java:293)
	at org.junit.runners.ParentRunner$3.evaluate(ParentRunner.java:306)
	at org.junit.runners.ParentRunner.run(ParentRunner.java:413)
	at io.cucumber.junit.FeatureRunner.run(FeatureRunner.java:137)
	at io.cucumber.junit.Cucumber.runChild(Cucumber.java:196)
	at io.cucumber.junit.Cucumber.runChild(Cucumber.java:89)
	at org.junit.runners.ParentRunner$4.run(ParentRunner.java:331)
	at org.apache.maven.surefire.junitcore.pc.Scheduler$1.run(Scheduler.java:345)
	at java.base/java.util.concurrent.Executors$RunnableAdapter.call(Executors.java:539)
	at java.base/java.util.concurrent.FutureTask.run(FutureTask.java:264)
	at java.base/java.util.concurrent.ThreadPoolExecutor.runWorker(ThreadPoolExecutor.java:1136)
	at java.base/java.util.concurrent.ThreadPoolExecutor$Worker.run(ThreadPoolExecutor.java:635)
	at java.base/java.lang.Thread.run(Thread.java:840)
Caused by: java.lang.NullPointerException: Cannot invoke "java.net.http.HttpClient.sendAsync(java.net.http.HttpRequest, java.net.http.HttpResponse$BodyHandler)" because "this.client" is null
	at org.openqa.selenium.remote.http.jdk.JdkHttpClient.execute0(JdkHttpClient.java:382)
	at org.openqa.selenium.remote.http.AddSeleniumUserAgent.lambda$apply$0(AddSeleniumUserAgent.java:42)
	at org.openqa.selenium.remote.http.Filter.lambda$andFinally$1(Filter.java:55)
	at org.openqa.selenium.remote.http.jdk.JdkHttpClient.execute(JdkHttpClient.java:358)
	at org.openqa.selenium.remote.HttpCommandExecutor.execute(HttpCommandExecutor.java:187)
	at org.openqa.selenium.remote.service.DriverCommandExecutor.invokeExecute(DriverCommandExecutor.java:216)
	at org.openqa.selenium.remote.service.DriverCommandExecutor.lambda$execute$1(DriverCommandExecutor.java:126)
	at java.base/java.util.concurrent.CompletableFuture$AsyncSupply.run(CompletableFuture.java:1768)
	... 3 more
</textarea>
										</td>
									</tr>
								</tbody>
							</table>
						</div>
					</div>
				</li>
				<li class='exception displayed active'>
					<div class='exception-heading'>
						<span class='exception-name'>org.openqa.selenium.TimeoutException</span>
						<span class='exception-count right'><span class='label red lighten-1 white-text'>2</span></span>
					</div>
					<div class='exception-content hide'>
						<div class='exception-tests'>
							<table class='bordered table-results'>
								<thead>
									<tr>
										<th>Timestamp</th>
										<th>TestName</th>
										<th>StackTrace</th>
									</tr>
								</thead>
								<tbody>
									<tr>
										<td>Mar 11, 2024 06:24:46 pm</td>
										<td class='linked' test-id='14'>Given user access the website and verify home page</td>
										<td>
											<textarea disabled class="code-block">org.openqa.selenium.TimeoutException: java.util.concurrent.TimeoutException
Build info: version: '4.17.0', revision: 'e52b1be057*'
System info: os.name: 'Windows 11', os.arch: 'amd64', os.version: '10.0', java.version: '17.0.9'
Driver info: org.openqa.selenium.chrome.ChromeDriver
Command: [ff961e96920a235c53b5e188cf070d06, isElementDisplayed {id=f.88B9606473C0B0E6EDDEDE7146CBDC79.d.674B52A32897597171B837F38E96D1E8.e.87}]
Capabilities {acceptInsecureCerts: false, browserName: chrome, browserVersion: 122.0.6261.112, chrome: {chromedriverVersion: 122.0.6261.111 (9d4c1072da6..., userDataDir: C:\Users\shahn\AppData\Loca...}, fedcm:accounts: true, goog:chromeOptions: {debuggerAddress: localhost:50478}, networkConnectionEnabled: false, pageLoadStrategy: normal, platformName: windows, proxy: Proxy(), se:cdp: ws://localhost:50478/devtoo..., se:cdpVersion: 122.0.6261.112, setWindowRect: true, strictFileInteractability: false, timeouts: {implicit: 0, pageLoad: 300000, script: 30000}, unhandledPromptBehavior: dismiss and notify, webauthn:extension:credBlob: true, webauthn:extension:largeBlob: true, webauthn:extension:minPinLength: true, webauthn:extension:prf: true, webauthn:virtualAuthenticators: true}
Element: [[ChromeDriver: chrome on windows (ff961e96920a235c53b5e188cf070d06)] -> css selector: a[class='logo']]
	at org.openqa.selenium.remote.http.jdk.JdkHttpClient.execute0(JdkHttpClient.java:402)
	at org.openqa.selenium.remote.http.AddSeleniumUserAgent.lambda$apply$0(AddSeleniumUserAgent.java:42)
	at org.openqa.selenium.remote.http.Filter.lambda$andFinally$1(Filter.java:55)
	at org.openqa.selenium.remote.http.jdk.JdkHttpClient.execute(JdkHttpClient.java:358)
	at org.openqa.selenium.remote.HttpCommandExecutor.execute(HttpCommandExecutor.java:187)
	at org.openqa.selenium.remote.service.DriverCommandExecutor.invokeExecute(DriverCommandExecutor.java:216)
	at org.openqa.selenium.remote.service.DriverCommandExecutor.execute(DriverCommandExecutor.java:174)
	at org.openqa.selenium.remote.RemoteWebDriver.execute(RemoteWebDriver.java:519)
	at org.openqa.selenium.remote.RemoteWebElement.execute(RemoteWebElement.java:223)
	at org.openqa.selenium.remote.RemoteWebElement.isDisplayed(RemoteWebElement.java:282)
	at java.base/jdk.internal.reflect.NativeMethodAccessorImpl.invoke0(Native Method)
	at java.base/jdk.internal.reflect.NativeMethodAccessorImpl.invoke(NativeMethodAccessorImpl.java:77)
	at java.base/jdk.internal.reflect.DelegatingMethodAccessorImpl.invoke(DelegatingMethodAccessorImpl.java:43)
	at java.base/java.lang.reflect.Method.invoke(Method.java:568)
	at org.openqa.selenium.support.pagefactory.internal.LocatingElementHandler.invoke(LocatingElementHandler.java:51)
	at jdk.proxy2/jdk.proxy2.$Proxy24.isDisplayed(Unknown Source)
	at org.openqa.selenium.support.ui.ExpectedConditions.elementIfVisible(ExpectedConditions.java:304)
	at org.openqa.selenium.support.ui.ExpectedConditions$10.apply(ExpectedConditions.java:290)
	at org.openqa.selenium.support.ui.ExpectedConditions$10.apply(ExpectedConditions.java:287)
	at org.openqa.selenium.support.ui.ExpectedConditions$50.apply(ExpectedConditions.java:1438)
	at org.openqa.selenium.support.ui.ExpectedConditions$50.apply(ExpectedConditions.java:1434)
	at org.openqa.selenium.support.ui.FluentWait.until(FluentWait.java:203)
	at utils.SeleniumCommonFunction.WaitElement(SeleniumCommonFunction.java:19)
	at pages.HomePage.verifyHomeMenu(HomePage.java:72)
	at steps.HomePageSteps.userAccessTheWebsiteAndVerifyHomePage(HomePageSteps.java:11)
	at ?.user access the website and verify home page(file:///C:/tendable-com/src/test/resources/features/contactus.feature:5)
Caused by: java.util.concurrent.TimeoutException
	at java.base/java.util.concurrent.CompletableFuture.timedGet(CompletableFuture.java:1960)
	at java.base/java.util.concurrent.CompletableFuture.get(CompletableFuture.java:2095)
	at org.openqa.selenium.remote.http.jdk.JdkHttpClient.execute0(JdkHttpClient.java:385)
	at org.openqa.selenium.remote.http.AddSeleniumUserAgent.lambda$apply$0(AddSeleniumUserAgent.java:42)
	at org.openqa.selenium.remote.http.Filter.lambda$andFinally$1(Filter.java:55)
	at org.openqa.selenium.remote.http.jdk.JdkHttpClient.execute(JdkHttpClient.java:358)
	at org.openqa.selenium.remote.HttpCommandExecutor.execute(HttpCommandExecutor.java:187)
	at org.openqa.selenium.remote.service.DriverCommandExecutor.invokeExecute(DriverCommandExecutor.java:216)
	at org.openqa.selenium.remote.service.DriverCommandExecutor.execute(DriverCommandExecutor.java:174)
	at org.openqa.selenium.remote.RemoteWebDriver.execute(RemoteWebDriver.java:519)
	at org.openqa.selenium.remote.RemoteWebElement.execute(RemoteWebElement.java:223)
	at org.openqa.selenium.remote.RemoteWebElement.isDisplayed(RemoteWebElement.java:282)
	at java.base/jdk.internal.reflect.NativeMethodAccessorImpl.invoke0(Native Method)
	at java.base/jdk.internal.reflect.NativeMethodAccessorImpl.invoke(NativeMethodAccessorImpl.java:77)
	at java.base/jdk.internal.reflect.DelegatingMethodAccessorImpl.invoke(DelegatingMethodAccessorImpl.java:43)
	at java.base/java.lang.reflect.Method.invoke(Method.java:568)
	at org.openqa.selenium.support.pagefactory.internal.LocatingElementHandler.invoke(LocatingElementHandler.java:51)
	at jdk.proxy2/jdk.proxy2.$Proxy24.isDisplayed(Unknown Source)
	at org.openqa.selenium.support.ui.ExpectedConditions.elementIfVisible(ExpectedConditions.java:304)
	at org.openqa.selenium.support.ui.ExpectedConditions$10.apply(ExpectedConditions.java:290)
	at org.openqa.selenium.support.ui.ExpectedConditions$10.apply(ExpectedConditions.java:287)
	at org.openqa.selenium.support.ui.ExpectedConditions$50.apply(ExpectedConditions.java:1438)
	at org.openqa.selenium.support.ui.ExpectedConditions$50.apply(ExpectedConditions.java:1434)
	at org.openqa.selenium.support.ui.FluentWait.until(FluentWait.java:203)
	at utils.SeleniumCommonFunction.WaitElement(SeleniumCommonFunction.java:19)
	at pages.HomePage.verifyHomeMenu(HomePage.java:72)
	at steps.HomePageSteps.userAccessTheWebsiteAndVerifyHomePage(HomePageSteps.java:11)
	at java.base/jdk.internal.reflect.NativeMethodAccessorImpl.invoke0(Native Method)
	at java.base/jdk.internal.reflect.NativeMethodAccessorImpl.invoke(NativeMethodAccessorImpl.java:77)
	at java.base/jdk.internal.reflect.DelegatingMethodAccessorImpl.invoke(DelegatingMethodAccessorImpl.java:43)
	at java.base/java.lang.reflect.Method.invoke(Method.java:568)
	at io.cucumber.java.Invoker.doInvoke(Invoker.java:66)
	at io.cucumber.java.Invoker.invoke(Invoker.java:24)
	at io.cucumber.java.AbstractGlueDefinition.invokeMethod(AbstractGlueDefinition.java:47)
	at io.cucumber.java.JavaStepDefinition.execute(JavaStepDefinition.java:29)
	at io.cucumber.core.runner.CoreStepDefinition.execute(CoreStepDefinition.java:66)
	at io.cucumber.core.runner.PickleStepDefinitionMatch.runStep(PickleStepDefinitionMatch.java:63)
	at io.cucumber.core.runner.ExecutionMode$1.execute(ExecutionMode.java:10)
	at io.cucumber.core.runner.TestStep.executeStep(TestStep.java:84)
	at io.cucumber.core.runner.TestStep.run(TestStep.java:56)
	at io.cucumber.core.runner.PickleStepTestStep.run(PickleStepTestStep.java:51)
	at io.cucumber.core.runner.TestCase.run(TestCase.java:84)
	at io.cucumber.core.runner.Runner.runPickle(Runner.java:75)
	at io.cucumber.junit.PickleRunners$NoStepDescriptions.lambda$run$0(PickleRunners.java:151)
	at io.cucumber.core.runtime.CucumberExecutionContext.lambda$runTestCase$5(CucumberExecutionContext.java:137)
	at io.cucumber.core.runtime.RethrowingThrowableCollector.executeAndThrow(RethrowingThrowableCollector.java:23)
	at io.cucumber.core.runtime.CucumberExecutionContext.runTestCase(CucumberExecutionContext.java:137)
	at io.cucumber.junit.PickleRunners$NoStepDescriptions.run(PickleRunners.java:148)
	at io.cucumber.junit.FeatureRunner.runChild(FeatureRunner.java:144)
	at io.cucumber.junit.FeatureRunner.runChild(FeatureRunner.java:28)
	at org.junit.runners.ParentRunner$4.run(ParentRunner.java:331)
	at org.junit.runners.ParentRunner$1.schedule(ParentRunner.java:79)
	at org.junit.runners.ParentRunner.runChildren(ParentRunner.java:329)
	at org.junit.runners.ParentRunner.access$100(ParentRunner.java:66)
	at org.junit.runners.ParentRunner$2.evaluate(ParentRunner.java:293)
	at org.junit.runners.ParentRunner$3.evaluate(ParentRunner.java:306)
	at org.junit.runners.ParentRunner.run(ParentRunner.java:413)
	at io.cucumber.junit.FeatureRunner.run(FeatureRunner.java:137)
	at io.cucumber.junit.Cucumber.runChild(Cucumber.java:196)
	at io.cucumber.junit.Cucumber.runChild(Cucumber.java:89)
	at org.junit.runners.ParentRunner$4.run(ParentRunner.java:331)
	at org.apache.maven.surefire.junitcore.pc.Scheduler$1.run(Scheduler.java:345)
	at java.base/java.util.concurrent.Executors$RunnableAdapter.call(Executors.java:539)
	at java.base/java.util.concurrent.FutureTask.run(FutureTask.java:264)
	at java.base/java.util.concurrent.ThreadPoolExecutor.runWorker(ThreadPoolExecutor.java:1136)
	at java.base/java.util.concurrent.ThreadPoolExecutor$Worker.run(ThreadPoolExecutor.java:635)
	at java.base/java.lang.Thread.run(Thread.java:840)
</textarea>
										</td>
									</tr>
									<tr>
										<td>Mar 11, 2024 06:24:47 pm</td>
										<td class='linked' test-id='15'>Given user access the website and verify home page</td>
										<td>
											<textarea disabled class="code-block">org.openqa.selenium.TimeoutException: java.util.concurrent.TimeoutException
Build info: version: '4.17.0', revision: 'e52b1be057*'
System info: os.name: 'Windows 11', os.arch: 'amd64', os.version: '10.0', java.version: '17.0.9'
Driver info: org.openqa.selenium.chrome.ChromeDriver
Command: [ff961e96920a235c53b5e188cf070d06, isElementDisplayed {id=f.88B9606473C0B0E6EDDEDE7146CBDC79.d.674B52A32897597171B837F38E96D1E8.e.87}]
Capabilities {acceptInsecureCerts: false, browserName: chrome, browserVersion: 122.0.6261.112, chrome: {chromedriverVersion: 122.0.6261.111 (9d4c1072da6..., userDataDir: C:\Users\shahn\AppData\Loca...}, fedcm:accounts: true, goog:chromeOptions: {debuggerAddress: localhost:50478}, networkConnectionEnabled: false, pageLoadStrategy: normal, platformName: windows, proxy: Proxy(), se:cdp: ws://localhost:50478/devtoo..., se:cdpVersion: 122.0.6261.112, setWindowRect: true, strictFileInteractability: false, timeouts: {implicit: 0, pageLoad: 300000, script: 30000}, unhandledPromptBehavior: dismiss and notify, webauthn:extension:credBlob: true, webauthn:extension:largeBlob: true, webauthn:extension:minPinLength: true, webauthn:extension:prf: true, webauthn:virtualAuthenticators: true}
Element: [[ChromeDriver: chrome on windows (ff961e96920a235c53b5e188cf070d06)] -> css selector: a[class='logo']]
	at org.openqa.selenium.remote.http.jdk.JdkHttpClient.execute0(JdkHttpClient.java:402)
	at org.openqa.selenium.remote.http.AddSeleniumUserAgent.lambda$apply$0(AddSeleniumUserAgent.java:42)
	at org.openqa.selenium.remote.http.Filter.lambda$andFinally$1(Filter.java:55)
	at org.openqa.selenium.remote.http.jdk.JdkHttpClient.execute(JdkHttpClient.java:358)
	at org.openqa.selenium.remote.HttpCommandExecutor.execute(HttpCommandExecutor.java:187)
	at org.openqa.selenium.remote.service.DriverCommandExecutor.invokeExecute(DriverCommandExecutor.java:216)
	at org.openqa.selenium.remote.service.DriverCommandExecutor.execute(DriverCommandExecutor.java:174)
	at org.openqa.selenium.remote.RemoteWebDriver.execute(RemoteWebDriver.java:519)
	at org.openqa.selenium.remote.RemoteWebElement.execute(RemoteWebElement.java:223)
	at org.openqa.selenium.remote.RemoteWebElement.isDisplayed(RemoteWebElement.java:282)
	at java.base/jdk.internal.reflect.NativeMethodAccessorImpl.invoke0(Native Method)
	at java.base/jdk.internal.reflect.NativeMethodAccessorImpl.invoke(NativeMethodAccessorImpl.java:77)
	at java.base/jdk.internal.reflect.DelegatingMethodAccessorImpl.invoke(DelegatingMethodAccessorImpl.java:43)
	at java.base/java.lang.reflect.Method.invoke(Method.java:568)
	at org.openqa.selenium.support.pagefactory.internal.LocatingElementHandler.invoke(LocatingElementHandler.java:51)
	at jdk.proxy2/jdk.proxy2.$Proxy24.isDisplayed(Unknown Source)
	at org.openqa.selenium.support.ui.ExpectedConditions.elementIfVisible(ExpectedConditions.java:304)
	at org.openqa.selenium.support.ui.ExpectedConditions$10.apply(ExpectedConditions.java:290)
	at org.openqa.selenium.support.ui.ExpectedConditions$10.apply(ExpectedConditions.java:287)
	at org.openqa.selenium.support.ui.ExpectedConditions$50.apply(ExpectedConditions.java:1438)
	at org.openqa.selenium.support.ui.ExpectedConditions$50.apply(ExpectedConditions.java:1434)
	at org.openqa.selenium.support.ui.FluentWait.until(FluentWait.java:203)
	at utils.SeleniumCommonFunction.WaitElement(SeleniumCommonFunction.java:19)
	at pages.HomePage.verifyHomeMenu(HomePage.java:72)
	at steps.HomePageSteps.userAccessTheWebsiteAndVerifyHomePage(HomePageSteps.java:11)
	at ?.user access the website and verify home page(file:///C:/tendable-com/src/test/resources/features/contactus.feature:5)
Caused by: java.util.concurrent.TimeoutException
	at java.base/java.util.concurrent.CompletableFuture.timedGet(CompletableFuture.java:1960)
	at java.base/java.util.concurrent.CompletableFuture.get(CompletableFuture.java:2095)
	at org.openqa.selenium.remote.http.jdk.JdkHttpClient.execute0(JdkHttpClient.java:385)
	at org.openqa.selenium.remote.http.AddSeleniumUserAgent.lambda$apply$0(AddSeleniumUserAgent.java:42)
	at org.openqa.selenium.remote.http.Filter.lambda$andFinally$1(Filter.java:55)
	at org.openqa.selenium.remote.http.jdk.JdkHttpClient.execute(JdkHttpClient.java:358)
	at org.openqa.selenium.remote.HttpCommandExecutor.execute(HttpCommandExecutor.java:187)
	at org.openqa.selenium.remote.service.DriverCommandExecutor.invokeExecute(DriverCommandExecutor.java:216)
	at org.openqa.selenium.remote.service.DriverCommandExecutor.execute(DriverCommandExecutor.java:174)
	at org.openqa.selenium.remote.RemoteWebDriver.execute(RemoteWebDriver.java:519)
	at org.openqa.selenium.remote.RemoteWebElement.execute(RemoteWebElement.java:223)
	at org.openqa.selenium.remote.RemoteWebElement.isDisplayed(RemoteWebElement.java:282)
	at java.base/jdk.internal.reflect.NativeMethodAccessorImpl.invoke0(Native Method)
	at java.base/jdk.internal.reflect.NativeMethodAccessorImpl.invoke(NativeMethodAccessorImpl.java:77)
	at java.base/jdk.internal.reflect.DelegatingMethodAccessorImpl.invoke(DelegatingMethodAccessorImpl.java:43)
	at java.base/java.lang.reflect.Method.invoke(Method.java:568)
	at org.openqa.selenium.support.pagefactory.internal.LocatingElementHandler.invoke(LocatingElementHandler.java:51)
	at jdk.proxy2/jdk.proxy2.$Proxy24.isDisplayed(Unknown Source)
	at org.openqa.selenium.support.ui.ExpectedConditions.elementIfVisible(ExpectedConditions.java:304)
	at org.openqa.selenium.support.ui.ExpectedConditions$10.apply(ExpectedConditions.java:290)
	at org.openqa.selenium.support.ui.ExpectedConditions$10.apply(ExpectedConditions.java:287)
	at org.openqa.selenium.support.ui.ExpectedConditions$50.apply(ExpectedConditions.java:1438)
	at org.openqa.selenium.support.ui.ExpectedConditions$50.apply(ExpectedConditions.java:1434)
	at org.openqa.selenium.support.ui.FluentWait.until(FluentWait.java:203)
	at utils.SeleniumCommonFunction.WaitElement(SeleniumCommonFunction.java:19)
	at pages.HomePage.verifyHomeMenu(HomePage.java:72)
	at steps.HomePageSteps.userAccessTheWebsiteAndVerifyHomePage(HomePageSteps.java:11)
	at java.base/jdk.internal.reflect.NativeMethodAccessorImpl.invoke0(Native Method)
	at java.base/jdk.internal.reflect.NativeMethodAccessorImpl.invoke(NativeMethodAccessorImpl.java:77)
	at java.base/jdk.internal.reflect.DelegatingMethodAccessorImpl.invoke(DelegatingMethodAccessorImpl.java:43)
	at java.base/java.lang.reflect.Method.invoke(Method.java:568)
	at io.cucumber.java.Invoker.doInvoke(Invoker.java:66)
	at io.cucumber.java.Invoker.invoke(Invoker.java:24)
	at io.cucumber.java.AbstractGlueDefinition.invokeMethod(AbstractGlueDefinition.java:47)
	at io.cucumber.java.JavaStepDefinition.execute(JavaStepDefinition.java:29)
	at io.cucumber.core.runner.CoreStepDefinition.execute(CoreStepDefinition.java:66)
	at io.cucumber.core.runner.PickleStepDefinitionMatch.runStep(PickleStepDefinitionMatch.java:63)
	at io.cucumber.core.runner.ExecutionMode$1.execute(ExecutionMode.java:10)
	at io.cucumber.core.runner.TestStep.executeStep(TestStep.java:84)
	at io.cucumber.core.runner.TestStep.run(TestStep.java:56)
	at io.cucumber.core.runner.PickleStepTestStep.run(PickleStepTestStep.java:51)
	at io.cucumber.core.runner.TestCase.run(TestCase.java:84)
	at io.cucumber.core.runner.Runner.runPickle(Runner.java:75)
	at io.cucumber.junit.PickleRunners$NoStepDescriptions.lambda$run$0(PickleRunners.java:151)
	at io.cucumber.core.runtime.CucumberExecutionContext.lambda$runTestCase$5(CucumberExecutionContext.java:137)
	at io.cucumber.core.runtime.RethrowingThrowableCollector.executeAndThrow(RethrowingThrowableCollector.java:23)
	at io.cucumber.core.runtime.CucumberExecutionContext.runTestCase(CucumberExecutionContext.java:137)
	at io.cucumber.junit.PickleRunners$NoStepDescriptions.run(PickleRunners.java:148)
	at io.cucumber.junit.FeatureRunner.runChild(FeatureRunner.java:144)
	at io.cucumber.junit.FeatureRunner.runChild(FeatureRunner.java:28)
	at org.junit.runners.ParentRunner$4.run(ParentRunner.java:331)
	at org.junit.runners.ParentRunner$1.schedule(ParentRunner.java:79)
	at org.junit.runners.ParentRunner.runChildren(ParentRunner.java:329)
	at org.junit.runners.ParentRunner.access$100(ParentRunner.java:66)
	at org.junit.runners.ParentRunner$2.evaluate(ParentRunner.java:293)
	at org.junit.runners.ParentRunner$3.evaluate(ParentRunner.java:306)
	at org.junit.runners.ParentRunner.run(ParentRunner.java:413)
	at io.cucumber.junit.FeatureRunner.run(FeatureRunner.java:137)
	at io.cucumber.junit.Cucumber.runChild(Cucumber.java:196)
	at io.cucumber.junit.Cucumber.runChild(Cucumber.java:89)
	at org.junit.runners.ParentRunner$4.run(ParentRunner.java:331)
	at org.apache.maven.surefire.junitcore.pc.Scheduler$1.run(Scheduler.java:345)
	at java.base/java.util.concurrent.Executors$RunnableAdapter.call(Executors.java:539)
	at java.base/java.util.concurrent.FutureTask.run(FutureTask.java:264)
	at java.base/java.util.concurrent.ThreadPoolExecutor.runWorker(ThreadPoolExecutor.java:1136)
	at java.base/java.util.concurrent.ThreadPoolExecutor$Worker.run(ThreadPoolExecutor.java:635)
	at java.base/java.lang.Thread.run(Thread.java:840)
</textarea>
										</td>
									</tr>
								</tbody>
							</table>
						</div>
					</div>
				</li>
				<li class='exception displayed active'>
					<div class='exception-heading'>
						<span class='exception-name'>org.junit.ComparisonFailure</span>
						<span class='exception-count right'><span class='label red lighten-1 white-text'>1</span></span>
					</div>
					<div class='exception-content hide'>
						<div class='exception-tests'>
							<table class='bordered table-results'>
								<thead>
									<tr>
										<th>Timestamp</th>
										<th>TestName</th>
										<th>StackTrace</th>
									</tr>
								</thead>
								<tbody>
									<tr>
										<td>Mar 11, 2024 06:28:54 pm</td>
										<td class='linked' test-id='142'>Then verify the 'No data found' in error message area</td>
										<td>
											<textarea disabled class="code-block">org.junit.ComparisonFailure: expected:<[No data found]> but was:<[Sorry, there was an error submitting the form. Please try again.]>
	at org.junit.Assert.assertEquals(Assert.java:117)
	at org.junit.Assert.assertEquals(Assert.java:146)
	at pages.ContactusPage.verifyErrorMessage(ContactusPage.java:123)
	at steps.ContactusPageSteps.verifyTheMessageInErrorMessageArea(ContactusPageSteps.java:67)
	at ?.verify the 'No data found' in error message area(file:///C:/tendable-com/src/test/resources/features/contactus.feature:17)
</textarea>
										</td>
									</tr>
								</tbody>
							</table>
						</div>
					</div>
				</li>
			</ul>
		</div>
	</div>
	<div class='subview-right left'>
		<div class='view-summary'>
			<h5 class='exception-name'></h5>
		</div>
	</div>
</div>
<!-- exception view --><div id='dashboard-view' class='view hide'>
	<div class='card-panel transparent np-v'>
		<h5>Dashboard</h5>

		<div class='row'>
			<div class='col s2'>
				<div class='card-panel r'>
					Features
					<div class='panel-lead'>4</div>
				</div>
			</div>
			<div class='col s2'>
				<div class='card-panel r'>
					Scenarios
					<div class='panel-lead'>12</div>
				</div>
			</div>
			<div class='col s2'>
				<div class='card-panel r'>
					Steps
					<div class='panel-lead'>107</div>
				</div>
			</div>
			<div class='col s2'>
				<div class='card-panel r'>
					Start
					<div class='panel-lead'>Mar 11, 2024 06:24:39 pm</div>
				</div>
			</div>
			<div class='col s2'>
				<div class='card-panel r'>
			 		End
			 		<div class='panel-lead'>Mar 11, 2024 06:28:56 pm</div>
				</div>
			</div>
			<div class='col s2'>
				<div class='card-panel r'>
					Time Taken
					<div class='panel-lead'>00 04 17.036</div>
				</div>
			</div>
			<div class='col s4'>
				<div class='card-panel dashboard-environment'>
					<span class='right label cyan white-text'>Environment</span><p>&nbsp;</p>
					
					<table>
						<tr>
							<th>Name</th>
							<th>Value</th>
						</tr>
							<tr>
								<td>user</td>
								<td>Mohammad Shahnawaz</td>
							</tr>
							<tr>
								<td>version</td>
								<td>10</td>
							</tr>
							<tr>
								<td>build</td>
								<td>1.0.1</td>
							</tr>
							<tr>
								<td>type</td>
								<td>Regression</td>
							</tr>
							<tr>
								<td>os</td>
								<td>windows</td>
							</tr>
					</table>
				</div>
			</div>
			<div class='col s6'>
				<div class='card-panel dashboard-categories'>
					<span class='right label cyan white-text'>Categories</span><p>&nbsp;</p>
					
					<table>
						<tr>
							<th>Name</th>
							<th>Passed</th>
							<th>Failed</th>
							<th>Skipped</th>
							<th>Passed %</th>
						</tr>
						<tr>
							<td>@Contactusverify</td>
							<td>5</td>
							<td>2</td>
							<td>0</td>
							<td>
									71.429%
							</td>
						</tr>
						<tr>
							<td>@HomePageMenu</td>
							<td>0</td>
							<td>1</td>
							<td>0</td>
							<td>
									0%
							</td>
						</tr>
						<tr>
							<td>@snacks</td>
							<td>0</td>
							<td>2</td>
							<td>0</td>
							<td>
									0%
							</td>
						</tr>
						<tr>
							<td>@split[flat-white:off]</td>
							<td>0</td>
							<td>1</td>
							<td>0</td>
							<td>
									0%
							</td>
						</tr>
						<tr>
							<td>@Contactus</td>
							<td>5</td>
							<td>2</td>
							<td>0</td>
							<td>
									71.429%
							</td>
						</tr>
						<tr>
							<td>@pract</td>
							<td>2</td>
							<td>0</td>
							<td>0</td>
							<td>
									100%
							</td>
						</tr>
						<tr>
							<td>@HomePage</td>
							<td>0</td>
							<td>1</td>
							<td>0</td>
							<td>
									0%
							</td>
						</tr>
						<tr>
							<td>@wild</td>
							<td>1</td>
							<td>0</td>
							<td>0</td>
							<td>
									100%
							</td>
						</tr>
						<tr>
							<td>@split[flat-white:on]</td>
							<td>0</td>
							<td>1</td>
							<td>0</td>
							<td>
									0%
							</td>
						</tr>
						<tr>
							<td>@animal</td>
							<td>1</td>
							<td>0</td>
							<td>0</td>
							<td>
									100%
							</td>
						</tr>
					</table>
				</div>
			</div>
		</div>
	</div>
</div>
<!-- dashboard view -->
		</div>
		<!-- container -->
		<script>
			var statusGroup = {
                parentCount: 4,
				passParent: 1,
				failParent: 3,
				fatalParent: 0,
				errorParent: 0,
				warningParent: 0,
				skipParent: 0,
				childCount: 12,
				passChild: 7,
				failChild: 5,
				fatalChild: 0,
				errorChild: 0,
				warningChild: 0,
				skipChild: 0,
				infoChild: 0,
				grandChildCount: 107,
				passGrandChild: 84,
				failGrandChild: 7,
				fatalGrandChild: 0,
				errorGrandChild: 0,
				warningGrandChild: 0,
				skipGrandChild: 16,
				infoGrandChild: 0,
			};
			</script>
		
		<script>
			var timeline = {
			        "Contact us feature verification":256.531,"Practice":17.787,"Drinks Rate":17.756,"Home Page Menu Verification":191.218
			};
		</script>
		
		  <script src='http://cdn.jsdelivr.net/gh/extent-framework/extent-github-cdn@ff53917fbbdb5ef820abbbe4d199a6942dc771ff/v3html/js/extent.js' type='text/javascript'></script>
		
		
		<script type='text/javascript'>
				
		</script> 

	</body>
</html>