

<!DOCTYPE html>
<html>
<head>
<meta charset="UTF-8">
<meta name="viewport" content="width=device-width, initial-scale=1, shrink-to-fit=no">
<title></title>
<link rel="apple-touch-icon" href="https://cdn.jsdelivr.net/gh/extent-framework/extent-github-cdn@b00a2d0486596e73dd7326beacf352c639623a0e/commons/img/logo.png">
<link rel="shortcut icon" href="https://cdn.jsdelivr.net/gh/extent-framework/extent-github-cdn@b00a2d0486596e73dd7326beacf352c639623a0e/commons/img/logo.png">
<link href="https://cdn.jsdelivr.net/gh/extent-framework/extent-github-cdn@ce8b10435bcbae260c334c0d0c6b61d2c19b6168/spark/css/spark-style.css" rel="stylesheet" />
<link href="https://stackpath.bootstrapcdn.com/font-awesome/4.7.0/css/font-awesome.min.css" rel="stylesheet">
<script src="https://cdn.jsdelivr.net/gh/extent-framework/extent-github-cdn@7cc78ce/spark/js/jsontree.js"></script>
<style type="text/css"></style></head><body class="spa bdd-report standard">
  <div class="app">
    <div class="layout">
<div class="header navbar">
<div class="vheader">
<div class="nav-logo">
<a href="#">
<div class="logo" style="background-image: url('https://cdn.jsdelivr.net/gh/extent-framework/extent-github-cdn@b00a2d0486596e73dd7326beacf352c639623a0e/commons/img/logo.png')"></div>
</a>
</div>
<ul class="nav-left">
<li class="search-box">
<a class="search-toggle" href="#">
<i class="search-icon fa fa-search"></i>
<i class="search-icon-close fa fa-close"></i>
</a>
</li>
<li class="search-input"><input id="search-tests" class="form-control" type="text" placeholder="Search..."></li>
</ul>
<ul class="nav-right">
<li class="m-r-10">
<a href="#"><span class="badge badge-primary"></span></a>
</li>
<li class="m-r-10">
<a href="#"><span class="badge badge-primary">Feb 19, 2024 11:38:22 am</span></a>
</li>
</ul>
</div>
</div><div class="side-nav">
<div class="side-nav-inner">
<ul class="side-nav-menu">
<li class="nav-item dropdown" onclick="toggleView('test-view')">
<a id="nav-test" class="dropdown-toggle" href="#">
<span class="ico"><i class="fa fa-list"></i></span>
</a>
</li>
<li class="nav-item dropdown" onclick="toggleView('exception-view')">
<a id="nav-exception" class="dropdown-toggle" href="#">
<span class="ico"><i class="fa fa-bug"></i></span>
</a>
</li>
<li class="nav-item dropdown" onclick="toggleView('category-view')">
<a id="nav-category" class="dropdown-toggle" href="#">
<span class="ico"><i class="fa fa-tag"></i></span>
</a>
</li>
<li class="nav-item dropdown" onclick="toggleView('dashboard-view')">
<a id="nav-dashboard" class="dropdown-toggle" href="#">
<span class="ico"><i class="fa fa-bar-chart"></i></span>
</a>
</li>
</ul>
</div>
</div>      <div class="vcontainer">
        <div class="main-content">
<div class="test-wrapper row view test-view">
  <div class="test-list">
    <div class="test-list-tools">
<ul class="tools pull-left">
<li><a href="#"><span class="font-size-14">Tests</span></a></li>
</ul>
<ul class="tools text-right">
<li class="dropdown">
<a href="#" class="dropdown-toggle" data-toggle="dropdown"><i class="fa fa-exclamation-circle"></i></a>
<ul id="status-toggle" class="dropdown-menu dropdown-md p-v-0">
<a class="dropdown-item" status="fail" href="#"><span>Fail</span><span class="status danger"></span></a>
<div class="dropdown-divider"></div>
<a status="clear" class="dropdown-item" href="#"><span>Clear</span><span class="pull-right"><i class="fa fa-close"></i></span></a>
</ul>
</li>
<li class="dropdown">
<a href="#" class="dropdown-toggle" data-toggle="dropdown"><i class="fa fa-tag"></i></a>
<ul id="tag-toggle" class="dropdown-menu dropdown-md p-v-0">
<a class="dropdown-item" href="#">@Contactusverify</a><a class="dropdown-item" href="#">@Contactus</a>
</ul>
</li>
</ul>
</div>    <div class="test-list-wrapper scrollable">
      <ul class="test-list-item">
        <li class="test-item"  status="fail" test-id="1"
          author=""
          tag=""
          device="">
          <div class="test-detail">
            <p class="name">Contact us feature verification</p>
            <p class="text-sm">
              <span>11:38:23 am</span> / <span>00:00:54:397</span>
              <span class="badge fail-bg log float-right">Fail</span>
            </p>
          </div>
          <div class="test-contents d-none">
<div class="detail-head">
<div class="p-v-10">
<div class="info">
<h5 class="test-status text-fail">Contact us feature verification</h5>
<span class='badge badge-success'>02.19.2024 11:38:23 am</span>
<span class='badge badge-danger'>02.19.2024 11:39:17 am</span>
<span class='badge badge-default'>00:00:54:397</span>
&middot; <span class='uri-anchor badge badge-default'>#test-id=1</span>
<span title='Skip to the next failed step' class='badge badge-danger pointer float-right ne ml-1'><i class="fa fa-fast-forward"></i></span>
<span title='Collapse all nodes' class='badge badge-default pointer float-right ct ml-1'><i class="fa fa-compress"></i></span>
<span title='Expand all nodes' class='badge badge-default pointer float-right et'><i class="fa fa-expand"></i></span>
</div>
<div class="m-t-10 m-l-5"></div>
</div>
</div>
<div class="accordion mt-4">
  <div class="card">
    <div class="card-header" role="tab">
      <div class="card-title">
        <div class="node" id="2"><span class="badge log fail-bg mr-2">Fail</span>Contact us</div>
          <div class="status-avatar float-right mr-4">
            <i class="fa fa-paperclip"></i>
          </div>
      </div>
    </div>
        <div class="scenario_outline ">
            <div class="card-body l1">
              <div class="card-header">
                <div class="card-title outline-child">
                  <div class="node" id="3"><span class="badge log fail-bg mr-2">Fail</span>Contact us</div>
                    <div class="status-avatar float-right">
                      <i class="fa fa-paperclip"></i>
                    </div>
                </div>
              </div>
              <div class="card-body mt-3 ">
                  <div class="step pass-bg">
                    <span>Given user access the website and verify home page</span>
      <div>
      </div>
                  </div>
                  <div class="step pass-bg">
                    <span>When user click on contact</span>
      <div>
      </div>
                  </div>
                  <div class="step pass-bg">
                    <span>And user click on marketing option</span>
      <div>
      </div>
                  </div>
                  <div class="step pass-bg">
                    <span>Then user verify form feed displayed</span>
      <div>
      </div>
                  </div>
                  <div class="step pass-bg">
                    <span>When user enter 'John' in fullname text box</span>
      <div>
      </div>
                  </div>
                  <div class="step pass-bg">
                    <span>And user enter 'Gmail' in organization text box</span>
      <div>
      </div>
                  </div>
                  <div class="step pass-bg">
                    <span>And user enter '9198789678' in phone text box</span>
      <div>
      </div>
                  </div>
                  <div class="step pass-bg">
                    <span>And user enter 'john@gmail.com' in email text box</span>
      <div>
      </div>
                  </div>
                  <div class="step fail-bg">
                    <span>And user enter job role</span>
      <div>
        <textarea disabled class="code-block">org.openqa.selenium.ElementNotInteractableException: element not interactable: [object HTMLOptionElement] has no size and location
  (Session info: chrome=121.0.6167.185)
Build info: version: '4.17.0', revision: 'e52b1be057*'
System info: os.name: 'Windows 11', os.arch: 'amd64', os.version: '10.0', java.version: '17.0.9'
Driver info: org.openqa.selenium.chrome.ChromeDriver
Command: [07b37d7459e9186235b0f93e7c7eab0c, actions {actions=[org.openqa.selenium.interactions.Sequence@44f24a20]}]
Capabilities {acceptInsecureCerts: false, browserName: chrome, browserVersion: 121.0.6167.185, chrome: {chromedriverVersion: 121.0.6167.184 (057a8ae7deb..., userDataDir: C:\Users\shahn\AppData\Loca...}, fedcm:accounts: true, goog:chromeOptions: {debuggerAddress: localhost:55197}, networkConnectionEnabled: false, pageLoadStrategy: normal, platformName: windows, proxy: Proxy(), se:cdp: ws://localhost:55197/devtoo..., se:cdpVersion: 121.0.6167.185, setWindowRect: true, strictFileInteractability: false, timeouts: {implicit: 0, pageLoad: 300000, script: 30000}, unhandledPromptBehavior: dismiss and notify, webauthn:extension:credBlob: true, webauthn:extension:largeBlob: true, webauthn:extension:minPinLength: true, webauthn:extension:prf: true, webauthn:virtualAuthenticators: true}
Session ID: 07b37d7459e9186235b0f93e7c7eab0c
	at java.base/jdk.internal.reflect.NativeConstructorAccessorImpl.newInstance0(Native Method)
	at java.base/jdk.internal.reflect.NativeConstructorAccessorImpl.newInstance(NativeConstructorAccessorImpl.java:77)
	at java.base/jdk.internal.reflect.DelegatingConstructorAccessorImpl.newInstance(DelegatingConstructorAccessorImpl.java:45)
	at java.base/java.lang.reflect.Constructor.newInstanceWithCaller(Constructor.java:499)
	at java.base/java.lang.reflect.Constructor.newInstance(Constructor.java:480)
	at org.openqa.selenium.remote.codec.w3c.W3CHttpResponseCodec.createException(W3CHttpResponseCodec.java:185)
	at org.openqa.selenium.remote.codec.w3c.W3CHttpResponseCodec.decode(W3CHttpResponseCodec.java:134)
	at org.openqa.selenium.remote.codec.w3c.W3CHttpResponseCodec.decode(W3CHttpResponseCodec.java:51)
	at org.openqa.selenium.remote.HttpCommandExecutor.execute(HttpCommandExecutor.java:190)
	at org.openqa.selenium.remote.service.DriverCommandExecutor.invokeExecute(DriverCommandExecutor.java:216)
	at org.openqa.selenium.remote.service.DriverCommandExecutor.execute(DriverCommandExecutor.java:174)
	at org.openqa.selenium.remote.RemoteWebDriver.execute(RemoteWebDriver.java:519)
	at org.openqa.selenium.remote.RemoteWebDriver.perform(RemoteWebDriver.java:605)
	at org.openqa.selenium.interactions.Actions$BuiltAction.perform(Actions.java:603)
	at utils.SeleniumCommonFunction.ScrollToElement(SeleniumCommonFunction.java:49)
	at pages.ContactusPage.enterJob(ContactusPage.java:91)
	at steps.ContactusPageSteps.userEnterJobRole(ContactusPageSteps.java:47)
	at ✽.user enter job role(file:///C:/tendable-com/src/test/resources/features/contactus.feature:13)
</textarea>
      
      </div>
                  </div>
                  <div class="step skip-bg">
                    <span>And user enter '1234-A, Mumbai' in text area</span>
      <div>Step skipped
      </div>
                  </div>
                  <div class="step skip-bg">
                    <span>And Select the agreement radio</span>
      <div>Step skipped
      </div>
                  </div>
                  <div class="step skip-bg">
                    <span>When click on submit button</span>
      <div>Step skipped
      </div>
                  </div>
                  <div class="step skip-bg">
                    <span>Then verify the 'Form has been submitted successfully!' in error message area</span>
      <div>Step skipped
      </div>
                  </div>
                  <div class="step pass-bg">
                    <span>steps.MyHooks.clearSetup(io.cucumber.java.Scenario)</span>
      <div>Contact us
          <div class="row mb-3"><div class="col-md-3">
<img data-featherlight='../test-output/Screenshots/embedded1.png' src="../test-output/Screenshots/embedded1.png">
    
    </div></div>
</div>
      <div>
      </div>
                  </div>
              </div>
            </div>
            <div class="card-body l1">
              <div class="card-header">
                <div class="card-title outline-child">
                  <div class="node" id="19"><span class="badge log fail-bg mr-2">Fail</span>Contact us</div>
                    <div class="status-avatar float-right">
                      <i class="fa fa-paperclip"></i>
                    </div>
                </div>
              </div>
              <div class="card-body mt-3 ">
                  <div class="step pass-bg">
                    <span>Given user access the website and verify home page</span>
      <div>
      </div>
                  </div>
                  <div class="step pass-bg">
                    <span>When user click on contact</span>
      <div>
      </div>
                  </div>
                  <div class="step pass-bg">
                    <span>And user click on marketing option</span>
      <div>
      </div>
                  </div>
                  <div class="step pass-bg">
                    <span>Then user verify form feed displayed</span>
      <div>
      </div>
                  </div>
                  <div class="step pass-bg">
                    <span>When user enter 'Jenny' in fullname text box</span>
      <div>
      </div>
                  </div>
                  <div class="step pass-bg">
                    <span>And user enter 'Yahoo' in organization text box</span>
      <div>
      </div>
                  </div>
                  <div class="step pass-bg">
                    <span>And user enter '4556789234' in phone text box</span>
      <div>
      </div>
                  </div>
                  <div class="step pass-bg">
                    <span>And user enter 'jenny@yahoo.com' in email text box</span>
      <div>
      </div>
                  </div>
                  <div class="step fail-bg">
                    <span>And user enter job role</span>
      <div>
        <textarea disabled class="code-block">org.openqa.selenium.ElementNotInteractableException: element not interactable: [object HTMLOptionElement] has no size and location
  (Session info: chrome=121.0.6167.185)
Build info: version: '4.17.0', revision: 'e52b1be057*'
System info: os.name: 'Windows 11', os.arch: 'amd64', os.version: '10.0', java.version: '17.0.9'
Driver info: org.openqa.selenium.chrome.ChromeDriver
Command: [d1f8ee0b886e7e454c85c65c13469783, actions {actions=[org.openqa.selenium.interactions.Sequence@b3e86d5]}]
Capabilities {acceptInsecureCerts: false, browserName: chrome, browserVersion: 121.0.6167.185, chrome: {chromedriverVersion: 121.0.6167.184 (057a8ae7deb..., userDataDir: C:\Users\shahn\AppData\Loca...}, fedcm:accounts: true, goog:chromeOptions: {debuggerAddress: localhost:55258}, networkConnectionEnabled: false, pageLoadStrategy: normal, platformName: windows, proxy: Proxy(), se:cdp: ws://localhost:55258/devtoo..., se:cdpVersion: 121.0.6167.185, setWindowRect: true, strictFileInteractability: false, timeouts: {implicit: 0, pageLoad: 300000, script: 30000}, unhandledPromptBehavior: dismiss and notify, webauthn:extension:credBlob: true, webauthn:extension:largeBlob: true, webauthn:extension:minPinLength: true, webauthn:extension:prf: true, webauthn:virtualAuthenticators: true}
Session ID: d1f8ee0b886e7e454c85c65c13469783
	at java.base/jdk.internal.reflect.NativeConstructorAccessorImpl.newInstance0(Native Method)
	at java.base/jdk.internal.reflect.NativeConstructorAccessorImpl.newInstance(NativeConstructorAccessorImpl.java:77)
	at java.base/jdk.internal.reflect.DelegatingConstructorAccessorImpl.newInstance(DelegatingConstructorAccessorImpl.java:45)
	at java.base/java.lang.reflect.Constructor.newInstanceWithCaller(Constructor.java:499)
	at java.base/java.lang.reflect.Constructor.newInstance(Constructor.java:480)
	at org.openqa.selenium.remote.codec.w3c.W3CHttpResponseCodec.createException(W3CHttpResponseCodec.java:185)
	at org.openqa.selenium.remote.codec.w3c.W3CHttpResponseCodec.decode(W3CHttpResponseCodec.java:134)
	at org.openqa.selenium.remote.codec.w3c.W3CHttpResponseCodec.decode(W3CHttpResponseCodec.java:51)
	at org.openqa.selenium.remote.HttpCommandExecutor.execute(HttpCommandExecutor.java:190)
	at org.openqa.selenium.remote.service.DriverCommandExecutor.invokeExecute(DriverCommandExecutor.java:216)
	at org.openqa.selenium.remote.service.DriverCommandExecutor.execute(DriverCommandExecutor.java:174)
	at org.openqa.selenium.remote.RemoteWebDriver.execute(RemoteWebDriver.java:519)
	at org.openqa.selenium.remote.RemoteWebDriver.perform(RemoteWebDriver.java:605)
	at org.openqa.selenium.interactions.Actions$BuiltAction.perform(Actions.java:603)
	at utils.SeleniumCommonFunction.ScrollToElement(SeleniumCommonFunction.java:49)
	at pages.ContactusPage.enterJob(ContactusPage.java:91)
	at steps.ContactusPageSteps.userEnterJobRole(ContactusPageSteps.java:47)
	at ✽.user enter job role(file:///C:/tendable-com/src/test/resources/features/contactus.feature:13)
</textarea>
      
      </div>
                  </div>
                  <div class="step skip-bg">
                    <span>And user enter '' in text area</span>
      <div>Step skipped
      </div>
                  </div>
                  <div class="step skip-bg">
                    <span>And Select the agreement radio</span>
      <div>Step skipped
      </div>
                  </div>
                  <div class="step skip-bg">
                    <span>When click on submit button</span>
      <div>Step skipped
      </div>
                  </div>
                  <div class="step skip-bg">
                    <span>Then verify the 'Sorry, there was an error submitting the form. Please try again.' in error message area</span>
      <div>Step skipped
      </div>
                  </div>
                  <div class="step pass-bg">
                    <span>steps.MyHooks.clearSetup(io.cucumber.java.Scenario)</span>
      <div>Contact us
          <div class="row mb-3"><div class="col-md-3">
<img data-featherlight='../test-output/Screenshots/embedded2.png' src="../test-output/Screenshots/embedded2.png">
    
    </div></div>
</div>
      <div>
      </div>
                  </div>
              </div>
            </div>
            <div class="card-body l1">
              <div class="card-header">
                <div class="card-title outline-child">
                  <div class="node" id="35"><span class="badge log fail-bg mr-2">Fail</span>Contact us</div>
                    <div class="status-avatar float-right">
                      <i class="fa fa-paperclip"></i>
                    </div>
                </div>
              </div>
              <div class="card-body mt-3 ">
                  <div class="step pass-bg">
                    <span>Given user access the website and verify home page</span>
      <div>
      </div>
                  </div>
                  <div class="step pass-bg">
                    <span>When user click on contact</span>
      <div>
      </div>
                  </div>
                  <div class="step pass-bg">
                    <span>And user click on marketing option</span>
      <div>
      </div>
                  </div>
                  <div class="step pass-bg">
                    <span>Then user verify form feed displayed</span>
      <div>
      </div>
                  </div>
                  <div class="step pass-bg">
                    <span>When user enter 'Jenny' in fullname text box</span>
      <div>
      </div>
                  </div>
                  <div class="step pass-bg">
                    <span>And user enter 'Yahoo' in organization text box</span>
      <div>
      </div>
                  </div>
                  <div class="step pass-bg">
                    <span>And user enter '4556789234' in phone text box</span>
      <div>
      </div>
                  </div>
                  <div class="step pass-bg">
                    <span>And user enter '' in email text box</span>
      <div>
      </div>
                  </div>
                  <div class="step fail-bg">
                    <span>And user enter job role</span>
      <div>
        <textarea disabled class="code-block">org.openqa.selenium.ElementNotInteractableException: element not interactable: [object HTMLOptionElement] has no size and location
  (Session info: chrome=121.0.6167.185)
Build info: version: '4.17.0', revision: 'e52b1be057*'
System info: os.name: 'Windows 11', os.arch: 'amd64', os.version: '10.0', java.version: '17.0.9'
Driver info: org.openqa.selenium.chrome.ChromeDriver
Command: [b846b6448fbb1f281018a8fb43159db1, actions {actions=[org.openqa.selenium.interactions.Sequence@3fde8f7c]}]
Capabilities {acceptInsecureCerts: false, browserName: chrome, browserVersion: 121.0.6167.185, chrome: {chromedriverVersion: 121.0.6167.184 (057a8ae7deb..., userDataDir: C:\Users\shahn\AppData\Loca...}, fedcm:accounts: true, goog:chromeOptions: {debuggerAddress: localhost:55311}, networkConnectionEnabled: false, pageLoadStrategy: normal, platformName: windows, proxy: Proxy(), se:cdp: ws://localhost:55311/devtoo..., se:cdpVersion: 121.0.6167.185, setWindowRect: true, strictFileInteractability: false, timeouts: {implicit: 0, pageLoad: 300000, script: 30000}, unhandledPromptBehavior: dismiss and notify, webauthn:extension:credBlob: true, webauthn:extension:largeBlob: true, webauthn:extension:minPinLength: true, webauthn:extension:prf: true, webauthn:virtualAuthenticators: true}
Session ID: b846b6448fbb1f281018a8fb43159db1
	at java.base/jdk.internal.reflect.NativeConstructorAccessorImpl.newInstance0(Native Method)
	at java.base/jdk.internal.reflect.NativeConstructorAccessorImpl.newInstance(NativeConstructorAccessorImpl.java:77)
	at java.base/jdk.internal.reflect.DelegatingConstructorAccessorImpl.newInstance(DelegatingConstructorAccessorImpl.java:45)
	at java.base/java.lang.reflect.Constructor.newInstanceWithCaller(Constructor.java:499)
	at java.base/java.lang.reflect.Constructor.newInstance(Constructor.java:480)
	at org.openqa.selenium.remote.codec.w3c.W3CHttpResponseCodec.createException(W3CHttpResponseCodec.java:185)
	at org.openqa.selenium.remote.codec.w3c.W3CHttpResponseCodec.decode(W3CHttpResponseCodec.java:134)
	at org.openqa.selenium.remote.codec.w3c.W3CHttpResponseCodec.decode(W3CHttpResponseCodec.java:51)
	at org.openqa.selenium.remote.HttpCommandExecutor.execute(HttpCommandExecutor.java:190)
	at org.openqa.selenium.remote.service.DriverCommandExecutor.invokeExecute(DriverCommandExecutor.java:216)
	at org.openqa.selenium.remote.service.DriverCommandExecutor.execute(DriverCommandExecutor.java:174)
	at org.openqa.selenium.remote.RemoteWebDriver.execute(RemoteWebDriver.java:519)
	at org.openqa.selenium.remote.RemoteWebDriver.perform(RemoteWebDriver.java:605)
	at org.openqa.selenium.interactions.Actions$BuiltAction.perform(Actions.java:603)
	at utils.SeleniumCommonFunction.ScrollToElement(SeleniumCommonFunction.java:49)
	at pages.ContactusPage.enterJob(ContactusPage.java:91)
	at steps.ContactusPageSteps.userEnterJobRole(ContactusPageSteps.java:47)
	at ✽.user enter job role(file:///C:/tendable-com/src/test/resources/features/contactus.feature:13)
</textarea>
      
      </div>
                  </div>
                  <div class="step skip-bg">
                    <span>And user enter '' in text area</span>
      <div>Step skipped
      </div>
                  </div>
                  <div class="step skip-bg">
                    <span>And Select the agreement radio</span>
      <div>Step skipped
      </div>
                  </div>
                  <div class="step skip-bg">
                    <span>When click on submit button</span>
      <div>Step skipped
      </div>
                  </div>
                  <div class="step skip-bg">
                    <span>Then verify the 'Sorry, there was an error submitting the form. Please try again.' in error message area</span>
      <div>Step skipped
      </div>
                  </div>
                  <div class="step pass-bg">
                    <span>steps.MyHooks.clearSetup(io.cucumber.java.Scenario)</span>
      <div>Contact us
          <div class="row mb-3"><div class="col-md-3">
<img data-featherlight='../test-output/Screenshots/embedded3.png' src="../test-output/Screenshots/embedded3.png">
    
    </div></div>
</div>
      <div>
      </div>
                  </div>
              </div>
            </div>
            <div class="card-body l1">
              <div class="card-header">
                <div class="card-title outline-child">
                  <div class="node" id="51"><span class="badge log fail-bg mr-2">Fail</span>Contact us</div>
                    <div class="status-avatar float-right">
                      <i class="fa fa-paperclip"></i>
                    </div>
                </div>
              </div>
              <div class="card-body mt-3 ">
                  <div class="step pass-bg">
                    <span>Given user access the website and verify home page</span>
      <div>
      </div>
                  </div>
                  <div class="step pass-bg">
                    <span>When user click on contact</span>
      <div>
      </div>
                  </div>
                  <div class="step pass-bg">
                    <span>And user click on marketing option</span>
      <div>
      </div>
                  </div>
                  <div class="step pass-bg">
                    <span>Then user verify form feed displayed</span>
      <div>
      </div>
                  </div>
                  <div class="step pass-bg">
                    <span>When user enter 'Jenny' in fullname text box</span>
      <div>
      </div>
                  </div>
                  <div class="step pass-bg">
                    <span>And user enter 'Yahoo' in organization text box</span>
      <div>
      </div>
                  </div>
                  <div class="step pass-bg">
                    <span>And user enter '' in phone text box</span>
      <div>
      </div>
                  </div>
                  <div class="step pass-bg">
                    <span>And user enter '' in email text box</span>
      <div>
      </div>
                  </div>
                  <div class="step fail-bg">
                    <span>And user enter job role</span>
      <div>
        <textarea disabled class="code-block">org.openqa.selenium.ElementNotInteractableException: element not interactable: [object HTMLOptionElement] has no size and location
  (Session info: chrome=121.0.6167.185)
Build info: version: '4.17.0', revision: 'e52b1be057*'
System info: os.name: 'Windows 11', os.arch: 'amd64', os.version: '10.0', java.version: '17.0.9'
Driver info: org.openqa.selenium.chrome.ChromeDriver
Command: [09ad4280ba8be1392617e479cc979a04, actions {actions=[org.openqa.selenium.interactions.Sequence@2c6c302f]}]
Capabilities {acceptInsecureCerts: false, browserName: chrome, browserVersion: 121.0.6167.185, chrome: {chromedriverVersion: 121.0.6167.184 (057a8ae7deb..., userDataDir: C:\Users\shahn\AppData\Loca...}, fedcm:accounts: true, goog:chromeOptions: {debuggerAddress: localhost:55365}, networkConnectionEnabled: false, pageLoadStrategy: normal, platformName: windows, proxy: Proxy(), se:cdp: ws://localhost:55365/devtoo..., se:cdpVersion: 121.0.6167.185, setWindowRect: true, strictFileInteractability: false, timeouts: {implicit: 0, pageLoad: 300000, script: 30000}, unhandledPromptBehavior: dismiss and notify, webauthn:extension:credBlob: true, webauthn:extension:largeBlob: true, webauthn:extension:minPinLength: true, webauthn:extension:prf: true, webauthn:virtualAuthenticators: true}
Session ID: 09ad4280ba8be1392617e479cc979a04
	at java.base/jdk.internal.reflect.NativeConstructorAccessorImpl.newInstance0(Native Method)
	at java.base/jdk.internal.reflect.NativeConstructorAccessorImpl.newInstance(NativeConstructorAccessorImpl.java:77)
	at java.base/jdk.internal.reflect.DelegatingConstructorAccessorImpl.newInstance(DelegatingConstructorAccessorImpl.java:45)
	at java.base/java.lang.reflect.Constructor.newInstanceWithCaller(Constructor.java:499)
	at java.base/java.lang.reflect.Constructor.newInstance(Constructor.java:480)
	at org.openqa.selenium.remote.codec.w3c.W3CHttpResponseCodec.createException(W3CHttpResponseCodec.java:185)
	at org.openqa.selenium.remote.codec.w3c.W3CHttpResponseCodec.decode(W3CHttpResponseCodec.java:134)
	at org.openqa.selenium.remote.codec.w3c.W3CHttpResponseCodec.decode(W3CHttpResponseCodec.java:51)
	at org.openqa.selenium.remote.HttpCommandExecutor.execute(HttpCommandExecutor.java:190)
	at org.openqa.selenium.remote.service.DriverCommandExecutor.invokeExecute(DriverCommandExecutor.java:216)
	at org.openqa.selenium.remote.service.DriverCommandExecutor.execute(DriverCommandExecutor.java:174)
	at org.openqa.selenium.remote.RemoteWebDriver.execute(RemoteWebDriver.java:519)
	at org.openqa.selenium.remote.RemoteWebDriver.perform(RemoteWebDriver.java:605)
	at org.openqa.selenium.interactions.Actions$BuiltAction.perform(Actions.java:603)
	at utils.SeleniumCommonFunction.ScrollToElement(SeleniumCommonFunction.java:49)
	at pages.ContactusPage.enterJob(ContactusPage.java:91)
	at steps.ContactusPageSteps.userEnterJobRole(ContactusPageSteps.java:47)
	at ✽.user enter job role(file:///C:/tendable-com/src/test/resources/features/contactus.feature:13)
</textarea>
      
      </div>
                  </div>
                  <div class="step skip-bg">
                    <span>And user enter '' in text area</span>
      <div>Step skipped
      </div>
                  </div>
                  <div class="step skip-bg">
                    <span>And Select the agreement radio</span>
      <div>Step skipped
      </div>
                  </div>
                  <div class="step skip-bg">
                    <span>When click on submit button</span>
      <div>Step skipped
      </div>
                  </div>
                  <div class="step skip-bg">
                    <span>Then verify the 'Sorry, there was an error submitting the form. Please try again.' in error message area</span>
      <div>Step skipped
      </div>
                  </div>
                  <div class="step pass-bg">
                    <span>steps.MyHooks.clearSetup(io.cucumber.java.Scenario)</span>
      <div>Contact us
          <div class="row mb-3"><div class="col-md-3">
<img data-featherlight='../test-output/Screenshots/embedded4.png' src="../test-output/Screenshots/embedded4.png">
    
    </div></div>
</div>
      <div>
      </div>
                  </div>
              </div>
            </div>
            <div class="card-body l1">
              <div class="card-header">
                <div class="card-title outline-child">
                  <div class="node" id="67"><span class="badge log fail-bg mr-2">Fail</span>Contact us</div>
                    <div class="status-avatar float-right">
                      <i class="fa fa-paperclip"></i>
                    </div>
                </div>
              </div>
              <div class="card-body mt-3 ">
                  <div class="step pass-bg">
                    <span>Given user access the website and verify home page</span>
      <div>
      </div>
                  </div>
                  <div class="step pass-bg">
                    <span>When user click on contact</span>
      <div>
      </div>
                  </div>
                  <div class="step pass-bg">
                    <span>And user click on marketing option</span>
      <div>
      </div>
                  </div>
                  <div class="step pass-bg">
                    <span>Then user verify form feed displayed</span>
      <div>
      </div>
                  </div>
                  <div class="step pass-bg">
                    <span>When user enter 'Jenny' in fullname text box</span>
      <div>
      </div>
                  </div>
                  <div class="step pass-bg">
                    <span>And user enter '' in organization text box</span>
      <div>
      </div>
                  </div>
                  <div class="step pass-bg">
                    <span>And user enter '' in phone text box</span>
      <div>
      </div>
                  </div>
                  <div class="step pass-bg">
                    <span>And user enter '' in email text box</span>
      <div>
      </div>
                  </div>
                  <div class="step fail-bg">
                    <span>And user enter job role</span>
      <div>
        <textarea disabled class="code-block">org.openqa.selenium.ElementNotInteractableException: element not interactable: [object HTMLOptionElement] has no size and location
  (Session info: chrome=121.0.6167.185)
Build info: version: '4.17.0', revision: 'e52b1be057*'
System info: os.name: 'Windows 11', os.arch: 'amd64', os.version: '10.0', java.version: '17.0.9'
Driver info: org.openqa.selenium.chrome.ChromeDriver
Command: [a808fdaa6b541d221e474ab1d173573f, actions {actions=[org.openqa.selenium.interactions.Sequence@34aa8b61]}]
Capabilities {acceptInsecureCerts: false, browserName: chrome, browserVersion: 121.0.6167.185, chrome: {chromedriverVersion: 121.0.6167.184 (057a8ae7deb..., userDataDir: C:\Users\shahn\AppData\Loca...}, fedcm:accounts: true, goog:chromeOptions: {debuggerAddress: localhost:55419}, networkConnectionEnabled: false, pageLoadStrategy: normal, platformName: windows, proxy: Proxy(), se:cdp: ws://localhost:55419/devtoo..., se:cdpVersion: 121.0.6167.185, setWindowRect: true, strictFileInteractability: false, timeouts: {implicit: 0, pageLoad: 300000, script: 30000}, unhandledPromptBehavior: dismiss and notify, webauthn:extension:credBlob: true, webauthn:extension:largeBlob: true, webauthn:extension:minPinLength: true, webauthn:extension:prf: true, webauthn:virtualAuthenticators: true}
Session ID: a808fdaa6b541d221e474ab1d173573f
	at java.base/jdk.internal.reflect.NativeConstructorAccessorImpl.newInstance0(Native Method)
	at java.base/jdk.internal.reflect.NativeConstructorAccessorImpl.newInstance(NativeConstructorAccessorImpl.java:77)
	at java.base/jdk.internal.reflect.DelegatingConstructorAccessorImpl.newInstance(DelegatingConstructorAccessorImpl.java:45)
	at java.base/java.lang.reflect.Constructor.newInstanceWithCaller(Constructor.java:499)
	at java.base/java.lang.reflect.Constructor.newInstance(Constructor.java:480)
	at org.openqa.selenium.remote.codec.w3c.W3CHttpResponseCodec.createException(W3CHttpResponseCodec.java:185)
	at org.openqa.selenium.remote.codec.w3c.W3CHttpResponseCodec.decode(W3CHttpResponseCodec.java:134)
	at org.openqa.selenium.remote.codec.w3c.W3CHttpResponseCodec.decode(W3CHttpResponseCodec.java:51)
	at org.openqa.selenium.remote.HttpCommandExecutor.execute(HttpCommandExecutor.java:190)
	at org.openqa.selenium.remote.service.DriverCommandExecutor.invokeExecute(DriverCommandExecutor.java:216)
	at org.openqa.selenium.remote.service.DriverCommandExecutor.execute(DriverCommandExecutor.java:174)
	at org.openqa.selenium.remote.RemoteWebDriver.execute(RemoteWebDriver.java:519)
	at org.openqa.selenium.remote.RemoteWebDriver.perform(RemoteWebDriver.java:605)
	at org.openqa.selenium.interactions.Actions$BuiltAction.perform(Actions.java:603)
	at utils.SeleniumCommonFunction.ScrollToElement(SeleniumCommonFunction.java:49)
	at pages.ContactusPage.enterJob(ContactusPage.java:91)
	at steps.ContactusPageSteps.userEnterJobRole(ContactusPageSteps.java:47)
	at ✽.user enter job role(file:///C:/tendable-com/src/test/resources/features/contactus.feature:13)
</textarea>
      
      </div>
                  </div>
                  <div class="step skip-bg">
                    <span>And user enter '' in text area</span>
      <div>Step skipped
      </div>
                  </div>
                  <div class="step skip-bg">
                    <span>And Select the agreement radio</span>
      <div>Step skipped
      </div>
                  </div>
                  <div class="step skip-bg">
                    <span>When click on submit button</span>
      <div>Step skipped
      </div>
                  </div>
                  <div class="step skip-bg">
                    <span>Then verify the 'Sorry, there was an error submitting the form. Please try again.' in error message area</span>
      <div>Step skipped
      </div>
                  </div>
                  <div class="step pass-bg">
                    <span>steps.MyHooks.clearSetup(io.cucumber.java.Scenario)</span>
      <div>Contact us
          <div class="row mb-3"><div class="col-md-3">
<img data-featherlight='../test-output/Screenshots/embedded5.png' src="../test-output/Screenshots/embedded5.png">
    
    </div></div>
</div>
      <div>
      </div>
                  </div>
              </div>
            </div>
            <div class="card-body l1">
              <div class="card-header">
                <div class="card-title outline-child">
                  <div class="node" id="83"><span class="badge log fail-bg mr-2">Fail</span>Contact us</div>
                    <div class="status-avatar float-right">
                      <i class="fa fa-paperclip"></i>
                    </div>
                </div>
              </div>
              <div class="card-body mt-3 ">
                  <div class="step pass-bg">
                    <span>Given user access the website and verify home page</span>
      <div>
      </div>
                  </div>
                  <div class="step pass-bg">
                    <span>When user click on contact</span>
      <div>
      </div>
                  </div>
                  <div class="step pass-bg">
                    <span>And user click on marketing option</span>
      <div>
      </div>
                  </div>
                  <div class="step pass-bg">
                    <span>Then user verify form feed displayed</span>
      <div>
      </div>
                  </div>
                  <div class="step pass-bg">
                    <span>When user enter '' in fullname text box</span>
      <div>
      </div>
                  </div>
                  <div class="step pass-bg">
                    <span>And user enter '' in organization text box</span>
      <div>
      </div>
                  </div>
                  <div class="step pass-bg">
                    <span>And user enter '' in phone text box</span>
      <div>
      </div>
                  </div>
                  <div class="step pass-bg">
                    <span>And user enter '' in email text box</span>
      <div>
      </div>
                  </div>
                  <div class="step fail-bg">
                    <span>And user enter job role</span>
      <div>
        <textarea disabled class="code-block">org.openqa.selenium.ElementNotInteractableException: element not interactable: [object HTMLOptionElement] has no size and location
  (Session info: chrome=121.0.6167.185)
Build info: version: '4.17.0', revision: 'e52b1be057*'
System info: os.name: 'Windows 11', os.arch: 'amd64', os.version: '10.0', java.version: '17.0.9'
Driver info: org.openqa.selenium.chrome.ChromeDriver
Command: [48ef2b61441c2a928cbcb80c462b405e, actions {actions=[org.openqa.selenium.interactions.Sequence@2e3cd732]}]
Capabilities {acceptInsecureCerts: false, browserName: chrome, browserVersion: 121.0.6167.185, chrome: {chromedriverVersion: 121.0.6167.184 (057a8ae7deb..., userDataDir: C:\Users\shahn\AppData\Loca...}, fedcm:accounts: true, goog:chromeOptions: {debuggerAddress: localhost:55472}, networkConnectionEnabled: false, pageLoadStrategy: normal, platformName: windows, proxy: Proxy(), se:cdp: ws://localhost:55472/devtoo..., se:cdpVersion: 121.0.6167.185, setWindowRect: true, strictFileInteractability: false, timeouts: {implicit: 0, pageLoad: 300000, script: 30000}, unhandledPromptBehavior: dismiss and notify, webauthn:extension:credBlob: true, webauthn:extension:largeBlob: true, webauthn:extension:minPinLength: true, webauthn:extension:prf: true, webauthn:virtualAuthenticators: true}
Session ID: 48ef2b61441c2a928cbcb80c462b405e
	at java.base/jdk.internal.reflect.NativeConstructorAccessorImpl.newInstance0(Native Method)
	at java.base/jdk.internal.reflect.NativeConstructorAccessorImpl.newInstance(NativeConstructorAccessorImpl.java:77)
	at java.base/jdk.internal.reflect.DelegatingConstructorAccessorImpl.newInstance(DelegatingConstructorAccessorImpl.java:45)
	at java.base/java.lang.reflect.Constructor.newInstanceWithCaller(Constructor.java:499)
	at java.base/java.lang.reflect.Constructor.newInstance(Constructor.java:480)
	at org.openqa.selenium.remote.codec.w3c.W3CHttpResponseCodec.createException(W3CHttpResponseCodec.java:185)
	at org.openqa.selenium.remote.codec.w3c.W3CHttpResponseCodec.decode(W3CHttpResponseCodec.java:134)
	at org.openqa.selenium.remote.codec.w3c.W3CHttpResponseCodec.decode(W3CHttpResponseCodec.java:51)
	at org.openqa.selenium.remote.HttpCommandExecutor.execute(HttpCommandExecutor.java:190)
	at org.openqa.selenium.remote.service.DriverCommandExecutor.invokeExecute(DriverCommandExecutor.java:216)
	at org.openqa.selenium.remote.service.DriverCommandExecutor.execute(DriverCommandExecutor.java:174)
	at org.openqa.selenium.remote.RemoteWebDriver.execute(RemoteWebDriver.java:519)
	at org.openqa.selenium.remote.RemoteWebDriver.perform(RemoteWebDriver.java:605)
	at org.openqa.selenium.interactions.Actions$BuiltAction.perform(Actions.java:603)
	at utils.SeleniumCommonFunction.ScrollToElement(SeleniumCommonFunction.java:49)
	at pages.ContactusPage.enterJob(ContactusPage.java:91)
	at steps.ContactusPageSteps.userEnterJobRole(ContactusPageSteps.java:47)
	at ✽.user enter job role(file:///C:/tendable-com/src/test/resources/features/contactus.feature:13)
</textarea>
      
      </div>
                  </div>
                  <div class="step skip-bg">
                    <span>And user enter '' in text area</span>
      <div>Step skipped
      </div>
                  </div>
                  <div class="step skip-bg">
                    <span>And Select the agreement radio</span>
      <div>Step skipped
      </div>
                  </div>
                  <div class="step skip-bg">
                    <span>When click on submit button</span>
      <div>Step skipped
      </div>
                  </div>
                  <div class="step skip-bg">
                    <span>Then verify the 'Sorry, there was an error submitting the form. Please try again.' in error message area</span>
      <div>Step skipped
      </div>
                  </div>
                  <div class="step pass-bg">
                    <span>steps.MyHooks.clearSetup(io.cucumber.java.Scenario)</span>
      <div>Contact us
          <div class="row mb-3"><div class="col-md-3">
<img data-featherlight='../test-output/Screenshots/embedded6.png' src="../test-output/Screenshots/embedded6.png">
    
    </div></div>
</div>
      <div>
      </div>
                  </div>
              </div>
            </div>
            <div class="card-body l1">
              <div class="card-header">
                <div class="card-title outline-child">
                  <div class="node" id="99"><span class="badge log fail-bg mr-2">Fail</span>Contact us</div>
                    <div class="status-avatar float-right">
                      <i class="fa fa-paperclip"></i>
                    </div>
                </div>
              </div>
              <div class="card-body mt-3 ">
                  <div class="step pass-bg">
                    <span>Given user access the website and verify home page</span>
      <div>
      </div>
                  </div>
                  <div class="step pass-bg">
                    <span>When user click on contact</span>
      <div>
      </div>
                  </div>
                  <div class="step pass-bg">
                    <span>And user click on marketing option</span>
      <div>
      </div>
                  </div>
                  <div class="step pass-bg">
                    <span>Then user verify form feed displayed</span>
      <div>
      </div>
                  </div>
                  <div class="step pass-bg">
                    <span>When user enter 'John' in fullname text box</span>
      <div>
      </div>
                  </div>
                  <div class="step pass-bg">
                    <span>And user enter 'Gmail' in organization text box</span>
      <div>
      </div>
                  </div>
                  <div class="step pass-bg">
                    <span>And user enter '9198789678' in phone text box</span>
      <div>
      </div>
                  </div>
                  <div class="step pass-bg">
                    <span>And user enter 'john@gmail.com' in email text box</span>
      <div>
      </div>
                  </div>
                  <div class="step fail-bg">
                    <span>And user enter job role</span>
      <div>
        <textarea disabled class="code-block">org.openqa.selenium.ElementNotInteractableException: element not interactable: [object HTMLOptionElement] has no size and location
  (Session info: chrome=121.0.6167.185)
Build info: version: '4.17.0', revision: 'e52b1be057*'
System info: os.name: 'Windows 11', os.arch: 'amd64', os.version: '10.0', java.version: '17.0.9'
Driver info: org.openqa.selenium.chrome.ChromeDriver
Command: [d89d1e6a7a5c4ed8215760d34e07cf8b, actions {actions=[org.openqa.selenium.interactions.Sequence@4fea5ee0]}]
Capabilities {acceptInsecureCerts: false, browserName: chrome, browserVersion: 121.0.6167.185, chrome: {chromedriverVersion: 121.0.6167.184 (057a8ae7deb..., userDataDir: C:\Users\shahn\AppData\Loca...}, fedcm:accounts: true, goog:chromeOptions: {debuggerAddress: localhost:55525}, networkConnectionEnabled: false, pageLoadStrategy: normal, platformName: windows, proxy: Proxy(), se:cdp: ws://localhost:55525/devtoo..., se:cdpVersion: 121.0.6167.185, setWindowRect: true, strictFileInteractability: false, timeouts: {implicit: 0, pageLoad: 300000, script: 30000}, unhandledPromptBehavior: dismiss and notify, webauthn:extension:credBlob: true, webauthn:extension:largeBlob: true, webauthn:extension:minPinLength: true, webauthn:extension:prf: true, webauthn:virtualAuthenticators: true}
Session ID: d89d1e6a7a5c4ed8215760d34e07cf8b
	at java.base/jdk.internal.reflect.NativeConstructorAccessorImpl.newInstance0(Native Method)
	at java.base/jdk.internal.reflect.NativeConstructorAccessorImpl.newInstance(NativeConstructorAccessorImpl.java:77)
	at java.base/jdk.internal.reflect.DelegatingConstructorAccessorImpl.newInstance(DelegatingConstructorAccessorImpl.java:45)
	at java.base/java.lang.reflect.Constructor.newInstanceWithCaller(Constructor.java:499)
	at java.base/java.lang.reflect.Constructor.newInstance(Constructor.java:480)
	at org.openqa.selenium.remote.codec.w3c.W3CHttpResponseCodec.createException(W3CHttpResponseCodec.java:185)
	at org.openqa.selenium.remote.codec.w3c.W3CHttpResponseCodec.decode(W3CHttpResponseCodec.java:134)
	at org.openqa.selenium.remote.codec.w3c.W3CHttpResponseCodec.decode(W3CHttpResponseCodec.java:51)
	at org.openqa.selenium.remote.HttpCommandExecutor.execute(HttpCommandExecutor.java:190)
	at org.openqa.selenium.remote.service.DriverCommandExecutor.invokeExecute(DriverCommandExecutor.java:216)
	at org.openqa.selenium.remote.service.DriverCommandExecutor.execute(DriverCommandExecutor.java:174)
	at org.openqa.selenium.remote.RemoteWebDriver.execute(RemoteWebDriver.java:519)
	at org.openqa.selenium.remote.RemoteWebDriver.perform(RemoteWebDriver.java:605)
	at org.openqa.selenium.interactions.Actions$BuiltAction.perform(Actions.java:603)
	at utils.SeleniumCommonFunction.ScrollToElement(SeleniumCommonFunction.java:49)
	at pages.ContactusPage.enterJob(ContactusPage.java:91)
	at steps.ContactusPageSteps.userEnterJobRole(ContactusPageSteps.java:47)
	at ✽.user enter job role(file:///C:/tendable-com/src/test/resources/features/contactus.feature:13)
</textarea>
      
      </div>
                  </div>
                  <div class="step skip-bg">
                    <span>And user enter '1234-A, Mumbai' in text area</span>
      <div>Step skipped
      </div>
                  </div>
                  <div class="step skip-bg">
                    <span>And Select the agreement radio</span>
      <div>Step skipped
      </div>
                  </div>
                  <div class="step skip-bg">
                    <span>When click on submit button</span>
      <div>Step skipped
      </div>
                  </div>
                  <div class="step skip-bg">
                    <span>Then verify the 'No data found' in error message area</span>
      <div>Step skipped
      </div>
                  </div>
                  <div class="step pass-bg">
                    <span>steps.MyHooks.clearSetup(io.cucumber.java.Scenario)</span>
      <div>Contact us
          <div class="row mb-3"><div class="col-md-3">
<img data-featherlight='../test-output/Screenshots/embedded7.png' src="../test-output/Screenshots/embedded7.png">
    
    </div></div>
</div>
      <div>
      </div>
                  </div>
              </div>
            </div>
        </div>
  </div>
</div>
          </div>
        </li>
      </ul>
    </div>
  </div>
<div class="test-content scrollable">
<div class="test-content-tools">
<ul><li><a class="back-to-test" href="#"><i class="fa fa-arrow-left"></i></a></li></ul>
</div>
<div class="test-content-detail"><div class="detail-body"></div></div>
</div></div>
<div class="test-wrapper row view exception-view attributes-view">
<div class="test-list">
<div class="test-list-tools">
<ul class="tools pull-left"><li><a href=""><span class="font-size-14">Exception</span></a></li></ul>
<ul class="tools text-right"><li><a href="#"><span class="badge badge-primary">1</span></a></li></ul>
</div>
<div class="test-list-wrapper scrollable">
<ul class="test-list-item">
<li class="test-item">
<div class="test-detail">
<span class="meta">
<span class='badge log badge-danger'>7</span>
</span>
<p class="name">org.openqa.selenium.ElementNotInteractableException</p>
<p class="duration text-sm">7 tests</p>
</div>
<div class="test-contents d-none">
<div class="info">
<h4>org.openqa.selenium.ElementNotInteractableException</h4>
<span status="fail" class='badge log badge-danger'>7 failed</span>
</div>
<table class='table table-sm mt-4'>
<thead>
<tr>
<th class="status-col">Status</th>
<th class="timestamp-col">Timestamp</th>
<th>TestName</th>
</tr>
</thead>
<tbody>
<tr class="tag-test-status" status="fail">
<td><span class="badge log fail-bg">Fail</span></td>
<td>11:38:32 am</td>
<td>
<a href="#" class="linked" test-id='1' id='13'>And user enter job role</a>
<div class="">
<span class="badge badge-default">Contact us feature verification.Contact us.And user enter job role</span>
</div>
</td>
</tr>
<tr class="tag-test-status" status="fail">
<td><span class="badge log fail-bg">Fail</span></td>
<td>11:38:40 am</td>
<td>
<a href="#" class="linked" test-id='1' id='29'>And user enter job role</a>
<div class="">
<span class="badge badge-default">Contact us feature verification.Contact us.And user enter job role</span>
</div>
</td>
</tr>
<tr class="tag-test-status" status="fail">
<td><span class="badge log fail-bg">Fail</span></td>
<td>11:38:48 am</td>
<td>
<a href="#" class="linked" test-id='1' id='45'>And user enter job role</a>
<div class="">
<span class="badge badge-default">Contact us feature verification.Contact us.And user enter job role</span>
</div>
</td>
</tr>
<tr class="tag-test-status" status="fail">
<td><span class="badge log fail-bg">Fail</span></td>
<td>11:38:55 am</td>
<td>
<a href="#" class="linked" test-id='1' id='61'>And user enter job role</a>
<div class="">
<span class="badge badge-default">Contact us feature verification.Contact us.And user enter job role</span>
</div>
</td>
</tr>
<tr class="tag-test-status" status="fail">
<td><span class="badge log fail-bg">Fail</span></td>
<td>11:39:02 am</td>
<td>
<a href="#" class="linked" test-id='1' id='77'>And user enter job role</a>
<div class="">
<span class="badge badge-default">Contact us feature verification.Contact us.And user enter job role</span>
</div>
</td>
</tr>
<tr class="tag-test-status" status="fail">
<td><span class="badge log fail-bg">Fail</span></td>
<td>11:39:09 am</td>
<td>
<a href="#" class="linked" test-id='1' id='93'>And user enter job role</a>
<div class="">
<span class="badge badge-default">Contact us feature verification.Contact us.And user enter job role</span>
</div>
</td>
</tr>
<tr class="tag-test-status" status="fail">
<td><span class="badge log fail-bg">Fail</span></td>
<td>11:39:17 am</td>
<td>
<a href="#" class="linked" test-id='1' id='109'>And user enter job role</a>
<div class="">
<span class="badge badge-default">Contact us feature verification.Contact us.And user enter job role</span>
</div>
</td>
</tr>
</tbody>
</table>
</div>
</li>
</ul>
</div>
</div>
<div class="test-content scrollable">
<div class="test-content-detail">
<div class="detail-body"></div>
</div>
</div>
</div><div class="test-wrapper row view category-view attributes-view">
<div class="test-list">
<div class="test-list-tools">
<ul class="tools pull-left"><li><a href=""><span class="font-size-14">Category</span></a></li></ul>
<ul class="tools text-right"><li><a href="#"><span class="badge badge-primary">2</span></a></li></ul>
</div>
<div class="test-list-wrapper scrollable">
<ul class="test-list-item">
<li class="test-item">
<div class="test-detail">
<span class="meta">
<span class='badge log badge-danger'>7</span>
</span>
<p class="name">@Contactusverify</p>
<p class="duration text-sm">7 tests</p>
</div>
<div class="test-contents d-none">
<div class="info">
<h4>@Contactusverify</h4>
<span status="fail" class='badge log badge-danger'>7 failed</span>
</div>
<table class='table table-sm mt-4'>
<thead>
<tr>
<th class="status-col">Status</th>
<th class="timestamp-col">Timestamp</th>
<th>TestName</th>
</tr>
</thead>
<tbody>
<tr class="tag-test-status" status="fail">
<td><span class="badge log fail-bg">Fail</span></td>
<td>11:38:23 am</td>
<td>
<a href="#" class="linked" test-id='1' id='3'>Contact us</a>
<div class="">
<span class="badge badge-default">Contact us feature verification.Contact us</span>
</div>
</td>
</tr>
<tr class="tag-test-status" status="fail">
<td><span class="badge log fail-bg">Fail</span></td>
<td>11:38:32 am</td>
<td>
<a href="#" class="linked" test-id='1' id='19'>Contact us</a>
<div class="">
<span class="badge badge-default">Contact us feature verification.Contact us</span>
</div>
</td>
</tr>
<tr class="tag-test-status" status="fail">
<td><span class="badge log fail-bg">Fail</span></td>
<td>11:38:41 am</td>
<td>
<a href="#" class="linked" test-id='1' id='35'>Contact us</a>
<div class="">
<span class="badge badge-default">Contact us feature verification.Contact us</span>
</div>
</td>
</tr>
<tr class="tag-test-status" status="fail">
<td><span class="badge log fail-bg">Fail</span></td>
<td>11:38:48 am</td>
<td>
<a href="#" class="linked" test-id='1' id='51'>Contact us</a>
<div class="">
<span class="badge badge-default">Contact us feature verification.Contact us</span>
</div>
</td>
</tr>
<tr class="tag-test-status" status="fail">
<td><span class="badge log fail-bg">Fail</span></td>
<td>11:38:56 am</td>
<td>
<a href="#" class="linked" test-id='1' id='67'>Contact us</a>
<div class="">
<span class="badge badge-default">Contact us feature verification.Contact us</span>
</div>
</td>
</tr>
<tr class="tag-test-status" status="fail">
<td><span class="badge log fail-bg">Fail</span></td>
<td>11:39:03 am</td>
<td>
<a href="#" class="linked" test-id='1' id='83'>Contact us</a>
<div class="">
<span class="badge badge-default">Contact us feature verification.Contact us</span>
</div>
</td>
</tr>
<tr class="tag-test-status" status="fail">
<td><span class="badge log fail-bg">Fail</span></td>
<td>11:39:09 am</td>
<td>
<a href="#" class="linked" test-id='1' id='99'>Contact us</a>
<div class="">
<span class="badge badge-default">Contact us feature verification.Contact us</span>
</div>
</td>
</tr>
</tbody>
</table>
</div>
</li>
<li class="test-item">
<div class="test-detail">
<span class="meta">
<span class='badge log badge-danger'>7</span>
</span>
<p class="name">@Contactus</p>
<p class="duration text-sm">7 tests</p>
</div>
<div class="test-contents d-none">
<div class="info">
<h4>@Contactus</h4>
<span status="fail" class='badge log badge-danger'>7 failed</span>
</div>
<table class='table table-sm mt-4'>
<thead>
<tr>
<th class="status-col">Status</th>
<th class="timestamp-col">Timestamp</th>
<th>TestName</th>
</tr>
</thead>
<tbody>
<tr class="tag-test-status" status="fail">
<td><span class="badge log fail-bg">Fail</span></td>
<td>11:38:23 am</td>
<td>
<a href="#" class="linked" test-id='1' id='3'>Contact us</a>
<div class="">
<span class="badge badge-default">Contact us feature verification.Contact us</span>
</div>
</td>
</tr>
<tr class="tag-test-status" status="fail">
<td><span class="badge log fail-bg">Fail</span></td>
<td>11:38:32 am</td>
<td>
<a href="#" class="linked" test-id='1' id='19'>Contact us</a>
<div class="">
<span class="badge badge-default">Contact us feature verification.Contact us</span>
</div>
</td>
</tr>
<tr class="tag-test-status" status="fail">
<td><span class="badge log fail-bg">Fail</span></td>
<td>11:38:41 am</td>
<td>
<a href="#" class="linked" test-id='1' id='35'>Contact us</a>
<div class="">
<span class="badge badge-default">Contact us feature verification.Contact us</span>
</div>
</td>
</tr>
<tr class="tag-test-status" status="fail">
<td><span class="badge log fail-bg">Fail</span></td>
<td>11:38:48 am</td>
<td>
<a href="#" class="linked" test-id='1' id='51'>Contact us</a>
<div class="">
<span class="badge badge-default">Contact us feature verification.Contact us</span>
</div>
</td>
</tr>
<tr class="tag-test-status" status="fail">
<td><span class="badge log fail-bg">Fail</span></td>
<td>11:38:56 am</td>
<td>
<a href="#" class="linked" test-id='1' id='67'>Contact us</a>
<div class="">
<span class="badge badge-default">Contact us feature verification.Contact us</span>
</div>
</td>
</tr>
<tr class="tag-test-status" status="fail">
<td><span class="badge log fail-bg">Fail</span></td>
<td>11:39:03 am</td>
<td>
<a href="#" class="linked" test-id='1' id='83'>Contact us</a>
<div class="">
<span class="badge badge-default">Contact us feature verification.Contact us</span>
</div>
</td>
</tr>
<tr class="tag-test-status" status="fail">
<td><span class="badge log fail-bg">Fail</span></td>
<td>11:39:09 am</td>
<td>
<a href="#" class="linked" test-id='1' id='99'>Contact us</a>
<div class="">
<span class="badge badge-default">Contact us feature verification.Contact us</span>
</div>
</td>
</tr>
</tbody>
</table>
</div>
</li>
</ul>
</div>
</div>
<div class="test-content scrollable">
<div class="test-content-detail">
<div class="detail-body"></div>
</div>
</div>
</div><div class="container-fluid p-4 view dashboard-view">
<div class="row">
<div class="col-md-3">
<div class="card"><div class="card-body">
<p class="m-b-0">Started</p>
<h3>Feb 19, 2024 11:38:22 am</h3>
</div></div>
</div>
<div class="col-md-3">
<div class="card"><div class="card-body">
<p class="m-b-0">Ended</p>
<h3>Feb 19, 2024 11:39:17 am</h3>
</div></div>
</div>
<div class="col-md-3">
<div class="card"><div class="card-body">
<p class="m-b-0 text-pass">Features Passed</p>
<h3>0</h3>
</div></div>
</div>
<div class="col-md-3">
<div class="card"><div class="card-body">
<p class="m-b-0 text-fail">Features Failed</p>
<h3>1</h3>
</div></div>
</div>
</div>
<div class="row">
<div class="col-md-4">
<div class="card">
<div class="card-header">
<h6 class="card-title">Features</h6>
</div>
<div class="card-body">
<div class="">
<canvas id='parent-analysis' width='115' height='90'></canvas>
</div>
</div>
<div class="card-footer">
<div><small data-tooltip='0%'>
<b>0</b> features passed
</small>
</div>
<div>
<small data-tooltip='100%'><b>1</b> features failed,
<b>0</b> skipped, <b data-tooltip='0%'>0</b> others
</small>
</div>
</div>
</div>
</div>
<div class="col-md-4">
<div class="card">
<div class="card-header">
<h6 class="card-title">Scenarios</h6>
</div>
<div class="card-body">
<div class="">
<canvas id='child-analysis' width='115' height='90'></canvas>
</div>
</div>
<div class="card-footer">
<div><small data-tooltip='0%'><b>0</b> scenarios passed</small></div>
<div>
<small data-tooltip='100%'><b>7</b> scenarios failed,
<b>0</b> skipped, <b data-tooltip='%'>0</b> others
</small>
</div>
</div>
</div>
</div>
<div class="col-md-4">
<div class="card">
<div class="card-header">
<h6 class="card-title">Steps</h6>
</div>
<div class="card-body">
<div class="">
<canvas id='grandchild-analysis' width='115' height='90'></canvas>
</div>
</div>
<div class="card-footer">
<div><small data-tooltip='64%'><b>63</b> steps passed</small></div>
<div>
<small data-tooltip='7%'><b>7</b> steps failed,
<b>28</b> skipped, <b data-tooltip='%'>0</b> others
</small>
</div>
</div>
</div>
</div>
</div>
<div class="row"><div class="col-md-12">
<div class="card"><div class="card-header"><p>Timeline</p></div>
<div class="card-body pt-0"><div>
<canvas id="timeline" height="120"></canvas>
</div></div>
</div>
</div></div>
<script>
var timeline = {
"Contact us feature verification":54.397
};
</script>
<div class="row">
<div class="col-lg-6 col-md-12 category-container">
<div class="card">
<div class="card-header"><p>Tags</p></div>
<div class="card-body pb-0 pt-0"><table class="table table-sm table-bordered">
<thead><tr class="bg-gray"><th>Name</th><th>Passed</th><th>Failed</th><th>Skipped</th><th>Others</th><th>Passed %</th></tr></thead><tbody>
<tr>
<td>@Contactusverify</td>
<td>0</td>
<td>7</td>
<td>0</td>
<td>0</td>
<td>0%</td>
</tr>
<tr>
<td>@Contactus</td>
<td>0</td>
<td>7</td>
<td>0</td>
<td>0</td>
<td>0%</td>
</tr>
</tbody>
</table></div>
</div>
</div>
<div class="col-lg-6 col-md-12 sysenv-container">
<div class="card">
<div class="card-header"><p>System/Environment</p></div>
<div class="card-body pb-0 pt-0"><table class="table table-sm table-bordered">
<thead><tr class="bg-gray"><th>Name</th><th>Value</th></tr></thead>
<tbody>
<tr>
<td>user</td>
<td>Mohammad Shahnawaz</td>
</tr>
<tr>
<td>version</td>
<td>10</td>
</tr>
<tr>
<td>build</td>
<td>1.0.1</td>
</tr>
<tr>
<td>type</td>
<td>Regression</td>
</tr>
<tr>
<td>os</td>
<td>windows</td>
</tr>
</tbody>
</table></div>
</div>
</div>
</div>
</div>
<script>
var statusGroup = {
parentCount: 5,
passParent: 0,
failParent: 1,
warningParent: 0,
skipParent: 0,
childCount: 5,
passChild: 0,
failChild: 7,
warningChild: 0,
skipChild: 0,
infoChild: 0,
grandChildCount: 5,
passGrandChild: 63,
failGrandChild: 7,
warningGrandChild: 0,
skipGrandChild: 28,
infoGrandChild: 0,
eventsCount: 5,
};
</script>        </div>
      </div>
    </div>
  </div>
<script src="https://cdn.jsdelivr.net/gh/extent-framework/extent-github-cdn@ce8b10435bcbae260c334c0d0c6b61d2c19b6168/spark/js/spark-script.js"></script>
<script type="text/javascript"></script></body>
</html>